<?xml version="1.0" encoding="UTF-8"?>
<testsuites name="Run all test cases" time="1047.822" tests="41" failures="0" errors="0">
   <testsuite name="Run all test cases" tests="41" failures="0" errors="0" time="1047.822" skipped="0" timestamp="2021-05-28 06:05:54" hostname="NgocTin - DESKTOP-55NS62S.mshome.net" id="Test Suites/Run all test cases">
      <properties>
         <property name="deviceName" value=""/>
         <property name="devicePlatform" value=""/>
         <property name="logFolder" value="D:\\graduating-project\\advanced-subject-in-technology-software\\katalon\\Reports\\20210528_060539\\Run all test cases\\20210528_060540"/>
         <property name="logFiles" value="D:\\graduating-project\\advanced-subject-in-technology-software\\katalon\\Reports\\20210528_060539\\Run all test cases\\20210528_060540\\execution0.log"/>
         <property name="attachments" value=""/>
         <property name="hostName" value="NgocTin - DESKTOP-55NS62S.mshome.net"/>
         <property name="os" value="Windows 10 64bit"/>
         <property name="katalonVersion" value="8.0.0.208"/>
         <property name="browser" value="Chrome 90.0.4430.212"/>
         <property name="hostAddress" value="192.168.48.1"/>
         <property name="sessionId" value="be64672e35c071fbf46513f5a19d7419"/>
         <property name="seleniumVersion" value="3.141.59"/>
         <property name="proxyInformation" value="ProxyInformation { proxyOption=NO_PROXY, proxyServerType=HTTP, username=, password=********, proxyServerAddress=, proxyServerPort=0, executionList=&quot;&quot;, isApplyToDesiredCapabilities=true }"/>
         <property name="platform" value="Windows 10"/>
      </properties>
      <testcase name="Test Cases/Chat" time="120.622" classname="Test Cases/Chat" status="PASSED">
         <system-out><![CDATA[2021-05-28 06:05:55 - [TEST_CASE][PASSED] - Test Cases/Chat: Test Cases/Chat

2021-05-28 06:05:55 - [TEST_STEP][PASSED] - openBrowser(""): Browser is opened with url: ''

2021-05-28 06:05:55 - [MESSAGE][INFO] - Starting 'Chrome' driver

2021-05-28 06:05:55 - [MESSAGE][INFO] - Action delay is set to 0 milliseconds

2021-05-28 06:05:58 - [MESSAGE][PASSED] - Browser is opened with url: ''

2021-05-28 06:05:58 - [TEST_STEP][PASSED] - navigateToUrl("https://cdnc-group2.herokuapp.com/"): Navigate to 'https://cdnc-group2.herokuapp.com/' successfully

2021-05-28 06:06:02 - [MESSAGE][PASSED] - Navigate to 'https://cdnc-group2.herokuapp.com/' successfully

2021-05-28 06:06:02 - [TEST_STEP][PASSED] - setText(findTestObject("Object Repository/Chat_Mattermose_OR/Page_Mattermost/input_All team communication in one place, _dcc84b"), "ngoctin040999@gmail.com"): Text 'ngoctin040999@gmail.com' is set on object 'Object Repository/Chat_Mattermose_OR/Page_Mattermost/input_All team communication in one place, _dcc84b'

2021-05-28 06:06:06 - [MESSAGE][PASSED] - Text 'ngoctin040999@gmail.com' is set on object 'Object Repository/Chat_Mattermose_OR/Page_Mattermost/input_All team communication in one place, _dcc84b'

2021-05-28 06:06:06 - [TEST_STEP][PASSED] - setEncryptedText(findTestObject("Object Repository/Chat_Mattermose_OR/Page_Mattermost/input_All team communication in one place, _a3edc6"), "S8w1SJvl7D1hts9IdMV+NQ=="): Text ****** has been set on object 'Object Repository/Chat_Mattermose_OR/Page_Mattermost/input_All team communication in one place, _a3edc6'

2021-05-28 06:06:07 - [MESSAGE][PASSED] - Text ****** has been set on object 'Object Repository/Chat_Mattermose_OR/Page_Mattermost/input_All team communication in one place, _a3edc6'

2021-05-28 06:06:07 - [TEST_STEP][PASSED] - sendKeys(findTestObject("Object Repository/Chat_Mattermose_OR/Page_Mattermost/input_All team communication in one place, _a3edc6"), Keys.chord(ENTER)): Keys 'ENTER + ' sent to object: 'Object Repository/Chat_Mattermose_OR/Page_Mattermost/input_All team communication in one place, _a3edc6'

2021-05-28 06:06:07 - [MESSAGE][PASSED] - Keys 'ENTER + ' sent to object: 'Object Repository/Chat_Mattermose_OR/Page_Mattermost/input_All team communication in one place, _a3edc6'

2021-05-28 06:06:07 - [TEST_STEP][PASSED] - click(findTestObject("Object Repository/Chat_Mattermose_OR/Page_Town Square - TOKEN Mattermost/span_Test 77777")): Object: 'Object Repository/Chat_Mattermose_OR/Page_Town Square - TOKEN Mattermost/span_Test 77777' is clicked on

2021-05-28 06:06:39 - [MESSAGE][INFO] - Unable to find the element located by 'By.xpath: //a[@id='sidebarItem_test-77777']/span[2]/span'. Please recheck the objects properties to make sure the desired element is located. 

2021-05-28 06:06:39 - [MESSAGE][WARNING] - [SELF-HEALING] Failed to find element with id 'Object Repository/Chat_Mattermose_OR/Page_Town Square - TOKEN Mattermost/span_Test 77777'. Try using Self-healing.

2021-05-28 06:06:40 - [MESSAGE][INFO] - Unable to find the element located by 'By.xpath: //*/text()[normalize-space(.)='Test 77777']/parent::*'. Please recheck the objects properties to make sure the desired element is located. 

2021-05-28 06:06:40 - [MESSAGE][WARNING] - [SELF-HEALING] The current locator of test object 'Object Repository/Chat_Mattermose_OR/Page_Town Square - TOKEN Mattermost/span_Test 77777' was broken. Propose an alternative one: '(.//*[normalize-space(text()) and normalize-space(.)='Test 111223'])[1]/preceding::span[2]'.

2021-05-28 06:06:40 - [MESSAGE][PASSED] - Object: 'Object Repository/Chat_Mattermose_OR/Page_Town Square - TOKEN Mattermost/span_Test 77777' is clicked on

2021-05-28 06:06:40 - [TEST_STEP][PASSED] - data = chatMessagePackage.ChatMessageDataTest.findChatTestMessage("DataTest\ChatMessageDataTest.csv"): chatMessagePackage.ChatMessageDataTest.findChatTestMessage is PASSED

2021-05-28 06:06:40 - [MESSAGE][PASSED] - chatMessagePackage.ChatMessageDataTest.findChatTestMessage is PASSED

2021-05-28 06:06:40 - [TEST_STEP][PASSED] - for ([rowNum = 0, rowNum < data.size(), (rowNum++)]): Keys 'ENTER + ' sent to object: 'Object Repository/Chat_Mattermose_OR/Page_Test 77777 - TOKEN Mattermost/textarea_1'

2021-05-28 06:06:40 - [TEST_STEP][PASSED] - setText(findTestObject("Object Repository/Chat_Mattermose_OR/Page_Test 77777 - TOKEN Mattermost/textarea_1"), data.get(rowNum)): Text 'Message' is set on object 'Object Repository/Chat_Mattermose_OR/Page_Test 77777 - TOKEN Mattermost/textarea_1'

2021-05-28 06:06:42 - [MESSAGE][PASSED] - Text 'Message' is set on object 'Object Repository/Chat_Mattermose_OR/Page_Test 77777 - TOKEN Mattermost/textarea_1'

2021-05-28 06:06:42 - [TEST_STEP][PASSED] - sendKeys(findTestObject("Object Repository/Chat_Mattermose_OR/Page_Test 77777 - TOKEN Mattermost/textarea_1"), Keys.chord(ENTER)): Keys 'ENTER + ' sent to object: 'Object Repository/Chat_Mattermose_OR/Page_Test 77777 - TOKEN Mattermost/textarea_1'

2021-05-28 06:06:43 - [MESSAGE][PASSED] - Keys 'ENTER + ' sent to object: 'Object Repository/Chat_Mattermose_OR/Page_Test 77777 - TOKEN Mattermost/textarea_1'

2021-05-28 06:06:43 - [TEST_STEP][PASSED] - setText(findTestObject("Object Repository/Chat_Mattermose_OR/Page_Test 77777 - TOKEN Mattermost/textarea_1"), data.get(rowNum)): Text 'Test message 1' is set on object 'Object Repository/Chat_Mattermose_OR/Page_Test 77777 - TOKEN Mattermost/textarea_1'

2021-05-28 06:06:45 - [MESSAGE][PASSED] - Text 'Test message 1' is set on object 'Object Repository/Chat_Mattermose_OR/Page_Test 77777 - TOKEN Mattermost/textarea_1'

2021-05-28 06:06:45 - [TEST_STEP][PASSED] - sendKeys(findTestObject("Object Repository/Chat_Mattermose_OR/Page_Test 77777 - TOKEN Mattermost/textarea_1"), Keys.chord(ENTER)): Keys 'ENTER + ' sent to object: 'Object Repository/Chat_Mattermose_OR/Page_Test 77777 - TOKEN Mattermost/textarea_1'

2021-05-28 06:06:45 - [MESSAGE][PASSED] - Keys 'ENTER + ' sent to object: 'Object Repository/Chat_Mattermose_OR/Page_Test 77777 - TOKEN Mattermost/textarea_1'

2021-05-28 06:06:45 - [TEST_STEP][PASSED] - setText(findTestObject("Object Repository/Chat_Mattermose_OR/Page_Test 77777 - TOKEN Mattermost/textarea_1"), data.get(rowNum)): Text 'Test message 2' is set on object 'Object Repository/Chat_Mattermose_OR/Page_Test 77777 - TOKEN Mattermost/textarea_1'

2021-05-28 06:06:48 - [MESSAGE][PASSED] - Text 'Test message 2' is set on object 'Object Repository/Chat_Mattermose_OR/Page_Test 77777 - TOKEN Mattermost/textarea_1'

2021-05-28 06:06:48 - [TEST_STEP][PASSED] - sendKeys(findTestObject("Object Repository/Chat_Mattermose_OR/Page_Test 77777 - TOKEN Mattermost/textarea_1"), Keys.chord(ENTER)): Keys 'ENTER + ' sent to object: 'Object Repository/Chat_Mattermose_OR/Page_Test 77777 - TOKEN Mattermost/textarea_1'

2021-05-28 06:06:49 - [MESSAGE][PASSED] - Keys 'ENTER + ' sent to object: 'Object Repository/Chat_Mattermose_OR/Page_Test 77777 - TOKEN Mattermost/textarea_1'

2021-05-28 06:06:49 - [TEST_STEP][PASSED] - setText(findTestObject("Object Repository/Chat_Mattermose_OR/Page_Test 77777 - TOKEN Mattermost/textarea_1"), data.get(rowNum)): Text 'Test message 3' is set on object 'Object Repository/Chat_Mattermose_OR/Page_Test 77777 - TOKEN Mattermost/textarea_1'

2021-05-28 06:06:50 - [MESSAGE][PASSED] - Text 'Test message 3' is set on object 'Object Repository/Chat_Mattermose_OR/Page_Test 77777 - TOKEN Mattermost/textarea_1'

2021-05-28 06:06:50 - [TEST_STEP][PASSED] - sendKeys(findTestObject("Object Repository/Chat_Mattermose_OR/Page_Test 77777 - TOKEN Mattermost/textarea_1"), Keys.chord(ENTER)): Keys 'ENTER + ' sent to object: 'Object Repository/Chat_Mattermose_OR/Page_Test 77777 - TOKEN Mattermost/textarea_1'

2021-05-28 06:06:51 - [MESSAGE][PASSED] - Keys 'ENTER + ' sent to object: 'Object Repository/Chat_Mattermose_OR/Page_Test 77777 - TOKEN Mattermost/textarea_1'

2021-05-28 06:06:51 - [TEST_STEP][PASSED] - setText(findTestObject("Object Repository/Chat_Mattermose_OR/Page_Test 77777 - TOKEN Mattermost/textarea_1"), data.get(rowNum)): Text 'Test message 4' is set on object 'Object Repository/Chat_Mattermose_OR/Page_Test 77777 - TOKEN Mattermost/textarea_1'

2021-05-28 06:06:52 - [MESSAGE][PASSED] - Text 'Test message 4' is set on object 'Object Repository/Chat_Mattermose_OR/Page_Test 77777 - TOKEN Mattermost/textarea_1'

2021-05-28 06:06:52 - [TEST_STEP][PASSED] - sendKeys(findTestObject("Object Repository/Chat_Mattermose_OR/Page_Test 77777 - TOKEN Mattermost/textarea_1"), Keys.chord(ENTER)): Keys 'ENTER + ' sent to object: 'Object Repository/Chat_Mattermose_OR/Page_Test 77777 - TOKEN Mattermost/textarea_1'

2021-05-28 06:06:53 - [MESSAGE][PASSED] - Keys 'ENTER + ' sent to object: 'Object Repository/Chat_Mattermose_OR/Page_Test 77777 - TOKEN Mattermost/textarea_1'

2021-05-28 06:06:53 - [TEST_STEP][PASSED] - setText(findTestObject("Object Repository/Chat_Mattermose_OR/Page_Test 77777 - TOKEN Mattermost/textarea_1"), data.get(rowNum)): Text 'Test message 5' is set on object 'Object Repository/Chat_Mattermose_OR/Page_Test 77777 - TOKEN Mattermost/textarea_1'

2021-05-28 06:06:54 - [MESSAGE][PASSED] - Text 'Test message 5' is set on object 'Object Repository/Chat_Mattermose_OR/Page_Test 77777 - TOKEN Mattermost/textarea_1'

2021-05-28 06:06:54 - [TEST_STEP][PASSED] - sendKeys(findTestObject("Object Repository/Chat_Mattermose_OR/Page_Test 77777 - TOKEN Mattermost/textarea_1"), Keys.chord(ENTER)): Keys 'ENTER + ' sent to object: 'Object Repository/Chat_Mattermose_OR/Page_Test 77777 - TOKEN Mattermost/textarea_1'

2021-05-28 06:06:55 - [MESSAGE][PASSED] - Keys 'ENTER + ' sent to object: 'Object Repository/Chat_Mattermose_OR/Page_Test 77777 - TOKEN Mattermost/textarea_1'

2021-05-28 06:06:55 - [TEST_STEP][PASSED] - setText(findTestObject("Object Repository/Chat_Mattermose_OR/Page_Test 77777 - TOKEN Mattermost/textarea_1"), data.get(rowNum)): Text 'Test message 6' is set on object 'Object Repository/Chat_Mattermose_OR/Page_Test 77777 - TOKEN Mattermost/textarea_1'

2021-05-28 06:06:56 - [MESSAGE][PASSED] - Text 'Test message 6' is set on object 'Object Repository/Chat_Mattermose_OR/Page_Test 77777 - TOKEN Mattermost/textarea_1'

2021-05-28 06:06:56 - [TEST_STEP][PASSED] - sendKeys(findTestObject("Object Repository/Chat_Mattermose_OR/Page_Test 77777 - TOKEN Mattermost/textarea_1"), Keys.chord(ENTER)): Keys 'ENTER + ' sent to object: 'Object Repository/Chat_Mattermose_OR/Page_Test 77777 - TOKEN Mattermost/textarea_1'

2021-05-28 06:06:57 - [MESSAGE][PASSED] - Keys 'ENTER + ' sent to object: 'Object Repository/Chat_Mattermose_OR/Page_Test 77777 - TOKEN Mattermost/textarea_1'

2021-05-28 06:06:57 - [TEST_STEP][PASSED] - setText(findTestObject("Object Repository/Chat_Mattermose_OR/Page_Test 77777 - TOKEN Mattermost/textarea_1"), data.get(rowNum)): Text 'Test message 7' is set on object 'Object Repository/Chat_Mattermose_OR/Page_Test 77777 - TOKEN Mattermost/textarea_1'

2021-05-28 06:06:58 - [MESSAGE][PASSED] - Text 'Test message 7' is set on object 'Object Repository/Chat_Mattermose_OR/Page_Test 77777 - TOKEN Mattermost/textarea_1'

2021-05-28 06:06:58 - [TEST_STEP][PASSED] - sendKeys(findTestObject("Object Repository/Chat_Mattermose_OR/Page_Test 77777 - TOKEN Mattermost/textarea_1"), Keys.chord(ENTER)): Keys 'ENTER + ' sent to object: 'Object Repository/Chat_Mattermose_OR/Page_Test 77777 - TOKEN Mattermost/textarea_1'

2021-05-28 06:06:59 - [MESSAGE][PASSED] - Keys 'ENTER + ' sent to object: 'Object Repository/Chat_Mattermose_OR/Page_Test 77777 - TOKEN Mattermost/textarea_1'

2021-05-28 06:06:59 - [TEST_STEP][PASSED] - setText(findTestObject("Object Repository/Chat_Mattermose_OR/Page_Test 77777 - TOKEN Mattermost/textarea_1"), data.get(rowNum)): Text 'Test message 8' is set on object 'Object Repository/Chat_Mattermose_OR/Page_Test 77777 - TOKEN Mattermost/textarea_1'

2021-05-28 06:07:00 - [MESSAGE][PASSED] - Text 'Test message 8' is set on object 'Object Repository/Chat_Mattermose_OR/Page_Test 77777 - TOKEN Mattermost/textarea_1'

2021-05-28 06:07:00 - [TEST_STEP][PASSED] - sendKeys(findTestObject("Object Repository/Chat_Mattermose_OR/Page_Test 77777 - TOKEN Mattermost/textarea_1"), Keys.chord(ENTER)): Keys 'ENTER + ' sent to object: 'Object Repository/Chat_Mattermose_OR/Page_Test 77777 - TOKEN Mattermost/textarea_1'

2021-05-28 06:07:01 - [MESSAGE][PASSED] - Keys 'ENTER + ' sent to object: 'Object Repository/Chat_Mattermose_OR/Page_Test 77777 - TOKEN Mattermost/textarea_1'

2021-05-28 06:07:01 - [TEST_STEP][PASSED] - setText(findTestObject("Object Repository/Chat_Mattermose_OR/Page_Test 77777 - TOKEN Mattermost/textarea_1"), data.get(rowNum)): Text 'Test message 9' is set on object 'Object Repository/Chat_Mattermose_OR/Page_Test 77777 - TOKEN Mattermost/textarea_1'

2021-05-28 06:07:02 - [MESSAGE][PASSED] - Text 'Test message 9' is set on object 'Object Repository/Chat_Mattermose_OR/Page_Test 77777 - TOKEN Mattermost/textarea_1'

2021-05-28 06:07:02 - [TEST_STEP][PASSED] - sendKeys(findTestObject("Object Repository/Chat_Mattermose_OR/Page_Test 77777 - TOKEN Mattermost/textarea_1"), Keys.chord(ENTER)): Keys 'ENTER + ' sent to object: 'Object Repository/Chat_Mattermose_OR/Page_Test 77777 - TOKEN Mattermost/textarea_1'

2021-05-28 06:07:03 - [MESSAGE][PASSED] - Keys 'ENTER + ' sent to object: 'Object Repository/Chat_Mattermose_OR/Page_Test 77777 - TOKEN Mattermost/textarea_1'

2021-05-28 06:07:03 - [TEST_STEP][PASSED] - setText(findTestObject("Object Repository/Chat_Mattermose_OR/Page_Test 77777 - TOKEN Mattermost/textarea_1"), data.get(rowNum)): Text 'Test message 10' is set on object 'Object Repository/Chat_Mattermose_OR/Page_Test 77777 - TOKEN Mattermost/textarea_1'

2021-05-28 06:07:04 - [MESSAGE][PASSED] - Text 'Test message 10' is set on object 'Object Repository/Chat_Mattermose_OR/Page_Test 77777 - TOKEN Mattermost/textarea_1'

2021-05-28 06:07:04 - [TEST_STEP][PASSED] - sendKeys(findTestObject("Object Repository/Chat_Mattermose_OR/Page_Test 77777 - TOKEN Mattermost/textarea_1"), Keys.chord(ENTER)): Keys 'ENTER + ' sent to object: 'Object Repository/Chat_Mattermose_OR/Page_Test 77777 - TOKEN Mattermost/textarea_1'

2021-05-28 06:07:05 - [MESSAGE][PASSED] - Keys 'ENTER + ' sent to object: 'Object Repository/Chat_Mattermose_OR/Page_Test 77777 - TOKEN Mattermost/textarea_1'

2021-05-28 06:07:05 - [TEST_STEP][PASSED] - setText(findTestObject("Object Repository/Chat_Mattermose_OR/Page_Test 77777 - TOKEN Mattermost/textarea_1"), data.get(rowNum)): Text 'Test message 11' is set on object 'Object Repository/Chat_Mattermose_OR/Page_Test 77777 - TOKEN Mattermost/textarea_1'

2021-05-28 06:07:06 - [MESSAGE][PASSED] - Text 'Test message 11' is set on object 'Object Repository/Chat_Mattermose_OR/Page_Test 77777 - TOKEN Mattermost/textarea_1'

2021-05-28 06:07:06 - [TEST_STEP][PASSED] - sendKeys(findTestObject("Object Repository/Chat_Mattermose_OR/Page_Test 77777 - TOKEN Mattermost/textarea_1"), Keys.chord(ENTER)): Keys 'ENTER + ' sent to object: 'Object Repository/Chat_Mattermose_OR/Page_Test 77777 - TOKEN Mattermost/textarea_1'

2021-05-28 06:07:07 - [MESSAGE][PASSED] - Keys 'ENTER + ' sent to object: 'Object Repository/Chat_Mattermose_OR/Page_Test 77777 - TOKEN Mattermost/textarea_1'

2021-05-28 06:07:07 - [TEST_STEP][PASSED] - setText(findTestObject("Object Repository/Chat_Mattermose_OR/Page_Test 77777 - TOKEN Mattermost/textarea_1"), data.get(rowNum)): Text 'Test message 12' is set on object 'Object Repository/Chat_Mattermose_OR/Page_Test 77777 - TOKEN Mattermost/textarea_1'

2021-05-28 06:07:08 - [MESSAGE][PASSED] - Text 'Test message 12' is set on object 'Object Repository/Chat_Mattermose_OR/Page_Test 77777 - TOKEN Mattermost/textarea_1'

2021-05-28 06:07:08 - [TEST_STEP][PASSED] - sendKeys(findTestObject("Object Repository/Chat_Mattermose_OR/Page_Test 77777 - TOKEN Mattermost/textarea_1"), Keys.chord(ENTER)): Keys 'ENTER + ' sent to object: 'Object Repository/Chat_Mattermose_OR/Page_Test 77777 - TOKEN Mattermost/textarea_1'

2021-05-28 06:07:09 - [MESSAGE][PASSED] - Keys 'ENTER + ' sent to object: 'Object Repository/Chat_Mattermose_OR/Page_Test 77777 - TOKEN Mattermost/textarea_1'

2021-05-28 06:07:09 - [TEST_STEP][PASSED] - setText(findTestObject("Object Repository/Chat_Mattermose_OR/Page_Test 77777 - TOKEN Mattermost/textarea_1"), data.get(rowNum)): Text 'Test message 13' is set on object 'Object Repository/Chat_Mattermose_OR/Page_Test 77777 - TOKEN Mattermost/textarea_1'

2021-05-28 06:07:10 - [MESSAGE][PASSED] - Text 'Test message 13' is set on object 'Object Repository/Chat_Mattermose_OR/Page_Test 77777 - TOKEN Mattermost/textarea_1'

2021-05-28 06:07:10 - [TEST_STEP][PASSED] - sendKeys(findTestObject("Object Repository/Chat_Mattermose_OR/Page_Test 77777 - TOKEN Mattermost/textarea_1"), Keys.chord(ENTER)): Keys 'ENTER + ' sent to object: 'Object Repository/Chat_Mattermose_OR/Page_Test 77777 - TOKEN Mattermost/textarea_1'

2021-05-28 06:07:11 - [MESSAGE][PASSED] - Keys 'ENTER + ' sent to object: 'Object Repository/Chat_Mattermose_OR/Page_Test 77777 - TOKEN Mattermost/textarea_1'

2021-05-28 06:07:11 - [TEST_STEP][PASSED] - setText(findTestObject("Object Repository/Chat_Mattermose_OR/Page_Test 77777 - TOKEN Mattermost/textarea_1"), data.get(rowNum)): Text 'Test message 14' is set on object 'Object Repository/Chat_Mattermose_OR/Page_Test 77777 - TOKEN Mattermost/textarea_1'

2021-05-28 06:07:13 - [MESSAGE][PASSED] - Text 'Test message 14' is set on object 'Object Repository/Chat_Mattermose_OR/Page_Test 77777 - TOKEN Mattermost/textarea_1'

2021-05-28 06:07:13 - [TEST_STEP][PASSED] - sendKeys(findTestObject("Object Repository/Chat_Mattermose_OR/Page_Test 77777 - TOKEN Mattermost/textarea_1"), Keys.chord(ENTER)): Keys 'ENTER + ' sent to object: 'Object Repository/Chat_Mattermose_OR/Page_Test 77777 - TOKEN Mattermost/textarea_1'

2021-05-28 06:07:13 - [MESSAGE][PASSED] - Keys 'ENTER + ' sent to object: 'Object Repository/Chat_Mattermose_OR/Page_Test 77777 - TOKEN Mattermost/textarea_1'

2021-05-28 06:07:13 - [TEST_STEP][PASSED] - setText(findTestObject("Object Repository/Chat_Mattermose_OR/Page_Test 77777 - TOKEN Mattermost/textarea_1"), data.get(rowNum)): Text 'Test message 15' is set on object 'Object Repository/Chat_Mattermose_OR/Page_Test 77777 - TOKEN Mattermost/textarea_1'

2021-05-28 06:07:15 - [MESSAGE][PASSED] - Text 'Test message 15' is set on object 'Object Repository/Chat_Mattermose_OR/Page_Test 77777 - TOKEN Mattermost/textarea_1'

2021-05-28 06:07:15 - [TEST_STEP][PASSED] - sendKeys(findTestObject("Object Repository/Chat_Mattermose_OR/Page_Test 77777 - TOKEN Mattermost/textarea_1"), Keys.chord(ENTER)): Keys 'ENTER + ' sent to object: 'Object Repository/Chat_Mattermose_OR/Page_Test 77777 - TOKEN Mattermost/textarea_1'

2021-05-28 06:07:16 - [MESSAGE][PASSED] - Keys 'ENTER + ' sent to object: 'Object Repository/Chat_Mattermose_OR/Page_Test 77777 - TOKEN Mattermost/textarea_1'

2021-05-28 06:07:16 - [TEST_STEP][PASSED] - setText(findTestObject("Object Repository/Chat_Mattermose_OR/Page_Test 77777 - TOKEN Mattermost/textarea_1"), data.get(rowNum)): Text 'Test message 16' is set on object 'Object Repository/Chat_Mattermose_OR/Page_Test 77777 - TOKEN Mattermost/textarea_1'

2021-05-28 06:07:17 - [MESSAGE][PASSED] - Text 'Test message 16' is set on object 'Object Repository/Chat_Mattermose_OR/Page_Test 77777 - TOKEN Mattermost/textarea_1'

2021-05-28 06:07:17 - [TEST_STEP][PASSED] - sendKeys(findTestObject("Object Repository/Chat_Mattermose_OR/Page_Test 77777 - TOKEN Mattermost/textarea_1"), Keys.chord(ENTER)): Keys 'ENTER + ' sent to object: 'Object Repository/Chat_Mattermose_OR/Page_Test 77777 - TOKEN Mattermost/textarea_1'

2021-05-28 06:07:18 - [MESSAGE][PASSED] - Keys 'ENTER + ' sent to object: 'Object Repository/Chat_Mattermose_OR/Page_Test 77777 - TOKEN Mattermost/textarea_1'

2021-05-28 06:07:18 - [TEST_STEP][PASSED] - setText(findTestObject("Object Repository/Chat_Mattermose_OR/Page_Test 77777 - TOKEN Mattermost/textarea_1"), data.get(rowNum)): Text 'Test message 17' is set on object 'Object Repository/Chat_Mattermose_OR/Page_Test 77777 - TOKEN Mattermost/textarea_1'

2021-05-28 06:07:19 - [MESSAGE][PASSED] - Text 'Test message 17' is set on object 'Object Repository/Chat_Mattermose_OR/Page_Test 77777 - TOKEN Mattermost/textarea_1'

2021-05-28 06:07:19 - [TEST_STEP][PASSED] - sendKeys(findTestObject("Object Repository/Chat_Mattermose_OR/Page_Test 77777 - TOKEN Mattermost/textarea_1"), Keys.chord(ENTER)): Keys 'ENTER + ' sent to object: 'Object Repository/Chat_Mattermose_OR/Page_Test 77777 - TOKEN Mattermost/textarea_1'

2021-05-28 06:07:20 - [MESSAGE][PASSED] - Keys 'ENTER + ' sent to object: 'Object Repository/Chat_Mattermose_OR/Page_Test 77777 - TOKEN Mattermost/textarea_1'

2021-05-28 06:07:20 - [TEST_STEP][PASSED] - setText(findTestObject("Object Repository/Chat_Mattermose_OR/Page_Test 77777 - TOKEN Mattermost/textarea_1"), data.get(rowNum)): Text 'Test message 18' is set on object 'Object Repository/Chat_Mattermose_OR/Page_Test 77777 - TOKEN Mattermost/textarea_1'

2021-05-28 06:07:22 - [MESSAGE][PASSED] - Text 'Test message 18' is set on object 'Object Repository/Chat_Mattermose_OR/Page_Test 77777 - TOKEN Mattermost/textarea_1'

2021-05-28 06:07:22 - [TEST_STEP][PASSED] - sendKeys(findTestObject("Object Repository/Chat_Mattermose_OR/Page_Test 77777 - TOKEN Mattermost/textarea_1"), Keys.chord(ENTER)): Keys 'ENTER + ' sent to object: 'Object Repository/Chat_Mattermose_OR/Page_Test 77777 - TOKEN Mattermost/textarea_1'

2021-05-28 06:07:22 - [MESSAGE][PASSED] - Keys 'ENTER + ' sent to object: 'Object Repository/Chat_Mattermose_OR/Page_Test 77777 - TOKEN Mattermost/textarea_1'

2021-05-28 06:07:22 - [TEST_STEP][PASSED] - setText(findTestObject("Object Repository/Chat_Mattermose_OR/Page_Test 77777 - TOKEN Mattermost/textarea_1"), data.get(rowNum)): Text 'Test message 19' is set on object 'Object Repository/Chat_Mattermose_OR/Page_Test 77777 - TOKEN Mattermost/textarea_1'

2021-05-28 06:07:24 - [MESSAGE][PASSED] - Text 'Test message 19' is set on object 'Object Repository/Chat_Mattermose_OR/Page_Test 77777 - TOKEN Mattermost/textarea_1'

2021-05-28 06:07:24 - [TEST_STEP][PASSED] - sendKeys(findTestObject("Object Repository/Chat_Mattermose_OR/Page_Test 77777 - TOKEN Mattermost/textarea_1"), Keys.chord(ENTER)): Keys 'ENTER + ' sent to object: 'Object Repository/Chat_Mattermose_OR/Page_Test 77777 - TOKEN Mattermost/textarea_1'

2021-05-28 06:07:24 - [MESSAGE][PASSED] - Keys 'ENTER + ' sent to object: 'Object Repository/Chat_Mattermose_OR/Page_Test 77777 - TOKEN Mattermost/textarea_1'

2021-05-28 06:07:24 - [TEST_STEP][PASSED] - setText(findTestObject("Object Repository/Chat_Mattermose_OR/Page_Test 77777 - TOKEN Mattermost/textarea_1"), data.get(rowNum)): Text 'Test message 20' is set on object 'Object Repository/Chat_Mattermose_OR/Page_Test 77777 - TOKEN Mattermost/textarea_1'

2021-05-28 06:07:26 - [MESSAGE][PASSED] - Text 'Test message 20' is set on object 'Object Repository/Chat_Mattermose_OR/Page_Test 77777 - TOKEN Mattermost/textarea_1'

2021-05-28 06:07:26 - [TEST_STEP][PASSED] - sendKeys(findTestObject("Object Repository/Chat_Mattermose_OR/Page_Test 77777 - TOKEN Mattermost/textarea_1"), Keys.chord(ENTER)): Keys 'ENTER + ' sent to object: 'Object Repository/Chat_Mattermose_OR/Page_Test 77777 - TOKEN Mattermost/textarea_1'

2021-05-28 06:07:27 - [MESSAGE][PASSED] - Keys 'ENTER + ' sent to object: 'Object Repository/Chat_Mattermose_OR/Page_Test 77777 - TOKEN Mattermost/textarea_1'

2021-05-28 06:07:27 - [TEST_STEP][PASSED] - setText(findTestObject("Object Repository/Chat_Mattermose_OR/Page_Test 77777 - TOKEN Mattermost/textarea_1"), data.get(rowNum)): Text 'Test message 21' is set on object 'Object Repository/Chat_Mattermose_OR/Page_Test 77777 - TOKEN Mattermost/textarea_1'

2021-05-28 06:07:28 - [MESSAGE][PASSED] - Text 'Test message 21' is set on object 'Object Repository/Chat_Mattermose_OR/Page_Test 77777 - TOKEN Mattermost/textarea_1'

2021-05-28 06:07:28 - [TEST_STEP][PASSED] - sendKeys(findTestObject("Object Repository/Chat_Mattermose_OR/Page_Test 77777 - TOKEN Mattermost/textarea_1"), Keys.chord(ENTER)): Keys 'ENTER + ' sent to object: 'Object Repository/Chat_Mattermose_OR/Page_Test 77777 - TOKEN Mattermost/textarea_1'

2021-05-28 06:07:29 - [MESSAGE][PASSED] - Keys 'ENTER + ' sent to object: 'Object Repository/Chat_Mattermose_OR/Page_Test 77777 - TOKEN Mattermost/textarea_1'

2021-05-28 06:07:29 - [TEST_STEP][PASSED] - setText(findTestObject("Object Repository/Chat_Mattermose_OR/Page_Test 77777 - TOKEN Mattermost/textarea_1"), data.get(rowNum)): Text 'Test message 22' is set on object 'Object Repository/Chat_Mattermose_OR/Page_Test 77777 - TOKEN Mattermost/textarea_1'

2021-05-28 06:07:30 - [MESSAGE][PASSED] - Text 'Test message 22' is set on object 'Object Repository/Chat_Mattermose_OR/Page_Test 77777 - TOKEN Mattermost/textarea_1'

2021-05-28 06:07:30 - [TEST_STEP][PASSED] - sendKeys(findTestObject("Object Repository/Chat_Mattermose_OR/Page_Test 77777 - TOKEN Mattermost/textarea_1"), Keys.chord(ENTER)): Keys 'ENTER + ' sent to object: 'Object Repository/Chat_Mattermose_OR/Page_Test 77777 - TOKEN Mattermost/textarea_1'

2021-05-28 06:07:31 - [MESSAGE][PASSED] - Keys 'ENTER + ' sent to object: 'Object Repository/Chat_Mattermose_OR/Page_Test 77777 - TOKEN Mattermost/textarea_1'

2021-05-28 06:07:31 - [TEST_STEP][PASSED] - setText(findTestObject("Object Repository/Chat_Mattermose_OR/Page_Test 77777 - TOKEN Mattermost/textarea_1"), data.get(rowNum)): Text 'Test message 23' is set on object 'Object Repository/Chat_Mattermose_OR/Page_Test 77777 - TOKEN Mattermost/textarea_1'

2021-05-28 06:07:32 - [MESSAGE][PASSED] - Text 'Test message 23' is set on object 'Object Repository/Chat_Mattermose_OR/Page_Test 77777 - TOKEN Mattermost/textarea_1'

2021-05-28 06:07:32 - [TEST_STEP][PASSED] - sendKeys(findTestObject("Object Repository/Chat_Mattermose_OR/Page_Test 77777 - TOKEN Mattermost/textarea_1"), Keys.chord(ENTER)): Keys 'ENTER + ' sent to object: 'Object Repository/Chat_Mattermose_OR/Page_Test 77777 - TOKEN Mattermost/textarea_1'

2021-05-28 06:07:33 - [MESSAGE][PASSED] - Keys 'ENTER + ' sent to object: 'Object Repository/Chat_Mattermose_OR/Page_Test 77777 - TOKEN Mattermost/textarea_1'

2021-05-28 06:07:33 - [TEST_STEP][PASSED] - setText(findTestObject("Object Repository/Chat_Mattermose_OR/Page_Test 77777 - TOKEN Mattermost/textarea_1"), data.get(rowNum)): Text 'Test message 24' is set on object 'Object Repository/Chat_Mattermose_OR/Page_Test 77777 - TOKEN Mattermost/textarea_1'

2021-05-28 06:07:35 - [MESSAGE][PASSED] - Text 'Test message 24' is set on object 'Object Repository/Chat_Mattermose_OR/Page_Test 77777 - TOKEN Mattermost/textarea_1'

2021-05-28 06:07:35 - [TEST_STEP][PASSED] - sendKeys(findTestObject("Object Repository/Chat_Mattermose_OR/Page_Test 77777 - TOKEN Mattermost/textarea_1"), Keys.chord(ENTER)): Keys 'ENTER + ' sent to object: 'Object Repository/Chat_Mattermose_OR/Page_Test 77777 - TOKEN Mattermost/textarea_1'

2021-05-28 06:07:35 - [MESSAGE][PASSED] - Keys 'ENTER + ' sent to object: 'Object Repository/Chat_Mattermose_OR/Page_Test 77777 - TOKEN Mattermost/textarea_1'

2021-05-28 06:07:35 - [TEST_STEP][PASSED] - setText(findTestObject("Object Repository/Chat_Mattermose_OR/Page_Test 77777 - TOKEN Mattermost/textarea_1"), data.get(rowNum)): Text 'Test message 25' is set on object 'Object Repository/Chat_Mattermose_OR/Page_Test 77777 - TOKEN Mattermost/textarea_1'

2021-05-28 06:07:37 - [MESSAGE][PASSED] - Text 'Test message 25' is set on object 'Object Repository/Chat_Mattermose_OR/Page_Test 77777 - TOKEN Mattermost/textarea_1'

2021-05-28 06:07:37 - [TEST_STEP][PASSED] - sendKeys(findTestObject("Object Repository/Chat_Mattermose_OR/Page_Test 77777 - TOKEN Mattermost/textarea_1"), Keys.chord(ENTER)): Keys 'ENTER + ' sent to object: 'Object Repository/Chat_Mattermose_OR/Page_Test 77777 - TOKEN Mattermost/textarea_1'

2021-05-28 06:07:37 - [MESSAGE][PASSED] - Keys 'ENTER + ' sent to object: 'Object Repository/Chat_Mattermose_OR/Page_Test 77777 - TOKEN Mattermost/textarea_1'

2021-05-28 06:07:37 - [TEST_STEP][PASSED] - setText(findTestObject("Object Repository/Chat_Mattermose_OR/Page_Test 77777 - TOKEN Mattermost/textarea_1"), data.get(rowNum)): Text 'Test message 26' is set on object 'Object Repository/Chat_Mattermose_OR/Page_Test 77777 - TOKEN Mattermost/textarea_1'

2021-05-28 06:07:39 - [MESSAGE][PASSED] - Text 'Test message 26' is set on object 'Object Repository/Chat_Mattermose_OR/Page_Test 77777 - TOKEN Mattermost/textarea_1'

2021-05-28 06:07:39 - [TEST_STEP][PASSED] - sendKeys(findTestObject("Object Repository/Chat_Mattermose_OR/Page_Test 77777 - TOKEN Mattermost/textarea_1"), Keys.chord(ENTER)): Keys 'ENTER + ' sent to object: 'Object Repository/Chat_Mattermose_OR/Page_Test 77777 - TOKEN Mattermost/textarea_1'

2021-05-28 06:07:39 - [MESSAGE][PASSED] - Keys 'ENTER + ' sent to object: 'Object Repository/Chat_Mattermose_OR/Page_Test 77777 - TOKEN Mattermost/textarea_1'

2021-05-28 06:07:39 - [TEST_STEP][PASSED] - setText(findTestObject("Object Repository/Chat_Mattermose_OR/Page_Test 77777 - TOKEN Mattermost/textarea_1"), data.get(rowNum)): Text 'Test message 27' is set on object 'Object Repository/Chat_Mattermose_OR/Page_Test 77777 - TOKEN Mattermost/textarea_1'

2021-05-28 06:07:41 - [MESSAGE][PASSED] - Text 'Test message 27' is set on object 'Object Repository/Chat_Mattermose_OR/Page_Test 77777 - TOKEN Mattermost/textarea_1'

2021-05-28 06:07:41 - [TEST_STEP][PASSED] - sendKeys(findTestObject("Object Repository/Chat_Mattermose_OR/Page_Test 77777 - TOKEN Mattermost/textarea_1"), Keys.chord(ENTER)): Keys 'ENTER + ' sent to object: 'Object Repository/Chat_Mattermose_OR/Page_Test 77777 - TOKEN Mattermost/textarea_1'

2021-05-28 06:07:42 - [MESSAGE][PASSED] - Keys 'ENTER + ' sent to object: 'Object Repository/Chat_Mattermose_OR/Page_Test 77777 - TOKEN Mattermost/textarea_1'

2021-05-28 06:07:42 - [TEST_STEP][PASSED] - setText(findTestObject("Object Repository/Chat_Mattermose_OR/Page_Test 77777 - TOKEN Mattermost/textarea_1"), data.get(rowNum)): Text 'Test message 28' is set on object 'Object Repository/Chat_Mattermose_OR/Page_Test 77777 - TOKEN Mattermost/textarea_1'

2021-05-28 06:07:43 - [MESSAGE][PASSED] - Text 'Test message 28' is set on object 'Object Repository/Chat_Mattermose_OR/Page_Test 77777 - TOKEN Mattermost/textarea_1'

2021-05-28 06:07:43 - [TEST_STEP][PASSED] - sendKeys(findTestObject("Object Repository/Chat_Mattermose_OR/Page_Test 77777 - TOKEN Mattermost/textarea_1"), Keys.chord(ENTER)): Keys 'ENTER + ' sent to object: 'Object Repository/Chat_Mattermose_OR/Page_Test 77777 - TOKEN Mattermost/textarea_1'

2021-05-28 06:07:44 - [MESSAGE][PASSED] - Keys 'ENTER + ' sent to object: 'Object Repository/Chat_Mattermose_OR/Page_Test 77777 - TOKEN Mattermost/textarea_1'

2021-05-28 06:07:44 - [TEST_STEP][PASSED] - setText(findTestObject("Object Repository/Chat_Mattermose_OR/Page_Test 77777 - TOKEN Mattermost/textarea_1"), data.get(rowNum)): Text 'Test message 29' is set on object 'Object Repository/Chat_Mattermose_OR/Page_Test 77777 - TOKEN Mattermost/textarea_1'

2021-05-28 06:07:45 - [MESSAGE][PASSED] - Text 'Test message 29' is set on object 'Object Repository/Chat_Mattermose_OR/Page_Test 77777 - TOKEN Mattermost/textarea_1'

2021-05-28 06:07:45 - [TEST_STEP][PASSED] - sendKeys(findTestObject("Object Repository/Chat_Mattermose_OR/Page_Test 77777 - TOKEN Mattermost/textarea_1"), Keys.chord(ENTER)): Keys 'ENTER + ' sent to object: 'Object Repository/Chat_Mattermose_OR/Page_Test 77777 - TOKEN Mattermost/textarea_1'

2021-05-28 06:07:46 - [MESSAGE][PASSED] - Keys 'ENTER + ' sent to object: 'Object Repository/Chat_Mattermose_OR/Page_Test 77777 - TOKEN Mattermost/textarea_1'

2021-05-28 06:07:46 - [TEST_STEP][PASSED] - setText(findTestObject("Object Repository/Chat_Mattermose_OR/Page_Test 77777 - TOKEN Mattermost/textarea_1"), data.get(rowNum)): Text 'Test message 30' is set on object 'Object Repository/Chat_Mattermose_OR/Page_Test 77777 - TOKEN Mattermost/textarea_1'

2021-05-28 06:07:48 - [MESSAGE][PASSED] - Text 'Test message 30' is set on object 'Object Repository/Chat_Mattermose_OR/Page_Test 77777 - TOKEN Mattermost/textarea_1'

2021-05-28 06:07:48 - [TEST_STEP][PASSED] - sendKeys(findTestObject("Object Repository/Chat_Mattermose_OR/Page_Test 77777 - TOKEN Mattermost/textarea_1"), Keys.chord(ENTER)): Keys 'ENTER + ' sent to object: 'Object Repository/Chat_Mattermose_OR/Page_Test 77777 - TOKEN Mattermost/textarea_1'

2021-05-28 06:07:48 - [MESSAGE][PASSED] - Keys 'ENTER + ' sent to object: 'Object Repository/Chat_Mattermose_OR/Page_Test 77777 - TOKEN Mattermost/textarea_1'

2021-05-28 06:07:48 - [TEST_STEP][PASSED] - setText(findTestObject("Object Repository/Chat_Mattermose_OR/Page_Test 77777 - TOKEN Mattermost/textarea_1"), data.get(rowNum)): Text 'Test message 31' is set on object 'Object Repository/Chat_Mattermose_OR/Page_Test 77777 - TOKEN Mattermost/textarea_1'

2021-05-28 06:07:50 - [MESSAGE][PASSED] - Text 'Test message 31' is set on object 'Object Repository/Chat_Mattermose_OR/Page_Test 77777 - TOKEN Mattermost/textarea_1'

2021-05-28 06:07:50 - [TEST_STEP][PASSED] - sendKeys(findTestObject("Object Repository/Chat_Mattermose_OR/Page_Test 77777 - TOKEN Mattermost/textarea_1"), Keys.chord(ENTER)): Keys 'ENTER + ' sent to object: 'Object Repository/Chat_Mattermose_OR/Page_Test 77777 - TOKEN Mattermost/textarea_1'

2021-05-28 06:07:50 - [MESSAGE][PASSED] - Keys 'ENTER + ' sent to object: 'Object Repository/Chat_Mattermose_OR/Page_Test 77777 - TOKEN Mattermost/textarea_1'

2021-05-28 06:07:50 - [TEST_STEP][PASSED] - setText(findTestObject("Object Repository/Chat_Mattermose_OR/Page_Test 77777 - TOKEN Mattermost/textarea_1"), data.get(rowNum)): Text 'Test message 32' is set on object 'Object Repository/Chat_Mattermose_OR/Page_Test 77777 - TOKEN Mattermost/textarea_1'

2021-05-28 06:07:52 - [MESSAGE][PASSED] - Text 'Test message 32' is set on object 'Object Repository/Chat_Mattermose_OR/Page_Test 77777 - TOKEN Mattermost/textarea_1'

2021-05-28 06:07:52 - [TEST_STEP][PASSED] - sendKeys(findTestObject("Object Repository/Chat_Mattermose_OR/Page_Test 77777 - TOKEN Mattermost/textarea_1"), Keys.chord(ENTER)): Keys 'ENTER + ' sent to object: 'Object Repository/Chat_Mattermose_OR/Page_Test 77777 - TOKEN Mattermost/textarea_1'

2021-05-28 06:07:52 - [MESSAGE][PASSED] - Keys 'ENTER + ' sent to object: 'Object Repository/Chat_Mattermose_OR/Page_Test 77777 - TOKEN Mattermost/textarea_1'

2021-05-28 06:07:52 - [TEST_STEP][PASSED] - setText(findTestObject("Object Repository/Chat_Mattermose_OR/Page_Test 77777 - TOKEN Mattermost/textarea_1"), data.get(rowNum)): Text 'Test message 33' is set on object 'Object Repository/Chat_Mattermose_OR/Page_Test 77777 - TOKEN Mattermost/textarea_1'

2021-05-28 06:07:54 - [MESSAGE][PASSED] - Text 'Test message 33' is set on object 'Object Repository/Chat_Mattermose_OR/Page_Test 77777 - TOKEN Mattermost/textarea_1'

2021-05-28 06:07:54 - [TEST_STEP][PASSED] - sendKeys(findTestObject("Object Repository/Chat_Mattermose_OR/Page_Test 77777 - TOKEN Mattermost/textarea_1"), Keys.chord(ENTER)): Keys 'ENTER + ' sent to object: 'Object Repository/Chat_Mattermose_OR/Page_Test 77777 - TOKEN Mattermost/textarea_1'

2021-05-28 06:07:55 - [MESSAGE][PASSED] - Keys 'ENTER + ' sent to object: 'Object Repository/Chat_Mattermose_OR/Page_Test 77777 - TOKEN Mattermost/textarea_1'

2021-05-28 06:07:55 - [TEST_STEP][PASSED] - closeBrowser(): Browser is closed

2021-05-28 06:07:55 - [MESSAGE][PASSED] - Browser is closed]]></system-out>
         <system-err><![CDATA[]]></system-err>
      </testcase>
      <testcase name="Test Cases/ForgetPassword" time="14.409" classname="Test Cases/ForgetPassword" status="PASSED">
         <system-out><![CDATA[2021-05-28 06:07:55 - [TEST_CASE][PASSED] - Test Cases/ForgetPassword: Test Cases/ForgetPassword

2021-05-28 06:07:56 - [TEST_STEP][PASSED] - openBrowser(""): Browser is opened with url: ''

2021-05-28 06:07:56 - [MESSAGE][INFO] - Starting 'Chrome' driver

2021-05-28 06:07:56 - [MESSAGE][INFO] - Action delay is set to 0 milliseconds

2021-05-28 06:07:57 - [MESSAGE][PASSED] - Browser is opened with url: ''

2021-05-28 06:07:57 - [TEST_STEP][PASSED] - navigateToUrl("https://cdnc-group2.herokuapp.com/"): Navigate to 'https://cdnc-group2.herokuapp.com/' successfully

2021-05-28 06:08:01 - [MESSAGE][PASSED] - Navigate to 'https://cdnc-group2.herokuapp.com/' successfully

2021-05-28 06:08:01 - [TEST_STEP][PASSED] - click(findTestObject("Object Repository/ForgetPassword_Mattermost_OR/span_I forgot my password")): Object: 'Object Repository/ForgetPassword_Mattermost_OR/span_I forgot my password' is clicked on

2021-05-28 06:08:06 - [MESSAGE][PASSED] - Object: 'Object Repository/ForgetPassword_Mattermost_OR/span_I forgot my password' is clicked on

2021-05-28 06:08:06 - [TEST_STEP][PASSED] - setText(findTestObject("Object Repository/ForgetPassword_Mattermost_OR/input_To reset your password, enter the email address you used to sign up_email"), "ngoctin040999@gmail.com"): Text 'ngoctin040999@gmail.com' is set on object 'Object Repository/ForgetPassword_Mattermost_OR/input_To reset your password, enter the email address you used to sign up_email'

2021-05-28 06:08:07 - [MESSAGE][PASSED] - Text 'ngoctin040999@gmail.com' is set on object 'Object Repository/ForgetPassword_Mattermost_OR/input_To reset your password, enter the email address you used to sign up_email'

2021-05-28 06:08:07 - [TEST_STEP][PASSED] - click(findTestObject("Object Repository/ForgetPassword_Mattermost_OR/button_Reset my password")): Object: 'Object Repository/ForgetPassword_Mattermost_OR/button_Reset my password' is clicked on

2021-05-28 06:08:07 - [MESSAGE][PASSED] - Object: 'Object Repository/ForgetPassword_Mattermost_OR/button_Reset my password' is clicked on

2021-05-28 06:08:07 - [TEST_STEP][PASSED] - verifyElementPresent(findTestObject("Object Repository/ForgetPassword_Mattermost_OR/label_Failed to send password reset email successfully"), 1000): Object 'Object Repository/ForgetPassword_Mattermost_OR/label_Failed to send password reset email successfully' is present

2021-05-28 06:08:09 - [MESSAGE][PASSED] - Object 'Object Repository/ForgetPassword_Mattermost_OR/label_Failed to send password reset email successfully' is present

2021-05-28 06:08:09 - [TEST_STEP][PASSED] - closeBrowser(): Browser is closed

2021-05-28 06:08:10 - [MESSAGE][PASSED] - Browser is closed]]></system-out>
         <system-err><![CDATA[]]></system-err>
      </testcase>
      <testcase name="Test Cases/ForgetPassword" time="13.444" classname="Test Cases/ForgetPassword" status="PASSED">
         <system-out><![CDATA[2021-05-28 06:08:10 - [TEST_CASE][PASSED] - Test Cases/ForgetPassword: Test Cases/ForgetPassword

2021-05-28 06:08:10 - [TEST_STEP][PASSED] - openBrowser(""): Browser is opened with url: ''

2021-05-28 06:08:10 - [MESSAGE][INFO] - Starting 'Chrome' driver

2021-05-28 06:08:10 - [MESSAGE][INFO] - Action delay is set to 0 milliseconds

2021-05-28 06:08:12 - [MESSAGE][PASSED] - Browser is opened with url: ''

2021-05-28 06:08:12 - [TEST_STEP][PASSED] - navigateToUrl("https://cdnc-group2.herokuapp.com/"): Navigate to 'https://cdnc-group2.herokuapp.com/' successfully

2021-05-28 06:08:15 - [MESSAGE][PASSED] - Navigate to 'https://cdnc-group2.herokuapp.com/' successfully

2021-05-28 06:08:15 - [TEST_STEP][PASSED] - click(findTestObject("Object Repository/ForgetPassword_Mattermost_OR/span_I forgot my password")): Object: 'Object Repository/ForgetPassword_Mattermost_OR/span_I forgot my password' is clicked on

2021-05-28 06:08:20 - [MESSAGE][PASSED] - Object: 'Object Repository/ForgetPassword_Mattermost_OR/span_I forgot my password' is clicked on

2021-05-28 06:08:20 - [TEST_STEP][PASSED] - setText(findTestObject("Object Repository/ForgetPassword_Mattermost_OR/input_To reset your password, enter the email address you used to sign up_email"), "ngoctin040999@gmail.com"): Text 'ngoctin040999@gmail.com' is set on object 'Object Repository/ForgetPassword_Mattermost_OR/input_To reset your password, enter the email address you used to sign up_email'

2021-05-28 06:08:21 - [MESSAGE][PASSED] - Text 'ngoctin040999@gmail.com' is set on object 'Object Repository/ForgetPassword_Mattermost_OR/input_To reset your password, enter the email address you used to sign up_email'

2021-05-28 06:08:21 - [TEST_STEP][PASSED] - click(findTestObject("Object Repository/ForgetPassword_Mattermost_OR/button_Reset my password")): Object: 'Object Repository/ForgetPassword_Mattermost_OR/button_Reset my password' is clicked on

2021-05-28 06:08:21 - [MESSAGE][PASSED] - Object: 'Object Repository/ForgetPassword_Mattermost_OR/button_Reset my password' is clicked on

2021-05-28 06:08:21 - [TEST_STEP][PASSED] - verifyElementPresent(findTestObject("Object Repository/ForgetPassword_Mattermost_OR/label_Failed to send password reset email successfully"), 1000): Object 'Object Repository/ForgetPassword_Mattermost_OR/label_Failed to send password reset email successfully' is present

2021-05-28 06:08:23 - [MESSAGE][PASSED] - Object 'Object Repository/ForgetPassword_Mattermost_OR/label_Failed to send password reset email successfully' is present

2021-05-28 06:08:23 - [TEST_STEP][PASSED] - closeBrowser(): Browser is closed

2021-05-28 06:08:23 - [MESSAGE][PASSED] - Browser is closed]]></system-out>
         <system-err><![CDATA[]]></system-err>
      </testcase>
      <testcase name="Test Cases/ForgetPassword" time="13.848" classname="Test Cases/ForgetPassword" status="PASSED">
         <system-out><![CDATA[2021-05-28 06:08:23 - [TEST_CASE][PASSED] - Test Cases/ForgetPassword: Test Cases/ForgetPassword

2021-05-28 06:08:23 - [TEST_STEP][PASSED] - openBrowser(""): Browser is opened with url: ''

2021-05-28 06:08:23 - [MESSAGE][INFO] - Starting 'Chrome' driver

2021-05-28 06:08:23 - [MESSAGE][INFO] - Action delay is set to 0 milliseconds

2021-05-28 06:08:25 - [MESSAGE][PASSED] - Browser is opened with url: ''

2021-05-28 06:08:25 - [TEST_STEP][PASSED] - navigateToUrl("https://cdnc-group2.herokuapp.com/"): Navigate to 'https://cdnc-group2.herokuapp.com/' successfully

2021-05-28 06:08:28 - [MESSAGE][PASSED] - Navigate to 'https://cdnc-group2.herokuapp.com/' successfully

2021-05-28 06:08:28 - [TEST_STEP][PASSED] - click(findTestObject("Object Repository/ForgetPassword_Mattermost_OR/span_I forgot my password")): Object: 'Object Repository/ForgetPassword_Mattermost_OR/span_I forgot my password' is clicked on

2021-05-28 06:08:33 - [MESSAGE][PASSED] - Object: 'Object Repository/ForgetPassword_Mattermost_OR/span_I forgot my password' is clicked on

2021-05-28 06:08:33 - [TEST_STEP][PASSED] - setText(findTestObject("Object Repository/ForgetPassword_Mattermost_OR/input_To reset your password, enter the email address you used to sign up_email"), "ngoctin040999@gmail.com"): Text 'ngoctin040999@gmail.com' is set on object 'Object Repository/ForgetPassword_Mattermost_OR/input_To reset your password, enter the email address you used to sign up_email'

2021-05-28 06:08:34 - [MESSAGE][PASSED] - Text 'ngoctin040999@gmail.com' is set on object 'Object Repository/ForgetPassword_Mattermost_OR/input_To reset your password, enter the email address you used to sign up_email'

2021-05-28 06:08:34 - [TEST_STEP][PASSED] - click(findTestObject("Object Repository/ForgetPassword_Mattermost_OR/button_Reset my password")): Object: 'Object Repository/ForgetPassword_Mattermost_OR/button_Reset my password' is clicked on

2021-05-28 06:08:35 - [MESSAGE][PASSED] - Object: 'Object Repository/ForgetPassword_Mattermost_OR/button_Reset my password' is clicked on

2021-05-28 06:08:35 - [TEST_STEP][PASSED] - verifyElementPresent(findTestObject("Object Repository/ForgetPassword_Mattermost_OR/label_Failed to send password reset email successfully"), 1000): Object 'Object Repository/ForgetPassword_Mattermost_OR/label_Failed to send password reset email successfully' is present

2021-05-28 06:08:36 - [MESSAGE][PASSED] - Object 'Object Repository/ForgetPassword_Mattermost_OR/label_Failed to send password reset email successfully' is present

2021-05-28 06:08:36 - [TEST_STEP][PASSED] - closeBrowser(): Browser is closed

2021-05-28 06:08:37 - [MESSAGE][PASSED] - Browser is closed]]></system-out>
         <system-err><![CDATA[]]></system-err>
      </testcase>
      <testcase name="Test Cases/ForgetPassword" time="13.09" classname="Test Cases/ForgetPassword" status="PASSED">
         <system-out><![CDATA[2021-05-28 06:08:37 - [TEST_CASE][PASSED] - Test Cases/ForgetPassword: Test Cases/ForgetPassword

2021-05-28 06:08:37 - [TEST_STEP][PASSED] - openBrowser(""): Browser is opened with url: ''

2021-05-28 06:08:37 - [MESSAGE][INFO] - Starting 'Chrome' driver

2021-05-28 06:08:37 - [MESSAGE][INFO] - Action delay is set to 0 milliseconds

2021-05-28 06:08:39 - [MESSAGE][PASSED] - Browser is opened with url: ''

2021-05-28 06:08:39 - [TEST_STEP][PASSED] - navigateToUrl("https://cdnc-group2.herokuapp.com/"): Navigate to 'https://cdnc-group2.herokuapp.com/' successfully

2021-05-28 06:08:42 - [MESSAGE][PASSED] - Navigate to 'https://cdnc-group2.herokuapp.com/' successfully

2021-05-28 06:08:42 - [TEST_STEP][PASSED] - click(findTestObject("Object Repository/ForgetPassword_Mattermost_OR/span_I forgot my password")): Object: 'Object Repository/ForgetPassword_Mattermost_OR/span_I forgot my password' is clicked on

2021-05-28 06:08:47 - [MESSAGE][PASSED] - Object: 'Object Repository/ForgetPassword_Mattermost_OR/span_I forgot my password' is clicked on

2021-05-28 06:08:47 - [TEST_STEP][PASSED] - setText(findTestObject("Object Repository/ForgetPassword_Mattermost_OR/input_To reset your password, enter the email address you used to sign up_email"), "ngoctin040999@gmail.com"): Text 'ngoctin040999@gmail.com' is set on object 'Object Repository/ForgetPassword_Mattermost_OR/input_To reset your password, enter the email address you used to sign up_email'

2021-05-28 06:08:48 - [MESSAGE][PASSED] - Text 'ngoctin040999@gmail.com' is set on object 'Object Repository/ForgetPassword_Mattermost_OR/input_To reset your password, enter the email address you used to sign up_email'

2021-05-28 06:08:48 - [TEST_STEP][PASSED] - click(findTestObject("Object Repository/ForgetPassword_Mattermost_OR/button_Reset my password")): Object: 'Object Repository/ForgetPassword_Mattermost_OR/button_Reset my password' is clicked on

2021-05-28 06:08:48 - [MESSAGE][PASSED] - Object: 'Object Repository/ForgetPassword_Mattermost_OR/button_Reset my password' is clicked on

2021-05-28 06:08:48 - [TEST_STEP][PASSED] - verifyElementPresent(findTestObject("Object Repository/ForgetPassword_Mattermost_OR/label_Failed to send password reset email successfully"), 1000): Object 'Object Repository/ForgetPassword_Mattermost_OR/label_Failed to send password reset email successfully' is present

2021-05-28 06:08:50 - [MESSAGE][PASSED] - Object 'Object Repository/ForgetPassword_Mattermost_OR/label_Failed to send password reset email successfully' is present

2021-05-28 06:08:50 - [TEST_STEP][PASSED] - closeBrowser(): Browser is closed

2021-05-28 06:08:50 - [MESSAGE][PASSED] - Browser is closed]]></system-out>
         <system-err><![CDATA[]]></system-err>
      </testcase>
      <testcase name="Test Cases/ForgetPassword" time="13.626" classname="Test Cases/ForgetPassword" status="PASSED">
         <system-out><![CDATA[2021-05-28 06:08:50 - [TEST_CASE][PASSED] - Test Cases/ForgetPassword: Test Cases/ForgetPassword

2021-05-28 06:08:50 - [TEST_STEP][PASSED] - openBrowser(""): Browser is opened with url: ''

2021-05-28 06:08:50 - [MESSAGE][INFO] - Starting 'Chrome' driver

2021-05-28 06:08:50 - [MESSAGE][INFO] - Action delay is set to 0 milliseconds

2021-05-28 06:08:52 - [MESSAGE][PASSED] - Browser is opened with url: ''

2021-05-28 06:08:52 - [TEST_STEP][PASSED] - navigateToUrl("https://cdnc-group2.herokuapp.com/"): Navigate to 'https://cdnc-group2.herokuapp.com/' successfully

2021-05-28 06:08:55 - [MESSAGE][PASSED] - Navigate to 'https://cdnc-group2.herokuapp.com/' successfully

2021-05-28 06:08:55 - [TEST_STEP][PASSED] - click(findTestObject("Object Repository/ForgetPassword_Mattermost_OR/span_I forgot my password")): Object: 'Object Repository/ForgetPassword_Mattermost_OR/span_I forgot my password' is clicked on

2021-05-28 06:09:00 - [MESSAGE][PASSED] - Object: 'Object Repository/ForgetPassword_Mattermost_OR/span_I forgot my password' is clicked on

2021-05-28 06:09:00 - [TEST_STEP][PASSED] - setText(findTestObject("Object Repository/ForgetPassword_Mattermost_OR/input_To reset your password, enter the email address you used to sign up_email"), "ngoctin040999@gmail.com"): Text 'ngoctin040999@gmail.com' is set on object 'Object Repository/ForgetPassword_Mattermost_OR/input_To reset your password, enter the email address you used to sign up_email'

2021-05-28 06:09:01 - [MESSAGE][PASSED] - Text 'ngoctin040999@gmail.com' is set on object 'Object Repository/ForgetPassword_Mattermost_OR/input_To reset your password, enter the email address you used to sign up_email'

2021-05-28 06:09:01 - [TEST_STEP][PASSED] - click(findTestObject("Object Repository/ForgetPassword_Mattermost_OR/button_Reset my password")): Object: 'Object Repository/ForgetPassword_Mattermost_OR/button_Reset my password' is clicked on

2021-05-28 06:09:01 - [MESSAGE][PASSED] - Object: 'Object Repository/ForgetPassword_Mattermost_OR/button_Reset my password' is clicked on

2021-05-28 06:09:01 - [TEST_STEP][PASSED] - verifyElementPresent(findTestObject("Object Repository/ForgetPassword_Mattermost_OR/label_Failed to send password reset email successfully"), 1000): Object 'Object Repository/ForgetPassword_Mattermost_OR/label_Failed to send password reset email successfully' is present

2021-05-28 06:09:03 - [MESSAGE][PASSED] - Object 'Object Repository/ForgetPassword_Mattermost_OR/label_Failed to send password reset email successfully' is present

2021-05-28 06:09:03 - [TEST_STEP][PASSED] - closeBrowser(): Browser is closed

2021-05-28 06:09:04 - [MESSAGE][PASSED] - Browser is closed]]></system-out>
         <system-err><![CDATA[]]></system-err>
      </testcase>
      <testcase name="Test Cases/ForgetPassword" time="13.102" classname="Test Cases/ForgetPassword" status="PASSED">
         <system-out><![CDATA[2021-05-28 06:09:04 - [TEST_CASE][PASSED] - Test Cases/ForgetPassword: Test Cases/ForgetPassword

2021-05-28 06:09:04 - [TEST_STEP][PASSED] - openBrowser(""): Browser is opened with url: ''

2021-05-28 06:09:04 - [MESSAGE][INFO] - Starting 'Chrome' driver

2021-05-28 06:09:04 - [MESSAGE][INFO] - Action delay is set to 0 milliseconds

2021-05-28 06:09:06 - [MESSAGE][PASSED] - Browser is opened with url: ''

2021-05-28 06:09:06 - [TEST_STEP][PASSED] - navigateToUrl("https://cdnc-group2.herokuapp.com/"): Navigate to 'https://cdnc-group2.herokuapp.com/' successfully

2021-05-28 06:09:09 - [MESSAGE][PASSED] - Navigate to 'https://cdnc-group2.herokuapp.com/' successfully

2021-05-28 06:09:09 - [TEST_STEP][PASSED] - click(findTestObject("Object Repository/ForgetPassword_Mattermost_OR/span_I forgot my password")): Object: 'Object Repository/ForgetPassword_Mattermost_OR/span_I forgot my password' is clicked on

2021-05-28 06:09:14 - [MESSAGE][PASSED] - Object: 'Object Repository/ForgetPassword_Mattermost_OR/span_I forgot my password' is clicked on

2021-05-28 06:09:14 - [TEST_STEP][PASSED] - setText(findTestObject("Object Repository/ForgetPassword_Mattermost_OR/input_To reset your password, enter the email address you used to sign up_email"), "ngoctin040999@gmail.com"): Text 'ngoctin040999@gmail.com' is set on object 'Object Repository/ForgetPassword_Mattermost_OR/input_To reset your password, enter the email address you used to sign up_email'

2021-05-28 06:09:15 - [MESSAGE][PASSED] - Text 'ngoctin040999@gmail.com' is set on object 'Object Repository/ForgetPassword_Mattermost_OR/input_To reset your password, enter the email address you used to sign up_email'

2021-05-28 06:09:15 - [TEST_STEP][PASSED] - click(findTestObject("Object Repository/ForgetPassword_Mattermost_OR/button_Reset my password")): Object: 'Object Repository/ForgetPassword_Mattermost_OR/button_Reset my password' is clicked on

2021-05-28 06:09:15 - [MESSAGE][PASSED] - Object: 'Object Repository/ForgetPassword_Mattermost_OR/button_Reset my password' is clicked on

2021-05-28 06:09:15 - [TEST_STEP][PASSED] - verifyElementPresent(findTestObject("Object Repository/ForgetPassword_Mattermost_OR/label_Failed to send password reset email successfully"), 1000): Object 'Object Repository/ForgetPassword_Mattermost_OR/label_Failed to send password reset email successfully' is present

2021-05-28 06:09:16 - [MESSAGE][PASSED] - Object 'Object Repository/ForgetPassword_Mattermost_OR/label_Failed to send password reset email successfully' is present

2021-05-28 06:09:16 - [TEST_STEP][PASSED] - closeBrowser(): Browser is closed

2021-05-28 06:09:17 - [MESSAGE][PASSED] - Browser is closed]]></system-out>
         <system-err><![CDATA[]]></system-err>
      </testcase>
      <testcase name="Test Cases/CreateRoom" time="21.501" classname="Test Cases/CreateRoom" status="PASSED">
         <system-out><![CDATA[2021-05-28 06:09:17 - [TEST_CASE][PASSED] - Test Cases/CreateRoom: Test Cases/CreateRoom

2021-05-28 06:09:18 - [TEST_STEP][PASSED] - openBrowser(""): Browser is opened with url: ''

2021-05-28 06:09:18 - [MESSAGE][INFO] - Starting 'Chrome' driver

2021-05-28 06:09:18 - [MESSAGE][INFO] - Action delay is set to 0 milliseconds

2021-05-28 06:09:19 - [MESSAGE][PASSED] - Browser is opened with url: ''

2021-05-28 06:09:19 - [TEST_STEP][PASSED] - navigateToUrl("https://cdnc-group2.herokuapp.com"): Navigate to 'https://cdnc-group2.herokuapp.com' successfully

2021-05-28 06:09:22 - [MESSAGE][PASSED] - Navigate to 'https://cdnc-group2.herokuapp.com' successfully

2021-05-28 06:09:22 - [TEST_STEP][PASSED] - setText(findTestObject("Object Repository/Login_Mattermost_OR/input_All team communication in one place, _dcc84b"), "ngoctin040999@gmail.com"): Text 'ngoctin040999@gmail.com' is set on object 'Object Repository/Login_Mattermost_OR/input_All team communication in one place, _dcc84b'

2021-05-28 06:09:27 - [MESSAGE][PASSED] - Text 'ngoctin040999@gmail.com' is set on object 'Object Repository/Login_Mattermost_OR/input_All team communication in one place, _dcc84b'

2021-05-28 06:09:27 - [TEST_STEP][PASSED] - setText(findTestObject("Object Repository/Login_Mattermost_OR/input_All team communication in one place, _a3edc6"), "ngoctin1"): Text 'ngoctin1' is set on object 'Object Repository/Login_Mattermost_OR/input_All team communication in one place, _a3edc6'

2021-05-28 06:09:28 - [MESSAGE][PASSED] - Text 'ngoctin1' is set on object 'Object Repository/Login_Mattermost_OR/input_All team communication in one place, _a3edc6'

2021-05-28 06:09:28 - [TEST_STEP][PASSED] - click(findTestObject("Object Repository/Login_Mattermost_OR/span_Sign in")): Object: 'Object Repository/Login_Mattermost_OR/span_Sign in' is clicked on

2021-05-28 06:09:29 - [MESSAGE][PASSED] - Object: 'Object Repository/Login_Mattermost_OR/span_Sign in' is clicked on

2021-05-28 06:09:29 - [TEST_STEP][PASSED] - click(findTestObject("CreateRoom_Mattermose_OR/span_")): Object: 'Object Repository/CreateRoom_Mattermose_OR/span_' is clicked on

2021-05-28 06:09:32 - [MESSAGE][PASSED] - Object: 'Object Repository/CreateRoom_Mattermose_OR/span_' is clicked on

2021-05-28 06:09:32 - [TEST_STEP][PASSED] - verifyElementPresent(findTestObject("CreateRoom_Mattermose_OR/span_New Channel"), 0): Object 'Object Repository/CreateRoom_Mattermose_OR/span_New Channel' is present

2021-05-28 06:09:32 - [MESSAGE][WARNING] - Timeout '0' is invalid. Using default page load timeout: '30'

2021-05-28 06:09:33 - [MESSAGE][PASSED] - Object 'Object Repository/CreateRoom_Mattermose_OR/span_New Channel' is present

2021-05-28 06:09:33 - [TEST_STEP][PASSED] - switch (Type): null

2021-05-28 06:09:33 - [TEST_STEP][PASSED] - case "Public":: null

2021-05-28 06:09:33 - [TEST_STEP][PASSED] - click(findTestObject("CreateRoom_Mattermose_OR/input_Type_channelType")): Object: 'Object Repository/CreateRoom_Mattermose_OR/input_Type_channelType' is clicked on

2021-05-28 06:09:33 - [MESSAGE][PASSED] - Object: 'Object Repository/CreateRoom_Mattermose_OR/input_Type_channelType' is clicked on

2021-05-28 06:09:33 - [TEST_STEP][PASSED] - break: null

2021-05-28 06:09:33 - [TEST_STEP][PASSED] - setText(findTestObject("CreateRoom_Mattermose_OR/input_Name_newChannelName"), ChannelName): Text 'Test 123' is set on object 'Object Repository/CreateRoom_Mattermose_OR/input_Name_newChannelName'

2021-05-28 06:09:34 - [MESSAGE][PASSED] - Text 'Test 123' is set on object 'Object Repository/CreateRoom_Mattermose_OR/input_Name_newChannelName'

2021-05-28 06:09:34 - [TEST_STEP][PASSED] - setText(findTestObject("CreateRoom_Mattermose_OR/textarea_(optional)_newChannelPurpose"), Purpose): Text 'Data test 1' is set on object 'Object Repository/CreateRoom_Mattermose_OR/textarea_(optional)_newChannelPurpose'

2021-05-28 06:09:36 - [MESSAGE][PASSED] - Text 'Data test 1' is set on object 'Object Repository/CreateRoom_Mattermose_OR/textarea_(optional)_newChannelPurpose'

2021-05-28 06:09:36 - [TEST_STEP][PASSED] - setText(findTestObject("CreateRoom_Mattermose_OR/textarea_(optional)_newChannelHeader"), Description): Text 'Test Description' is set on object 'Object Repository/CreateRoom_Mattermose_OR/textarea_(optional)_newChannelHeader'

2021-05-28 06:09:37 - [MESSAGE][PASSED] - Text 'Test Description' is set on object 'Object Repository/CreateRoom_Mattermose_OR/textarea_(optional)_newChannelHeader'

2021-05-28 06:09:37 - [TEST_STEP][PASSED] - click(findTestObject("CreateRoom_Mattermose_OR/button_Create Channel")): Object: 'Object Repository/CreateRoom_Mattermose_OR/button_Create Channel' is clicked on

2021-05-28 06:09:37 - [MESSAGE][PASSED] - Object: 'Object Repository/CreateRoom_Mattermose_OR/button_Create Channel' is clicked on

2021-05-28 06:09:37 - [TEST_STEP][PASSED] - if (verifyElementPresent(findTestObject("CreateRoom_Mattermose_OR/p_A channel with that name already exists on the same team"), 0, OPTIONAL)): null

2021-05-28 06:09:37 - [MESSAGE][WARNING] - Timeout '0' is invalid. Using default page load timeout: '30'

2021-05-28 06:09:38 - [MESSAGE][PASSED] - Object 'Object Repository/CreateRoom_Mattermose_OR/p_A channel with that name already exists on the same team' is present

2021-05-28 06:09:38 - [TEST_STEP][PASSED] - closeBrowser(): Browser is closed

2021-05-28 06:09:39 - [MESSAGE][PASSED] - Browser is closed]]></system-out>
         <system-err><![CDATA[]]></system-err>
      </testcase>
      <testcase name="Test Cases/CreateRoom" time="21.163" classname="Test Cases/CreateRoom" status="PASSED">
         <system-out><![CDATA[2021-05-28 06:09:39 - [TEST_CASE][PASSED] - Test Cases/CreateRoom: Test Cases/CreateRoom

2021-05-28 06:09:39 - [TEST_STEP][PASSED] - openBrowser(""): Browser is opened with url: ''

2021-05-28 06:09:39 - [MESSAGE][INFO] - Starting 'Chrome' driver

2021-05-28 06:09:39 - [MESSAGE][INFO] - Action delay is set to 0 milliseconds

2021-05-28 06:09:40 - [MESSAGE][PASSED] - Browser is opened with url: ''

2021-05-28 06:09:40 - [TEST_STEP][PASSED] - navigateToUrl("https://cdnc-group2.herokuapp.com"): Navigate to 'https://cdnc-group2.herokuapp.com' successfully

2021-05-28 06:09:44 - [MESSAGE][PASSED] - Navigate to 'https://cdnc-group2.herokuapp.com' successfully

2021-05-28 06:09:44 - [TEST_STEP][PASSED] - setText(findTestObject("Object Repository/Login_Mattermost_OR/input_All team communication in one place, _dcc84b"), "ngoctin040999@gmail.com"): Text 'ngoctin040999@gmail.com' is set on object 'Object Repository/Login_Mattermost_OR/input_All team communication in one place, _dcc84b'

2021-05-28 06:09:48 - [MESSAGE][PASSED] - Text 'ngoctin040999@gmail.com' is set on object 'Object Repository/Login_Mattermost_OR/input_All team communication in one place, _dcc84b'

2021-05-28 06:09:48 - [TEST_STEP][PASSED] - setText(findTestObject("Object Repository/Login_Mattermost_OR/input_All team communication in one place, _a3edc6"), "ngoctin1"): Text 'ngoctin1' is set on object 'Object Repository/Login_Mattermost_OR/input_All team communication in one place, _a3edc6'

2021-05-28 06:09:49 - [MESSAGE][PASSED] - Text 'ngoctin1' is set on object 'Object Repository/Login_Mattermost_OR/input_All team communication in one place, _a3edc6'

2021-05-28 06:09:49 - [TEST_STEP][PASSED] - click(findTestObject("Object Repository/Login_Mattermost_OR/span_Sign in")): Object: 'Object Repository/Login_Mattermost_OR/span_Sign in' is clicked on

2021-05-28 06:09:50 - [MESSAGE][PASSED] - Object: 'Object Repository/Login_Mattermost_OR/span_Sign in' is clicked on

2021-05-28 06:09:50 - [TEST_STEP][PASSED] - click(findTestObject("CreateRoom_Mattermose_OR/span_")): Object: 'Object Repository/CreateRoom_Mattermose_OR/span_' is clicked on

2021-05-28 06:09:53 - [MESSAGE][PASSED] - Object: 'Object Repository/CreateRoom_Mattermose_OR/span_' is clicked on

2021-05-28 06:09:53 - [TEST_STEP][PASSED] - verifyElementPresent(findTestObject("CreateRoom_Mattermose_OR/span_New Channel"), 0): Object 'Object Repository/CreateRoom_Mattermose_OR/span_New Channel' is present

2021-05-28 06:09:53 - [MESSAGE][WARNING] - Timeout '0' is invalid. Using default page load timeout: '30'

2021-05-28 06:09:54 - [MESSAGE][PASSED] - Object 'Object Repository/CreateRoom_Mattermose_OR/span_New Channel' is present

2021-05-28 06:09:54 - [TEST_STEP][PASSED] - switch (Type): null

2021-05-28 06:09:54 - [TEST_STEP][PASSED] - case "Private":: null

2021-05-28 06:09:54 - [TEST_STEP][PASSED] - click(findTestObject("CreateRoom_Mattermose_OR/input_- Anyone can join this channel_channelType")): Object: 'Object Repository/CreateRoom_Mattermose_OR/input_- Anyone can join this channel_channelType' is clicked on

2021-05-28 06:09:54 - [MESSAGE][PASSED] - Object: 'Object Repository/CreateRoom_Mattermose_OR/input_- Anyone can join this channel_channelType' is clicked on

2021-05-28 06:09:54 - [TEST_STEP][PASSED] - break: null

2021-05-28 06:09:54 - [TEST_STEP][PASSED] - setText(findTestObject("CreateRoom_Mattermose_OR/input_Name_newChannelName"), ChannelName): Text 'Test 456' is set on object 'Object Repository/CreateRoom_Mattermose_OR/input_Name_newChannelName'

2021-05-28 06:09:55 - [MESSAGE][PASSED] - Text 'Test 456' is set on object 'Object Repository/CreateRoom_Mattermose_OR/input_Name_newChannelName'

2021-05-28 06:09:55 - [TEST_STEP][PASSED] - setText(findTestObject("CreateRoom_Mattermose_OR/textarea_(optional)_newChannelPurpose"), Purpose): Text 'Data test 1' is set on object 'Object Repository/CreateRoom_Mattermose_OR/textarea_(optional)_newChannelPurpose'

2021-05-28 06:09:56 - [MESSAGE][PASSED] - Text 'Data test 1' is set on object 'Object Repository/CreateRoom_Mattermose_OR/textarea_(optional)_newChannelPurpose'

2021-05-28 06:09:56 - [TEST_STEP][PASSED] - setText(findTestObject("CreateRoom_Mattermose_OR/textarea_(optional)_newChannelHeader"), Description): Text 'Test Description' is set on object 'Object Repository/CreateRoom_Mattermose_OR/textarea_(optional)_newChannelHeader'

2021-05-28 06:09:57 - [MESSAGE][PASSED] - Text 'Test Description' is set on object 'Object Repository/CreateRoom_Mattermose_OR/textarea_(optional)_newChannelHeader'

2021-05-28 06:09:57 - [TEST_STEP][PASSED] - click(findTestObject("CreateRoom_Mattermose_OR/button_Create Channel")): Object: 'Object Repository/CreateRoom_Mattermose_OR/button_Create Channel' is clicked on

2021-05-28 06:09:58 - [MESSAGE][PASSED] - Object: 'Object Repository/CreateRoom_Mattermose_OR/button_Create Channel' is clicked on

2021-05-28 06:09:58 - [TEST_STEP][PASSED] - if (verifyElementPresent(findTestObject("CreateRoom_Mattermose_OR/p_A channel with that name already exists on the same team"), 0, OPTIONAL)): null

2021-05-28 06:09:58 - [MESSAGE][WARNING] - Timeout '0' is invalid. Using default page load timeout: '30'

2021-05-28 06:09:59 - [MESSAGE][PASSED] - Object 'Object Repository/CreateRoom_Mattermose_OR/p_A channel with that name already exists on the same team' is present

2021-05-28 06:09:59 - [TEST_STEP][PASSED] - closeBrowser(): Browser is closed

2021-05-28 06:10:00 - [MESSAGE][PASSED] - Browser is closed]]></system-out>
         <system-err><![CDATA[]]></system-err>
      </testcase>
      <testcase name="Test Cases/CreateRoom" time="20.07" classname="Test Cases/CreateRoom" status="PASSED">
         <system-out><![CDATA[2021-05-28 06:10:00 - [TEST_CASE][PASSED] - Test Cases/CreateRoom: Test Cases/CreateRoom

2021-05-28 06:10:00 - [TEST_STEP][PASSED] - openBrowser(""): Browser is opened with url: ''

2021-05-28 06:10:00 - [MESSAGE][INFO] - Starting 'Chrome' driver

2021-05-28 06:10:00 - [MESSAGE][INFO] - Action delay is set to 0 milliseconds

2021-05-28 06:10:02 - [MESSAGE][PASSED] - Browser is opened with url: ''

2021-05-28 06:10:02 - [TEST_STEP][PASSED] - navigateToUrl("https://cdnc-group2.herokuapp.com"): Navigate to 'https://cdnc-group2.herokuapp.com' successfully

2021-05-28 06:10:05 - [MESSAGE][PASSED] - Navigate to 'https://cdnc-group2.herokuapp.com' successfully

2021-05-28 06:10:05 - [TEST_STEP][PASSED] - setText(findTestObject("Object Repository/Login_Mattermost_OR/input_All team communication in one place, _dcc84b"), "ngoctin040999@gmail.com"): Text 'ngoctin040999@gmail.com' is set on object 'Object Repository/Login_Mattermost_OR/input_All team communication in one place, _dcc84b'

2021-05-28 06:10:10 - [MESSAGE][PASSED] - Text 'ngoctin040999@gmail.com' is set on object 'Object Repository/Login_Mattermost_OR/input_All team communication in one place, _dcc84b'

2021-05-28 06:10:10 - [TEST_STEP][PASSED] - setText(findTestObject("Object Repository/Login_Mattermost_OR/input_All team communication in one place, _a3edc6"), "ngoctin1"): Text 'ngoctin1' is set on object 'Object Repository/Login_Mattermost_OR/input_All team communication in one place, _a3edc6'

2021-05-28 06:10:11 - [MESSAGE][PASSED] - Text 'ngoctin1' is set on object 'Object Repository/Login_Mattermost_OR/input_All team communication in one place, _a3edc6'

2021-05-28 06:10:11 - [TEST_STEP][PASSED] - click(findTestObject("Object Repository/Login_Mattermost_OR/span_Sign in")): Object: 'Object Repository/Login_Mattermost_OR/span_Sign in' is clicked on

2021-05-28 06:10:11 - [MESSAGE][PASSED] - Object: 'Object Repository/Login_Mattermost_OR/span_Sign in' is clicked on

2021-05-28 06:10:11 - [TEST_STEP][PASSED] - click(findTestObject("CreateRoom_Mattermose_OR/span_")): Object: 'Object Repository/CreateRoom_Mattermose_OR/span_' is clicked on

2021-05-28 06:10:14 - [MESSAGE][PASSED] - Object: 'Object Repository/CreateRoom_Mattermose_OR/span_' is clicked on

2021-05-28 06:10:14 - [TEST_STEP][PASSED] - verifyElementPresent(findTestObject("CreateRoom_Mattermose_OR/span_New Channel"), 0): Object 'Object Repository/CreateRoom_Mattermose_OR/span_New Channel' is present

2021-05-28 06:10:14 - [MESSAGE][WARNING] - Timeout '0' is invalid. Using default page load timeout: '30'

2021-05-28 06:10:15 - [MESSAGE][PASSED] - Object 'Object Repository/CreateRoom_Mattermose_OR/span_New Channel' is present

2021-05-28 06:10:15 - [TEST_STEP][PASSED] - switch (Type): null

2021-05-28 06:10:15 - [TEST_STEP][PASSED] - case "Private":: null

2021-05-28 06:10:15 - [TEST_STEP][PASSED] - click(findTestObject("CreateRoom_Mattermose_OR/input_- Anyone can join this channel_channelType")): Object: 'Object Repository/CreateRoom_Mattermose_OR/input_- Anyone can join this channel_channelType' is clicked on

2021-05-28 06:10:15 - [MESSAGE][PASSED] - Object: 'Object Repository/CreateRoom_Mattermose_OR/input_- Anyone can join this channel_channelType' is clicked on

2021-05-28 06:10:15 - [TEST_STEP][PASSED] - break: null

2021-05-28 06:10:15 - [TEST_STEP][PASSED] - setText(findTestObject("CreateRoom_Mattermose_OR/input_Name_newChannelName"), ChannelName): Text 'Test 4474' is set on object 'Object Repository/CreateRoom_Mattermose_OR/input_Name_newChannelName'

2021-05-28 06:10:16 - [MESSAGE][PASSED] - Text 'Test 4474' is set on object 'Object Repository/CreateRoom_Mattermose_OR/input_Name_newChannelName'

2021-05-28 06:10:16 - [TEST_STEP][PASSED] - setText(findTestObject("CreateRoom_Mattermose_OR/textarea_(optional)_newChannelPurpose"), Purpose): Text 'Data test 1' is set on object 'Object Repository/CreateRoom_Mattermose_OR/textarea_(optional)_newChannelPurpose'

2021-05-28 06:10:17 - [MESSAGE][PASSED] - Text 'Data test 1' is set on object 'Object Repository/CreateRoom_Mattermose_OR/textarea_(optional)_newChannelPurpose'

2021-05-28 06:10:17 - [TEST_STEP][PASSED] - setText(findTestObject("CreateRoom_Mattermose_OR/textarea_(optional)_newChannelHeader"), Description): Text 'Test Description' is set on object 'Object Repository/CreateRoom_Mattermose_OR/textarea_(optional)_newChannelHeader'

2021-05-28 06:10:18 - [MESSAGE][PASSED] - Text 'Test Description' is set on object 'Object Repository/CreateRoom_Mattermose_OR/textarea_(optional)_newChannelHeader'

2021-05-28 06:10:18 - [TEST_STEP][PASSED] - click(findTestObject("CreateRoom_Mattermose_OR/button_Create Channel")): Object: 'Object Repository/CreateRoom_Mattermose_OR/button_Create Channel' is clicked on

2021-05-28 06:10:18 - [MESSAGE][PASSED] - Object: 'Object Repository/CreateRoom_Mattermose_OR/button_Create Channel' is clicked on

2021-05-28 06:10:18 - [TEST_STEP][PASSED] - if (verifyElementPresent(findTestObject("CreateRoom_Mattermose_OR/p_A channel with that name already exists on the same team"), 0, OPTIONAL)): null

2021-05-28 06:10:18 - [MESSAGE][WARNING] - Timeout '0' is invalid. Using default page load timeout: '30'

2021-05-28 06:10:19 - [MESSAGE][PASSED] - Object 'Object Repository/CreateRoom_Mattermose_OR/p_A channel with that name already exists on the same team' is present

2021-05-28 06:10:19 - [TEST_STEP][PASSED] - closeBrowser(): Browser is closed

2021-05-28 06:10:20 - [MESSAGE][PASSED] - Browser is closed]]></system-out>
         <system-err><![CDATA[]]></system-err>
      </testcase>
      <testcase name="Test Cases/CreateRoom" time="23.614" classname="Test Cases/CreateRoom" status="PASSED">
         <system-out><![CDATA[2021-05-28 06:10:20 - [TEST_CASE][PASSED] - Test Cases/CreateRoom: Test Cases/CreateRoom

2021-05-28 06:10:20 - [TEST_STEP][PASSED] - openBrowser(""): Browser is opened with url: ''

2021-05-28 06:10:20 - [MESSAGE][INFO] - Starting 'Chrome' driver

2021-05-28 06:10:20 - [MESSAGE][INFO] - Action delay is set to 0 milliseconds

2021-05-28 06:10:22 - [MESSAGE][PASSED] - Browser is opened with url: ''

2021-05-28 06:10:22 - [TEST_STEP][PASSED] - navigateToUrl("https://cdnc-group2.herokuapp.com"): Navigate to 'https://cdnc-group2.herokuapp.com' successfully

2021-05-28 06:10:26 - [MESSAGE][PASSED] - Navigate to 'https://cdnc-group2.herokuapp.com' successfully

2021-05-28 06:10:26 - [TEST_STEP][PASSED] - setText(findTestObject("Object Repository/Login_Mattermost_OR/input_All team communication in one place, _dcc84b"), "ngoctin040999@gmail.com"): Text 'ngoctin040999@gmail.com' is set on object 'Object Repository/Login_Mattermost_OR/input_All team communication in one place, _dcc84b'

2021-05-28 06:10:31 - [MESSAGE][PASSED] - Text 'ngoctin040999@gmail.com' is set on object 'Object Repository/Login_Mattermost_OR/input_All team communication in one place, _dcc84b'

2021-05-28 06:10:31 - [TEST_STEP][PASSED] - setText(findTestObject("Object Repository/Login_Mattermost_OR/input_All team communication in one place, _a3edc6"), "ngoctin1"): Text 'ngoctin1' is set on object 'Object Repository/Login_Mattermost_OR/input_All team communication in one place, _a3edc6'

2021-05-28 06:10:32 - [MESSAGE][PASSED] - Text 'ngoctin1' is set on object 'Object Repository/Login_Mattermost_OR/input_All team communication in one place, _a3edc6'

2021-05-28 06:10:32 - [TEST_STEP][PASSED] - click(findTestObject("Object Repository/Login_Mattermost_OR/span_Sign in")): Object: 'Object Repository/Login_Mattermost_OR/span_Sign in' is clicked on

2021-05-28 06:10:32 - [MESSAGE][PASSED] - Object: 'Object Repository/Login_Mattermost_OR/span_Sign in' is clicked on

2021-05-28 06:10:32 - [TEST_STEP][PASSED] - click(findTestObject("CreateRoom_Mattermose_OR/span_")): Object: 'Object Repository/CreateRoom_Mattermose_OR/span_' is clicked on

2021-05-28 06:10:36 - [MESSAGE][PASSED] - Object: 'Object Repository/CreateRoom_Mattermose_OR/span_' is clicked on

2021-05-28 06:10:36 - [TEST_STEP][PASSED] - verifyElementPresent(findTestObject("CreateRoom_Mattermose_OR/span_New Channel"), 0): Object 'Object Repository/CreateRoom_Mattermose_OR/span_New Channel' is present

2021-05-28 06:10:36 - [MESSAGE][WARNING] - Timeout '0' is invalid. Using default page load timeout: '30'

2021-05-28 06:10:37 - [MESSAGE][PASSED] - Object 'Object Repository/CreateRoom_Mattermose_OR/span_New Channel' is present

2021-05-28 06:10:37 - [TEST_STEP][PASSED] - switch (Type): null

2021-05-28 06:10:37 - [TEST_STEP][PASSED] - setText(findTestObject("CreateRoom_Mattermose_OR/input_Name_newChannelName"), ChannelName): Text 'Test 111223' is set on object 'Object Repository/CreateRoom_Mattermose_OR/input_Name_newChannelName'

2021-05-28 06:10:38 - [MESSAGE][PASSED] - Text 'Test 111223' is set on object 'Object Repository/CreateRoom_Mattermose_OR/input_Name_newChannelName'

2021-05-28 06:10:38 - [TEST_STEP][PASSED] - setText(findTestObject("CreateRoom_Mattermose_OR/textarea_(optional)_newChannelPurpose"), Purpose): Text 'Data test 2' is set on object 'Object Repository/CreateRoom_Mattermose_OR/textarea_(optional)_newChannelPurpose'

2021-05-28 06:10:39 - [MESSAGE][PASSED] - Text 'Data test 2' is set on object 'Object Repository/CreateRoom_Mattermose_OR/textarea_(optional)_newChannelPurpose'

2021-05-28 06:10:39 - [TEST_STEP][PASSED] - setText(findTestObject("CreateRoom_Mattermose_OR/textarea_(optional)_newChannelHeader"), Description): Text 'Test Description' is set on object 'Object Repository/CreateRoom_Mattermose_OR/textarea_(optional)_newChannelHeader'

2021-05-28 06:10:40 - [MESSAGE][PASSED] - Text 'Test Description' is set on object 'Object Repository/CreateRoom_Mattermose_OR/textarea_(optional)_newChannelHeader'

2021-05-28 06:10:40 - [TEST_STEP][PASSED] - click(findTestObject("CreateRoom_Mattermose_OR/button_Create Channel")): Object: 'Object Repository/CreateRoom_Mattermose_OR/button_Create Channel' is clicked on

2021-05-28 06:10:40 - [MESSAGE][PASSED] - Object: 'Object Repository/CreateRoom_Mattermose_OR/button_Create Channel' is clicked on

2021-05-28 06:10:40 - [TEST_STEP][PASSED] - if (verifyElementPresent(findTestObject("CreateRoom_Mattermose_OR/p_A channel with that name already exists on the same team"), 0, OPTIONAL)): null

2021-05-28 06:10:40 - [MESSAGE][WARNING] - Timeout '0' is invalid. Using default page load timeout: '30'

2021-05-28 06:10:43 - [MESSAGE][PASSED] - Object 'Object Repository/CreateRoom_Mattermose_OR/p_A channel with that name already exists on the same team' is present

2021-05-28 06:10:43 - [TEST_STEP][PASSED] - closeBrowser(): Browser is closed

2021-05-28 06:10:44 - [MESSAGE][PASSED] - Browser is closed]]></system-out>
         <system-err><![CDATA[]]></system-err>
      </testcase>
      <testcase name="Test Cases/CreateRoom" time="20.945" classname="Test Cases/CreateRoom" status="PASSED">
         <system-out><![CDATA[2021-05-28 06:10:44 - [TEST_CASE][PASSED] - Test Cases/CreateRoom: Test Cases/CreateRoom

2021-05-28 06:10:44 - [TEST_STEP][PASSED] - openBrowser(""): Browser is opened with url: ''

2021-05-28 06:10:44 - [MESSAGE][INFO] - Starting 'Chrome' driver

2021-05-28 06:10:44 - [MESSAGE][INFO] - Action delay is set to 0 milliseconds

2021-05-28 06:10:46 - [MESSAGE][PASSED] - Browser is opened with url: ''

2021-05-28 06:10:46 - [TEST_STEP][PASSED] - navigateToUrl("https://cdnc-group2.herokuapp.com"): Navigate to 'https://cdnc-group2.herokuapp.com' successfully

2021-05-28 06:10:50 - [MESSAGE][PASSED] - Navigate to 'https://cdnc-group2.herokuapp.com' successfully

2021-05-28 06:10:50 - [TEST_STEP][PASSED] - setText(findTestObject("Object Repository/Login_Mattermost_OR/input_All team communication in one place, _dcc84b"), "ngoctin040999@gmail.com"): Text 'ngoctin040999@gmail.com' is set on object 'Object Repository/Login_Mattermost_OR/input_All team communication in one place, _dcc84b'

2021-05-28 06:10:55 - [MESSAGE][PASSED] - Text 'ngoctin040999@gmail.com' is set on object 'Object Repository/Login_Mattermost_OR/input_All team communication in one place, _dcc84b'

2021-05-28 06:10:55 - [TEST_STEP][PASSED] - setText(findTestObject("Object Repository/Login_Mattermost_OR/input_All team communication in one place, _a3edc6"), "ngoctin1"): Text 'ngoctin1' is set on object 'Object Repository/Login_Mattermost_OR/input_All team communication in one place, _a3edc6'

2021-05-28 06:10:55 - [MESSAGE][PASSED] - Text 'ngoctin1' is set on object 'Object Repository/Login_Mattermost_OR/input_All team communication in one place, _a3edc6'

2021-05-28 06:10:55 - [TEST_STEP][PASSED] - click(findTestObject("Object Repository/Login_Mattermost_OR/span_Sign in")): Object: 'Object Repository/Login_Mattermost_OR/span_Sign in' is clicked on

2021-05-28 06:10:56 - [MESSAGE][PASSED] - Object: 'Object Repository/Login_Mattermost_OR/span_Sign in' is clicked on

2021-05-28 06:10:56 - [TEST_STEP][PASSED] - click(findTestObject("CreateRoom_Mattermose_OR/span_")): Object: 'Object Repository/CreateRoom_Mattermose_OR/span_' is clicked on

2021-05-28 06:10:59 - [MESSAGE][PASSED] - Object: 'Object Repository/CreateRoom_Mattermose_OR/span_' is clicked on

2021-05-28 06:10:59 - [TEST_STEP][PASSED] - verifyElementPresent(findTestObject("CreateRoom_Mattermose_OR/span_New Channel"), 0): Object 'Object Repository/CreateRoom_Mattermose_OR/span_New Channel' is present

2021-05-28 06:10:59 - [MESSAGE][WARNING] - Timeout '0' is invalid. Using default page load timeout: '30'

2021-05-28 06:11:00 - [MESSAGE][PASSED] - Object 'Object Repository/CreateRoom_Mattermose_OR/span_New Channel' is present

[...]

2021-05-28 06:21:47 - [TEST_STEP][PASSED] - click(findTestObject("Edit SideBar/button_Edit")): Object: 'Object Repository/Edit SideBar/button_Edit' is clicked on

2021-05-28 06:21:47 - [MESSAGE][PASSED] - Object: 'Object Repository/Edit SideBar/button_Edit' is clicked on

2021-05-28 06:21:47 - [TEST_STEP][PASSED] - click(findTestObject("Edit SideBar/input_Off")): Object: 'Object Repository/Edit SideBar/input_Off' is clicked on

2021-05-28 06:21:48 - [MESSAGE][PASSED] - Object: 'Object Repository/Edit SideBar/input_Off' is clicked on

2021-05-28 06:21:48 - [TEST_STEP][PASSED] - click(findTestObject("Edit SideBar/button_Save")): Object: 'Object Repository/Edit SideBar/button_Save' is clicked on

2021-05-28 06:21:48 - [MESSAGE][PASSED] - Object: 'Object Repository/Edit SideBar/button_Save' is clicked on

2021-05-28 06:21:48 - [TEST_STEP][PASSED] - delay(1): Delayed 1 second(s)

2021-05-28 06:21:49 - [MESSAGE][PASSED] - Delayed 1 second(s)

2021-05-28 06:21:49 - [TEST_STEP][PASSED] - click(findTestObject("Edit SideBar/button_Edit")): Object: 'Object Repository/Edit SideBar/button_Edit' is clicked on

2021-05-28 06:21:49 - [MESSAGE][PASSED] - Object: 'Object Repository/Edit SideBar/button_Edit' is clicked on

2021-05-28 06:21:49 - [TEST_STEP][PASSED] - click(findTestObject("Edit SideBar/input_On")): Object: 'Object Repository/Edit SideBar/input_On' is clicked on

2021-05-28 06:21:50 - [MESSAGE][PASSED] - Object: 'Object Repository/Edit SideBar/input_On' is clicked on

2021-05-28 06:21:50 - [TEST_STEP][PASSED] - click(findTestObject("Edit SideBar/button_Save")): Object: 'Object Repository/Edit SideBar/button_Save' is clicked on

2021-05-28 06:21:50 - [MESSAGE][PASSED] - Object: 'Object Repository/Edit SideBar/button_Save' is clicked on

2021-05-28 06:21:50 - [TEST_STEP][PASSED] - delay(1): Delayed 1 second(s)

2021-05-28 06:21:51 - [MESSAGE][PASSED] - Delayed 1 second(s)

2021-05-28 06:21:51 - [TEST_STEP][PASSED] - closeBrowser(): Browser is closed

2021-05-28 06:21:52 - [MESSAGE][PASSED] - Browser is closed]]></system-out>
         <system-err><![CDATA[]]></system-err>
      </testcase>
      <testcase name="Test Cases/EditTheme" time="27.356" classname="Test Cases/EditTheme" status="PASSED">
         <system-out><![CDATA[2021-05-28 06:21:52 - [TEST_CASE][PASSED] - Test Cases/EditTheme: Test Cases/EditTheme

2021-05-28 06:21:52 - [TEST_STEP][PASSED] - openBrowser("https://cdnc-group2.herokuapp.com/"): Browser is opened with url: 'https://cdnc-group2.herokuapp.com/'

2021-05-28 06:21:52 - [MESSAGE][INFO] - Starting 'Chrome' driver

2021-05-28 06:21:52 - [MESSAGE][INFO] - Action delay is set to 0 milliseconds

2021-05-28 06:21:58 - [MESSAGE][PASSED] - Browser is opened with url: 'https://cdnc-group2.herokuapp.com/'

2021-05-28 06:21:58 - [TEST_STEP][PASSED] - setText(findTestObject("Login/input_Email"), "ngoctin040999@gmail.com"): Text 'ngoctin040999@gmail.com' is set on object 'Object Repository/Login/input_Email'

2021-05-28 06:22:02 - [MESSAGE][PASSED] - Text 'ngoctin040999@gmail.com' is set on object 'Object Repository/Login/input_Email'

2021-05-28 06:22:02 - [TEST_STEP][PASSED] - setText(findTestObject("Login/input_Password"), "ngoctin1"): Text 'ngoctin1' is set on object 'Object Repository/Login/input_Password'

2021-05-28 06:22:03 - [MESSAGE][PASSED] - Text 'ngoctin1' is set on object 'Object Repository/Login/input_Password'

2021-05-28 06:22:03 - [TEST_STEP][PASSED] - click(findTestObject("Login/button_Sign in")): Object: 'Object Repository/Login/button_Sign in' is clicked on

2021-05-28 06:22:03 - [MESSAGE][PASSED] - Object: 'Object Repository/Login/button_Sign in' is clicked on

2021-05-28 06:22:03 - [TEST_STEP][PASSED] - delay(2): Delayed 2 second(s)

2021-05-28 06:22:05 - [MESSAGE][PASSED] - Delayed 2 second(s)

2021-05-28 06:22:05 - [TEST_STEP][PASSED] - click(findTestObject("UpdatePassword/button_Option")): Object: 'Object Repository/UpdatePassword/button_Option' is clicked on

2021-05-28 06:22:07 - [MESSAGE][PASSED] - Object: 'Object Repository/UpdatePassword/button_Option' is clicked on

2021-05-28 06:22:07 - [TEST_STEP][PASSED] - click(findTestObject("UpdatePassword/button_Account Settings")): Object: 'Object Repository/UpdatePassword/button_Account Settings' is clicked on

2021-05-28 06:22:07 - [MESSAGE][PASSED] - Object: 'Object Repository/UpdatePassword/button_Account Settings' is clicked on

2021-05-28 06:22:07 - [TEST_STEP][PASSED] - click(findTestObject("Edit Theme/button_Display")): Object: 'Object Repository/Edit Theme/button_Display' is clicked on

2021-05-28 06:22:08 - [MESSAGE][PASSED] - Object: 'Object Repository/Edit Theme/button_Display' is clicked on

2021-05-28 06:22:08 - [TEST_STEP][PASSED] - click(findTestObject("Edit Theme/button_Edit")): Object: 'Object Repository/Edit Theme/button_Edit' is clicked on

2021-05-28 06:22:09 - [MESSAGE][PASSED] - Object: 'Object Repository/Edit Theme/button_Edit' is clicked on

2021-05-28 06:22:09 - [TEST_STEP][PASSED] - click(findTestObject("Edit Theme/img_Mattermost Dark_img-responsive")): Object: 'Object Repository/Edit Theme/img_Mattermost Dark_img-responsive' is clicked on

2021-05-28 06:22:09 - [MESSAGE][PASSED] - Object: 'Object Repository/Edit Theme/img_Mattermost Dark_img-responsive' is clicked on

2021-05-28 06:22:09 - [TEST_STEP][PASSED] - click(findTestObject("Edit Theme/button_Save")): Object: 'Object Repository/Edit Theme/button_Save' is clicked on

2021-05-28 06:22:10 - [MESSAGE][PASSED] - Object: 'Object Repository/Edit Theme/button_Save' is clicked on

2021-05-28 06:22:10 - [TEST_STEP][PASSED] - delay(2): Delayed 2 second(s)

2021-05-28 06:22:12 - [MESSAGE][PASSED] - Delayed 2 second(s)

2021-05-28 06:22:12 - [TEST_STEP][PASSED] - click(findTestObject("Edit Theme/button_Edit")): Object: 'Object Repository/Edit Theme/button_Edit' is clicked on

2021-05-28 06:22:12 - [MESSAGE][PASSED] - Object: 'Object Repository/Edit Theme/button_Edit' is clicked on

2021-05-28 06:22:12 - [TEST_STEP][PASSED] - click(findTestObject("Edit Theme/img_Mattermost_img-responsive")): Object: 'Object Repository/Edit Theme/img_Mattermost_img-responsive' is clicked on

2021-05-28 06:22:13 - [MESSAGE][PASSED] - Object: 'Object Repository/Edit Theme/img_Mattermost_img-responsive' is clicked on

2021-05-28 06:22:13 - [TEST_STEP][PASSED] - click(findTestObject("Edit Theme/button_Save")): Object: 'Object Repository/Edit Theme/button_Save' is clicked on

2021-05-28 06:22:13 - [MESSAGE][PASSED] - Object: 'Object Repository/Edit Theme/button_Save' is clicked on

2021-05-28 06:22:13 - [TEST_STEP][PASSED] - delay(2): Delayed 2 second(s)

2021-05-28 06:22:15 - [MESSAGE][PASSED] - Delayed 2 second(s)

2021-05-28 06:22:15 - [TEST_STEP][PASSED] - click(findTestObject("Edit Theme/button_Edit")): Object: 'Object Repository/Edit Theme/button_Edit' is clicked on

2021-05-28 06:22:16 - [MESSAGE][PASSED] - Object: 'Object Repository/Edit Theme/button_Edit' is clicked on

2021-05-28 06:22:16 - [TEST_STEP][PASSED] - click(findTestObject("Edit Theme/img_Organization_img-responsive")): Object: 'Object Repository/Edit Theme/img_Organization_img-responsive' is clicked on

2021-05-28 06:22:16 - [MESSAGE][PASSED] - Object: 'Object Repository/Edit Theme/img_Organization_img-responsive' is clicked on

2021-05-28 06:22:16 - [TEST_STEP][PASSED] - click(findTestObject("Edit Theme/button_Save")): Object: 'Object Repository/Edit Theme/button_Save' is clicked on

2021-05-28 06:22:17 - [MESSAGE][PASSED] - Object: 'Object Repository/Edit Theme/button_Save' is clicked on

2021-05-28 06:22:17 - [TEST_STEP][PASSED] - delay(2): Delayed 2 second(s)

2021-05-28 06:22:19 - [MESSAGE][PASSED] - Delayed 2 second(s)

2021-05-28 06:22:19 - [TEST_STEP][PASSED] - closeBrowser(): Browser is closed

2021-05-28 06:22:19 - [MESSAGE][PASSED] - Browser is closed]]></system-out>
         <system-err><![CDATA[]]></system-err>
      </testcase>
      <testcase name="Test Cases/InviteMember" time="22.83" classname="Test Cases/InviteMember" status="PASSED">
         <system-out><![CDATA[2021-05-28 06:22:19 - [TEST_CASE][PASSED] - Test Cases/InviteMember: Test Cases/InviteMember

2021-05-28 06:22:20 - [TEST_STEP][PASSED] - openBrowser("https://cdnc-group2.herokuapp.com/"): Browser is opened with url: 'https://cdnc-group2.herokuapp.com/'

2021-05-28 06:22:20 - [MESSAGE][INFO] - Starting 'Chrome' driver

2021-05-28 06:22:20 - [MESSAGE][INFO] - Action delay is set to 0 milliseconds

2021-05-28 06:22:25 - [MESSAGE][PASSED] - Browser is opened with url: 'https://cdnc-group2.herokuapp.com/'

2021-05-28 06:22:25 - [TEST_STEP][PASSED] - setText(findTestObject("Login/input_Email"), "ngoctin040999@gmail.com"): Text 'ngoctin040999@gmail.com' is set on object 'Object Repository/Login/input_Email'

2021-05-28 06:22:29 - [MESSAGE][PASSED] - Text 'ngoctin040999@gmail.com' is set on object 'Object Repository/Login/input_Email'

2021-05-28 06:22:29 - [TEST_STEP][PASSED] - setText(findTestObject("Login/input_Password"), "ngoctin1"): Text 'ngoctin1' is set on object 'Object Repository/Login/input_Password'

2021-05-28 06:22:30 - [MESSAGE][PASSED] - Text 'ngoctin1' is set on object 'Object Repository/Login/input_Password'

2021-05-28 06:22:30 - [TEST_STEP][PASSED] - click(findTestObject("Login/button_Sign in")): Object: 'Object Repository/Login/button_Sign in' is clicked on

2021-05-28 06:22:31 - [MESSAGE][PASSED] - Object: 'Object Repository/Login/button_Sign in' is clicked on

2021-05-28 06:22:31 - [TEST_STEP][PASSED] - delay(2): Delayed 2 second(s)

2021-05-28 06:22:33 - [MESSAGE][PASSED] - Delayed 2 second(s)

2021-05-28 06:22:33 - [TEST_STEP][PASSED] - click(findTestObject("UpdatePassword/button_Option")): Object: 'Object Repository/UpdatePassword/button_Option' is clicked on

2021-05-28 06:22:34 - [MESSAGE][PASSED] - Object: 'Object Repository/UpdatePassword/button_Option' is clicked on

2021-05-28 06:22:34 - [TEST_STEP][PASSED] - click(findTestObject("Invite member/button_Invite PeopleAdd or invite people to the team")): Object: 'Object Repository/Invite member/button_Invite PeopleAdd or invite people to the team' is clicked on

2021-05-28 06:22:34 - [MESSAGE][PASSED] - Object: 'Object Repository/Invite member/button_Invite PeopleAdd or invite people to the team' is clicked on

2021-05-28 06:22:34 - [TEST_STEP][PASSED] - delay(1): Delayed 1 second(s)

2021-05-28 06:22:35 - [MESSAGE][PASSED] - Delayed 1 second(s)

2021-05-28 06:22:35 - [TEST_STEP][PASSED] - setText(findTestObject("Invite member/input_Add or Invite People_react-select-2-input"), "test1"): Text 'test1' is set on object 'Object Repository/Invite member/input_Add or Invite People_react-select-2-input'

2021-05-28 06:22:36 - [MESSAGE][PASSED] - Text 'test1' is set on object 'Object Repository/Invite member/input_Add or Invite People_react-select-2-input'

2021-05-28 06:22:36 - [TEST_STEP][PASSED] - delay(1): Delayed 1 second(s)

2021-05-28 06:22:37 - [MESSAGE][PASSED] - Delayed 1 second(s)

2021-05-28 06:22:37 - [TEST_STEP][PASSED] - click(findTestObject("Invite member/div_test1")): Object: 'Object Repository/Invite member/div_test1' is clicked on

2021-05-28 06:22:38 - [MESSAGE][PASSED] - Object: 'Object Repository/Invite member/div_test1' is clicked on

2021-05-28 06:22:38 - [TEST_STEP][PASSED] - click(findTestObject("Invite member/button_Invite Members")): Object: 'Object Repository/Invite member/button_Invite Members' is clicked on

2021-05-28 06:22:38 - [MESSAGE][PASSED] - Object: 'Object Repository/Invite member/button_Invite Members' is clicked on

2021-05-28 06:22:38 - [TEST_STEP][PASSED] - verifyElementVisible(findTestObject("Invite member/div_This member has been added to the team")): Object 'Object Repository/Invite member/div_This member has been added to the team' is visible

2021-05-28 06:22:39 - [MESSAGE][PASSED] - Object 'Object Repository/Invite member/div_This member has been added to the team' is visible

2021-05-28 06:22:39 - [TEST_STEP][PASSED] - click(findTestObject("Invite member/button_Done")): Object: 'Object Repository/Invite member/button_Done' is clicked on

2021-05-28 06:22:39 - [MESSAGE][PASSED] - Object: 'Object Repository/Invite member/button_Done' is clicked on

2021-05-28 06:22:39 - [TEST_STEP][PASSED] - delay(2): Delayed 2 second(s)

2021-05-28 06:22:41 - [MESSAGE][PASSED] - Delayed 2 second(s)

2021-05-28 06:22:41 - [TEST_STEP][PASSED] - closeBrowser(): Browser is closed

2021-05-28 06:22:42 - [MESSAGE][PASSED] - Browser is closed]]></system-out>
         <system-err><![CDATA[]]></system-err>
      </testcase>
      <testcase name="Test Cases/RemoveMember" time="19.394" classname="Test Cases/RemoveMember" status="PASSED">
         <system-out><![CDATA[2021-05-28 06:22:42 - [TEST_CASE][PASSED] - Test Cases/RemoveMember: Test Cases/RemoveMember

2021-05-28 06:22:43 - [TEST_STEP][PASSED] - openBrowser("https://cdnc-group2.herokuapp.com/"): Browser is opened with url: 'https://cdnc-group2.herokuapp.com/'

2021-05-28 06:22:43 - [MESSAGE][INFO] - Starting 'Chrome' driver

2021-05-28 06:22:43 - [MESSAGE][INFO] - Action delay is set to 0 milliseconds

2021-05-28 06:22:47 - [MESSAGE][PASSED] - Browser is opened with url: 'https://cdnc-group2.herokuapp.com/'

2021-05-28 06:22:47 - [TEST_STEP][PASSED] - setText(findTestObject("Login/input_Email"), "ngoctin040999@gmail.com"): Text 'ngoctin040999@gmail.com' is set on object 'Object Repository/Login/input_Email'

2021-05-28 06:22:52 - [MESSAGE][PASSED] - Text 'ngoctin040999@gmail.com' is set on object 'Object Repository/Login/input_Email'

2021-05-28 06:22:52 - [TEST_STEP][PASSED] - setText(findTestObject("Login/input_Password"), "ngoctin1"): Text 'ngoctin1' is set on object 'Object Repository/Login/input_Password'

2021-05-28 06:22:53 - [MESSAGE][PASSED] - Text 'ngoctin1' is set on object 'Object Repository/Login/input_Password'

2021-05-28 06:22:53 - [TEST_STEP][PASSED] - click(findTestObject("Login/button_Sign in")): Object: 'Object Repository/Login/button_Sign in' is clicked on

2021-05-28 06:22:54 - [MESSAGE][PASSED] - Object: 'Object Repository/Login/button_Sign in' is clicked on

2021-05-28 06:22:54 - [TEST_STEP][PASSED] - delay(2): Delayed 2 second(s)

2021-05-28 06:22:56 - [MESSAGE][PASSED] - Delayed 2 second(s)

2021-05-28 06:22:56 - [TEST_STEP][PASSED] - click(findTestObject("UpdatePassword/button_Option")): Object: 'Object Repository/UpdatePassword/button_Option' is clicked on

2021-05-28 06:22:57 - [MESSAGE][PASSED] - Object: 'Object Repository/UpdatePassword/button_Option' is clicked on

2021-05-28 06:22:57 - [TEST_STEP][PASSED] - click(findTestObject("Update Member Role/button_Manage Members")): Object: 'Object Repository/Update Member Role/button_Manage Members' is clicked on

2021-05-28 06:22:57 - [MESSAGE][PASSED] - Object: 'Object Repository/Update Member Role/button_Manage Members' is clicked on

2021-05-28 06:22:57 - [TEST_STEP][PASSED] - click(findTestObject("Update Member Role/button_Member")): Object: 'Object Repository/Update Member Role/button_Member' is clicked on

2021-05-28 06:22:58 - [MESSAGE][PASSED] - Object: 'Object Repository/Update Member Role/button_Member' is clicked on

2021-05-28 06:22:58 - [TEST_STEP][PASSED] - click(findTestObject("Remove Member/button_Remove from Team")): Object: 'Object Repository/Remove Member/button_Remove from Team' is clicked on

2021-05-28 06:22:59 - [MESSAGE][PASSED] - Object: 'Object Repository/Remove Member/button_Remove from Team' is clicked on

2021-05-28 06:22:59 - [TEST_STEP][PASSED] - delay(2): Delayed 2 second(s)

2021-05-28 06:23:01 - [MESSAGE][PASSED] - Delayed 2 second(s)

2021-05-28 06:23:01 - [TEST_STEP][PASSED] - closeBrowser(): Browser is closed

2021-05-28 06:23:02 - [MESSAGE][PASSED] - Browser is closed]]></system-out>
         <system-err><![CDATA[]]></system-err>
      </testcase>
      <testcase name="Test Cases/IgnoreMentions" time="19.367" classname="Test Cases/IgnoreMentions" status="PASSED">
         <system-out><![CDATA[2021-05-28 06:23:02 - [TEST_CASE][PASSED] - Test Cases/IgnoreMentions: Test Cases/IgnoreMentions

2021-05-28 06:23:02 - [TEST_STEP][PASSED] - openBrowser("https://cdnc-group2.herokuapp.com/"): Browser is opened with url: 'https://cdnc-group2.herokuapp.com/'

2021-05-28 06:23:02 - [MESSAGE][INFO] - Starting 'Chrome' driver

2021-05-28 06:23:02 - [MESSAGE][INFO] - Action delay is set to 0 milliseconds

2021-05-28 06:23:07 - [MESSAGE][PASSED] - Browser is opened with url: 'https://cdnc-group2.herokuapp.com/'

2021-05-28 06:23:07 - [TEST_STEP][PASSED] - setText(findTestObject("Login/input_Email"), "ngoctin040999@gmail.com"): Text 'ngoctin040999@gmail.com' is set on object 'Object Repository/Login/input_Email'

2021-05-28 06:23:12 - [MESSAGE][PASSED] - Text 'ngoctin040999@gmail.com' is set on object 'Object Repository/Login/input_Email'

2021-05-28 06:23:12 - [TEST_STEP][PASSED] - setText(findTestObject("Login/input_Password"), "ngoctin1"): Text 'ngoctin1' is set on object 'Object Repository/Login/input_Password'

2021-05-28 06:23:13 - [MESSAGE][PASSED] - Text 'ngoctin1' is set on object 'Object Repository/Login/input_Password'

2021-05-28 06:23:13 - [TEST_STEP][PASSED] - click(findTestObject("Login/button_Sign in")): Object: 'Object Repository/Login/button_Sign in' is clicked on

2021-05-28 06:23:14 - [MESSAGE][PASSED] - Object: 'Object Repository/Login/button_Sign in' is clicked on

2021-05-28 06:23:14 - [TEST_STEP][PASSED] - delay(2): Delayed 2 second(s)

2021-05-28 06:23:16 - [MESSAGE][PASSED] - Delayed 2 second(s)

2021-05-28 06:23:16 - [TEST_STEP][PASSED] - click(findTestObject("Ignore mentions/button_Town Square")): Object: 'Object Repository/Ignore mentions/button_Town Square' is clicked on

2021-05-28 06:23:17 - [MESSAGE][PASSED] - Object: 'Object Repository/Ignore mentions/button_Town Square' is clicked on

2021-05-28 06:23:17 - [TEST_STEP][PASSED] - click(findTestObject("Ignore mentions/button_Notification Preferences")): Object: 'Object Repository/Ignore mentions/button_Notification Preferences' is clicked on

2021-05-28 06:23:17 - [MESSAGE][PASSED] - Object: 'Object Repository/Ignore mentions/button_Notification Preferences' is clicked on

2021-05-28 06:23:17 - [TEST_STEP][PASSED] - click(findTestObject("Ignore mentions/button_Edit")): Object: 'Object Repository/Ignore mentions/button_Edit' is clicked on

2021-05-28 06:23:18 - [MESSAGE][PASSED] - Object: 'Object Repository/Ignore mentions/button_Edit' is clicked on

2021-05-28 06:23:18 - [TEST_STEP][PASSED] - click(findTestObject("Ignore mentions/input_Ignore mentions for channel, here and all_ignoreChannelMentions")): Object: 'Object Repository/Ignore mentions/input_Ignore mentions for channel, here and all_ignoreChannelMentions' is clicked on

2021-05-28 06:23:18 - [MESSAGE][PASSED] - Object: 'Object Repository/Ignore mentions/input_Ignore mentions for channel, here and all_ignoreChannelMentions' is clicked on

2021-05-28 06:23:18 - [TEST_STEP][PASSED] - click(findTestObject("Ignore mentions/button_Save")): Object: 'Object Repository/Ignore mentions/button_Save' is clicked on

2021-05-28 06:23:19 - [MESSAGE][PASSED] - Object: 'Object Repository/Ignore mentions/button_Save' is clicked on

2021-05-28 06:23:19 - [TEST_STEP][PASSED] - verifyElementVisible(findTestObject("Ignore mentions/span_On")): Object 'Object Repository/Ignore mentions/span_On' is visible

2021-05-28 06:23:19 - [MESSAGE][PASSED] - Object 'Object Repository/Ignore mentions/span_On' is visible

2021-05-28 06:23:19 - [TEST_STEP][PASSED] - delay(1): Delayed 1 second(s)

2021-05-28 06:23:20 - [MESSAGE][PASSED] - Delayed 1 second(s)

2021-05-28 06:23:20 - [TEST_STEP][PASSED] - closeBrowser(): Browser is closed

2021-05-28 06:23:21 - [MESSAGE][PASSED] - Browser is closed]]></system-out>
         <system-err><![CDATA[]]></system-err>
      </testcase>
      <system-out><![CDATA[2021-05-28 06:05:54 - [TEST_SUITE][PASSED] - Run all test cases: Test Cases/IgnoreMentions]]></system-out>
      <system-err><![CDATA[]]></system-err>
   </testsuite>
</testsuites>
