<?xml version="1.0" encoding="UTF-8"?>
<testsuites name="Run all test cases" time="2818.098" tests="63" failures="11" errors="0">
   <testsuite name="Run all test cases" tests="63" failures="11" errors="0" time="2818.098" skipped="0" timestamp="2021-05-29 00:51:25" hostname="tanth - DESKTOP-0HE72I0" id="Test Suites/Run all test cases">
      <properties>
[...]
</properties>
      <testcase name="Test Cases/Chat" time="75.773" classname="Test Cases/Chat" status="PASSED">
         <system-out><![CDATA[2021-05-29 00:51:27 - [TEST_CASE][PASSED] - Test Cases/Chat: Test Cases/Chat

2021-05-29 00:51:29 - [TEST_STEP][PASSED] - openBrowser(""): Browser is opened with url: ''

2021-05-29 00:51:30 - [MESSAGE][INFO] - Starting 'Chrome' driver

2021-05-29 00:51:30 - [MESSAGE][INFO] - Action delay is set to 0 milliseconds

2021-05-29 00:51:35 - [MESSAGE][PASSED] - Browser is opened with url: ''

2021-05-29 00:51:35 - [TEST_STEP][PASSED] - navigateToUrl("https://cdnc-group2.herokuapp.com/"): Navigate to 'https://cdnc-group2.herokuapp.com/' successfully

2021-05-29 00:51:39 - [MESSAGE][PASSED] - Navigate to 'https://cdnc-group2.herokuapp.com/' successfully

2021-05-29 00:51:39 - [TEST_STEP][PASSED] - setText(findTestObject("Object Repository/Chat_Mattermose_OR/Page_Mattermost/input_All team communication in one place, _dcc84b"), "ngoctin040999@gmail.com"): Text 'ngoctin040999@gmail.com' is set on object 'Object Repository/Chat_Mattermose_OR/Page_Mattermost/input_All team communication in one place, _dcc84b'

2021-05-29 00:51:44 - [MESSAGE][PASSED] - Text 'ngoctin040999@gmail.com' is set on object 'Object Repository/Chat_Mattermose_OR/Page_Mattermost/input_All team communication in one place, _dcc84b'

2021-05-29 00:51:44 - [TEST_STEP][PASSED] - setEncryptedText(findTestObject("Object Repository/Chat_Mattermose_OR/Page_Mattermost/input_All team communication in one place, _a3edc6"), "S8w1SJvl7D1hts9IdMV+NQ=="): Text ****** has been set on object 'Object Repository/Chat_Mattermose_OR/Page_Mattermost/input_All team communication in one place, _a3edc6'

2021-05-29 00:51:47 - [MESSAGE][PASSED] - Text ****** has been set on object 'Object Repository/Chat_Mattermose_OR/Page_Mattermost/input_All team communication in one place, _a3edc6'

2021-05-29 00:51:47 - [TEST_STEP][PASSED] - sendKeys(findTestObject("Object Repository/Chat_Mattermose_OR/Page_Mattermost/input_All team communication in one place, _a3edc6"), Keys.chord(ENTER)): Keys 'ENTER + ' sent to object: 'Object Repository/Chat_Mattermose_OR/Page_Mattermost/input_All team communication in one place, _a3edc6'

2021-05-29 00:51:49 - [MESSAGE][PASSED] - Keys 'ENTER + ' sent to object: 'Object Repository/Chat_Mattermose_OR/Page_Mattermost/input_All team communication in one place, _a3edc6'

2021-05-29 00:51:49 - [TEST_STEP][PASSED] - click(findTestObject("Object Repository/Chat_Mattermose_OR/Page_Town Square - TOKEN Mattermost/span_Test 77777")): Object: 'Object Repository/Chat_Mattermose_OR/Page_Town Square - TOKEN Mattermost/span_Test 77777' is clicked on

2021-05-29 00:52:21 - [MESSAGE][INFO] - Unable to find the element located by 'By.xpath: //a[@id='sidebarItem_test-77777']/span[2]/span'. Please recheck the objects properties to make sure the desired element is located. 

2021-05-29 00:52:21 - [MESSAGE][WARNING] - [SELF-HEALING] Failed to find element with id 'Object Repository/Chat_Mattermose_OR/Page_Town Square - TOKEN Mattermost/span_Test 77777'. Try using Self-healing.

2021-05-29 00:52:21 - [MESSAGE][WARNING] - [SELF-HEALING] The current locator of test object 'Object Repository/Chat_Mattermose_OR/Page_Town Square - TOKEN Mattermost/span_Test 77777' was broken. Propose an alternative one: '(.//*[normalize-space(text()) and normalize-space(.)='Test 111223'])[1]/preceding::span[2]'.

2021-05-29 00:52:21 - [MESSAGE][PASSED] - Object: 'Object Repository/Chat_Mattermose_OR/Page_Town Square - TOKEN Mattermost/span_Test 77777' is clicked on

2021-05-29 00:52:21 - [TEST_STEP][PASSED] - data = chatMessagePackage.ChatMessageDataTest.findChatTestMessage("DataTest\ChatMessageDataTest.csv"): chatMessagePackage.ChatMessageDataTest.findChatTestMessage is PASSED

2021-05-29 00:52:22 - [MESSAGE][PASSED] - chatMessagePackage.ChatMessageDataTest.findChatTestMessage is PASSED

2021-05-29 00:52:22 - [TEST_STEP][PASSED] - for ([rowNum = 0, rowNum < data.size(), (rowNum++)]): Keys 'ENTER + ' sent to object: 'Object Repository/Chat_Mattermose_OR/Page_Test 77777 - TOKEN Mattermost/textarea_1'

2021-05-29 00:52:22 - [TEST_STEP][PASSED] - setText(findTestObject("Object Repository/Chat_Mattermose_OR/Page_Test 77777 - TOKEN Mattermost/textarea_1"), data.get(rowNum)): Text 'Message' is set on object 'Object Repository/Chat_Mattermose_OR/Page_Test 77777 - TOKEN Mattermost/textarea_1'

2021-05-29 00:52:24 - [MESSAGE][PASSED] - Text 'Message' is set on object 'Object Repository/Chat_Mattermose_OR/Page_Test 77777 - TOKEN Mattermost/textarea_1'

2021-05-29 00:52:24 - [TEST_STEP][PASSED] - sendKeys(findTestObject("Object Repository/Chat_Mattermose_OR/Page_Test 77777 - TOKEN Mattermost/textarea_1"), Keys.chord(ENTER)): Keys 'ENTER + ' sent to object: 'Object Repository/Chat_Mattermose_OR/Page_Test 77777 - TOKEN Mattermost/textarea_1'

2021-05-29 00:52:25 - [MESSAGE][PASSED] - Keys 'ENTER + ' sent to object: 'Object Repository/Chat_Mattermose_OR/Page_Test 77777 - TOKEN Mattermost/textarea_1'

2021-05-29 00:52:25 - [TEST_STEP][PASSED] - setText(findTestObject("Object Repository/Chat_Mattermose_OR/Page_Test 77777 - TOKEN Mattermost/textarea_1"), data.get(rowNum)): Text 'Test message 1' is set on object 'Object Repository/Chat_Mattermose_OR/Page_Test 77777 - TOKEN Mattermost/textarea_1'

2021-05-29 00:52:27 - [MESSAGE][PASSED] - Text 'Test message 1' is set on object 'Object Repository/Chat_Mattermose_OR/Page_Test 77777 - TOKEN Mattermost/textarea_1'

2021-05-29 00:52:27 - [TEST_STEP][PASSED] - sendKeys(findTestObject("Object Repository/Chat_Mattermose_OR/Page_Test 77777 - TOKEN Mattermost/textarea_1"), Keys.chord(ENTER)): Keys 'ENTER + ' sent to object: 'Object Repository/Chat_Mattermose_OR/Page_Test 77777 - TOKEN Mattermost/textarea_1'

2021-05-29 00:52:28 - [MESSAGE][PASSED] - Keys 'ENTER + ' sent to object: 'Object Repository/Chat_Mattermose_OR/Page_Test 77777 - TOKEN Mattermost/textarea_1'

2021-05-29 00:52:28 - [TEST_STEP][PASSED] - setText(findTestObject("Object Repository/Chat_Mattermose_OR/Page_Test 77777 - TOKEN Mattermost/textarea_1"), data.get(rowNum)): Text 'Test message 2' is set on object 'Object Repository/Chat_Mattermose_OR/Page_Test 77777 - TOKEN Mattermost/textarea_1'

2021-05-29 00:52:30 - [MESSAGE][PASSED] - Text 'Test message 2' is set on object 'Object Repository/Chat_Mattermose_OR/Page_Test 77777 - TOKEN Mattermost/textarea_1'

2021-05-29 00:52:30 - [TEST_STEP][PASSED] - sendKeys(findTestObject("Object Repository/Chat_Mattermose_OR/Page_Test 77777 - TOKEN Mattermost/textarea_1"), Keys.chord(ENTER)): Keys 'ENTER + ' sent to object: 'Object Repository/Chat_Mattermose_OR/Page_Test 77777 - TOKEN Mattermost/textarea_1'

2021-05-29 00:52:31 - [MESSAGE][PASSED] - Keys 'ENTER + ' sent to object: 'Object Repository/Chat_Mattermose_OR/Page_Test 77777 - TOKEN Mattermost/textarea_1'

2021-05-29 00:52:31 - [TEST_STEP][PASSED] - setText(findTestObject("Object Repository/Chat_Mattermose_OR/Page_Test 77777 - TOKEN Mattermost/textarea_1"), data.get(rowNum)): Text 'Test message 3' is set on object 'Object Repository/Chat_Mattermose_OR/Page_Test 77777 - TOKEN Mattermost/textarea_1'

2021-05-29 00:52:33 - [MESSAGE][PASSED] - Text 'Test message 3' is set on object 'Object Repository/Chat_Mattermose_OR/Page_Test 77777 - TOKEN Mattermost/textarea_1'

2021-05-29 00:52:33 - [TEST_STEP][PASSED] - sendKeys(findTestObject("Object Repository/Chat_Mattermose_OR/Page_Test 77777 - TOKEN Mattermost/textarea_1"), Keys.chord(ENTER)): Keys 'ENTER + ' sent to object: 'Object Repository/Chat_Mattermose_OR/Page_Test 77777 - TOKEN Mattermost/textarea_1'

2021-05-29 00:52:34 - [MESSAGE][PASSED] - Keys 'ENTER + ' sent to object: 'Object Repository/Chat_Mattermose_OR/Page_Test 77777 - TOKEN Mattermost/textarea_1'

2021-05-29 00:52:34 - [TEST_STEP][PASSED] - setText(findTestObject("Object Repository/Chat_Mattermose_OR/Page_Test 77777 - TOKEN Mattermost/textarea_1"), data.get(rowNum)): Text 'Test message 4' is set on object 'Object Repository/Chat_Mattermose_OR/Page_Test 77777 - TOKEN Mattermost/textarea_1'

2021-05-29 00:52:36 - [MESSAGE][PASSED] - Text 'Test message 4' is set on object 'Object Repository/Chat_Mattermose_OR/Page_Test 77777 - TOKEN Mattermost/textarea_1'

2021-05-29 00:52:36 - [TEST_STEP][PASSED] - sendKeys(findTestObject("Object Repository/Chat_Mattermose_OR/Page_Test 77777 - TOKEN Mattermost/textarea_1"), Keys.chord(ENTER)): Keys 'ENTER + ' sent to object: 'Object Repository/Chat_Mattermose_OR/Page_Test 77777 - TOKEN Mattermost/textarea_1'

2021-05-29 00:52:37 - [MESSAGE][PASSED] - Keys 'ENTER + ' sent to object: 'Object Repository/Chat_Mattermose_OR/Page_Test 77777 - TOKEN Mattermost/textarea_1'

2021-05-29 00:52:37 - [TEST_STEP][PASSED] - setText(findTestObject("Object Repository/Chat_Mattermose_OR/Page_Test 77777 - TOKEN Mattermost/textarea_1"), data.get(rowNum)): Text 'Test message 5' is set on object 'Object Repository/Chat_Mattermose_OR/Page_Test 77777 - TOKEN Mattermost/textarea_1'

2021-05-29 00:52:38 - [MESSAGE][PASSED] - Text 'Test message 5' is set on object 'Object Repository/Chat_Mattermose_OR/Page_Test 77777 - TOKEN Mattermost/textarea_1'

2021-05-29 00:52:38 - [TEST_STEP][PASSED] - sendKeys(findTestObject("Object Repository/Chat_Mattermose_OR/Page_Test 77777 - TOKEN Mattermost/textarea_1"), Keys.chord(ENTER)): Keys 'ENTER + ' sent to object: 'Object Repository/Chat_Mattermose_OR/Page_Test 77777 - TOKEN Mattermost/textarea_1'

2021-05-29 00:52:39 - [MESSAGE][PASSED] - Keys 'ENTER + ' sent to object: 'Object Repository/Chat_Mattermose_OR/Page_Test 77777 - TOKEN Mattermost/textarea_1'

2021-05-29 00:52:39 - [TEST_STEP][PASSED] - setText(findTestObject("Object Repository/Chat_Mattermose_OR/Page_Test 77777 - TOKEN Mattermost/textarea_1"), data.get(rowNum)): Text 'Test message 6' is set on object 'Object Repository/Chat_Mattermose_OR/Page_Test 77777 - TOKEN Mattermost/textarea_1'

2021-05-29 00:52:41 - [MESSAGE][PASSED] - Text 'Test message 6' is set on object 'Object Repository/Chat_Mattermose_OR/Page_Test 77777 - TOKEN Mattermost/textarea_1'

2021-05-29 00:52:41 - [TEST_STEP][PASSED] - sendKeys(findTestObject("Object Repository/Chat_Mattermose_OR/Page_Test 77777 - TOKEN Mattermost/textarea_1"), Keys.chord(ENTER)): Keys 'ENTER + ' sent to object: 'Object Repository/Chat_Mattermose_OR/Page_Test 77777 - TOKEN Mattermost/textarea_1'

2021-05-29 00:52:42 - [MESSAGE][PASSED] - Keys 'ENTER + ' sent to object: 'Object Repository/Chat_Mattermose_OR/Page_Test 77777 - TOKEN Mattermost/textarea_1'

2021-05-29 00:52:42 - [TEST_STEP][PASSED] - closeBrowser(): Browser is closed

2021-05-29 00:52:43 - [MESSAGE][PASSED] - Browser is closed]]></system-out>
         <system-err><![CDATA[]]></system-err>
      </testcase>
      <testcase name="Test Cases/Login" time="21.788" classname="Test Cases/Login" status="PASSED">
         <system-out><![CDATA[2021-05-29 00:52:44 - [TEST_CASE][PASSED] - Test Cases/Login: Test Cases/Login

2021-05-29 00:52:45 - [TEST_STEP][PASSED] - openBrowser(""): Browser is opened with url: ''

2021-05-29 00:52:45 - [MESSAGE][INFO] - Starting 'Chrome' driver

2021-05-29 00:52:45 - [MESSAGE][INFO] - Action delay is set to 0 milliseconds

2021-05-29 00:52:47 - [MESSAGE][PASSED] - Browser is opened with url: ''

2021-05-29 00:52:47 - [TEST_STEP][PASSED] - navigateToUrl("https://cdnc-group2.herokuapp.com/"): Navigate to 'https://cdnc-group2.herokuapp.com/' successfully

2021-05-29 00:52:51 - [MESSAGE][PASSED] - Navigate to 'https://cdnc-group2.herokuapp.com/' successfully

2021-05-29 00:52:51 - [TEST_STEP][PASSED] - setText(findTestObject("Login_Mattermost_OR/input_All team communication in one place, _dcc84b"), Username): Text 'ngoctin040999@gmail.com' is set on object 'Object Repository/Login_Mattermost_OR/input_All team communication in one place, _dcc84b'

2021-05-29 00:52:57 - [MESSAGE][PASSED] - Text 'ngoctin040999@gmail.com' is set on object 'Object Repository/Login_Mattermost_OR/input_All team communication in one place, _dcc84b'

2021-05-29 00:52:57 - [TEST_STEP][PASSED] - setText(findTestObject("Login_Mattermost_OR/input_All team communication in one place, _a3edc6"), Password): Text 'ngoctin1' is set on object 'Object Repository/Login_Mattermost_OR/input_All team communication in one place, _a3edc6'

2021-05-29 00:52:58 - [MESSAGE][PASSED] - Text 'ngoctin1' is set on object 'Object Repository/Login_Mattermost_OR/input_All team communication in one place, _a3edc6'

2021-05-29 00:52:58 - [TEST_STEP][PASSED] - click(findTestObject("Login_Mattermost_OR/span_Sign in")): Object: 'Object Repository/Login_Mattermost_OR/span_Sign in' is clicked on

2021-05-29 00:52:59 - [MESSAGE][PASSED] - Object: 'Object Repository/Login_Mattermost_OR/span_Sign in' is clicked on

2021-05-29 00:52:59 - [TEST_STEP][PASSED] - if (Username != "ngoctin040999@gmail.com"): null

2021-05-29 00:52:59 - [TEST_STEP][PASSED] - else: Object 'Object Repository/Login_Mattermost_OR/h1_fsdfsdf' is present

2021-05-29 00:52:59 - [TEST_STEP][PASSED] - Thread.sleep(3000): null

2021-05-29 00:53:02 - [TEST_STEP][PASSED] - verifyElementPresent(findTestObject("Object Repository/Login_Mattermost_OR/h1_fsdfsdf"), 0): Object 'Object Repository/Login_Mattermost_OR/h1_fsdfsdf' is present

2021-05-29 00:53:03 - [MESSAGE][WARNING] - Timeout '0' is invalid. Using default page load timeout: '30'

2021-05-29 00:53:03 - [MESSAGE][PASSED] - Object 'Object Repository/Login_Mattermost_OR/h1_fsdfsdf' is present

2021-05-29 00:53:03 - [TEST_STEP][PASSED] - closeBrowser(): Browser is closed

2021-05-29 00:53:05 - [MESSAGE][PASSED] - Browser is closed]]></system-out>
         <system-err><![CDATA[]]></system-err>
      </testcase>
      <testcase name="Test Cases/Login" time="16.693" classname="Test Cases/Login" status="PASSED">
         <system-out><![CDATA[2021-05-29 00:53:05 - [TEST_CASE][PASSED] - Test Cases/Login: Test Cases/Login

2021-05-29 00:53:06 - [TEST_STEP][PASSED] - openBrowser(""): Browser is opened with url: ''

2021-05-29 00:53:06 - [MESSAGE][INFO] - Starting 'Chrome' driver

2021-05-29 00:53:06 - [MESSAGE][INFO] - Action delay is set to 0 milliseconds

2021-05-29 00:53:08 - [MESSAGE][PASSED] - Browser is opened with url: ''

2021-05-29 00:53:08 - [TEST_STEP][PASSED] - navigateToUrl("https://cdnc-group2.herokuapp.com/"): Navigate to 'https://cdnc-group2.herokuapp.com/' successfully

2021-05-29 00:53:13 - [MESSAGE][PASSED] - Navigate to 'https://cdnc-group2.herokuapp.com/' successfully

2021-05-29 00:53:13 - [TEST_STEP][PASSED] - setText(findTestObject("Login_Mattermost_OR/input_All team communication in one place, _dcc84b"), Username): Text 'ngoctin040999' is set on object 'Object Repository/Login_Mattermost_OR/input_All team communication in one place, _dcc84b'

2021-05-29 00:53:18 - [MESSAGE][PASSED] - Text 'ngoctin040999' is set on object 'Object Repository/Login_Mattermost_OR/input_All team communication in one place, _dcc84b'

2021-05-29 00:53:18 - [TEST_STEP][PASSED] - setText(findTestObject("Login_Mattermost_OR/input_All team communication in one place, _a3edc6"), Password): Text 'ngoctin1' is set on object 'Object Repository/Login_Mattermost_OR/input_All team communication in one place, _a3edc6'

2021-05-29 00:53:19 - [MESSAGE][PASSED] - Text 'ngoctin1' is set on object 'Object Repository/Login_Mattermost_OR/input_All team communication in one place, _a3edc6'

2021-05-29 00:53:19 - [TEST_STEP][PASSED] - click(findTestObject("Login_Mattermost_OR/span_Sign in")): Object: 'Object Repository/Login_Mattermost_OR/span_Sign in' is clicked on

2021-05-29 00:53:20 - [MESSAGE][PASSED] - Object: 'Object Repository/Login_Mattermost_OR/span_Sign in' is clicked on

2021-05-29 00:53:20 - [TEST_STEP][PASSED] - if (Username != "ngoctin040999@gmail.com"): Object 'Object Repository/Login_Mattermost_OR/label_Enter a valid email or username andor password' is present

2021-05-29 00:53:20 - [TEST_STEP][PASSED] - verifyElementPresent(findTestObject("Object Repository/Login_Mattermost_OR/label_Enter a valid email or username andor password"), 0): Object 'Object Repository/Login_Mattermost_OR/label_Enter a valid email or username andor password' is present

2021-05-29 00:53:20 - [MESSAGE][WARNING] - Timeout '0' is invalid. Using default page load timeout: '30'

2021-05-29 00:53:21 - [MESSAGE][PASSED] - Object 'Object Repository/Login_Mattermost_OR/label_Enter a valid email or username andor password' is present

2021-05-29 00:53:21 - [TEST_STEP][PASSED] - closeBrowser(): Browser is closed

2021-05-29 00:53:22 - [MESSAGE][PASSED] - Browser is closed]]></system-out>
         <system-err><![CDATA[]]></system-err>
      </testcase>
      <testcase name="Test Cases/Login" time="16.95" classname="Test Cases/Login" status="PASSED">
         <system-out><![CDATA[2021-05-29 00:53:22 - [TEST_CASE][PASSED] - Test Cases/Login: Test Cases/Login

2021-05-29 00:53:22 - [TEST_STEP][PASSED] - openBrowser(""): Browser is opened with url: ''

2021-05-29 00:53:22 - [MESSAGE][INFO] - Starting 'Chrome' driver

2021-05-29 00:53:22 - [MESSAGE][INFO] - Action delay is set to 0 milliseconds

2021-05-29 00:53:25 - [MESSAGE][PASSED] - Browser is opened with url: ''

2021-05-29 00:53:25 - [TEST_STEP][PASSED] - navigateToUrl("https://cdnc-group2.herokuapp.com/"): Navigate to 'https://cdnc-group2.herokuapp.com/' successfully

2021-05-29 00:53:29 - [MESSAGE][PASSED] - Navigate to 'https://cdnc-group2.herokuapp.com/' successfully

2021-05-29 00:53:29 - [TEST_STEP][PASSED] - setText(findTestObject("Login_Mattermost_OR/input_All team communication in one place, _dcc84b"), Username): Text 'testing123@gmail.com' is set on object 'Object Repository/Login_Mattermost_OR/input_All team communication in one place, _dcc84b'

2021-05-29 00:53:35 - [MESSAGE][PASSED] - Text 'testing123@gmail.com' is set on object 'Object Repository/Login_Mattermost_OR/input_All team communication in one place, _dcc84b'

2021-05-29 00:53:35 - [TEST_STEP][PASSED] - setText(findTestObject("Login_Mattermost_OR/input_All team communication in one place, _a3edc6"), Password): Text 'test12' is set on object 'Object Repository/Login_Mattermost_OR/input_All team communication in one place, _a3edc6'

2021-05-29 00:53:36 - [MESSAGE][PASSED] - Text 'test12' is set on object 'Object Repository/Login_Mattermost_OR/input_All team communication in one place, _a3edc6'

2021-05-29 00:53:36 - [TEST_STEP][PASSED] - click(findTestObject("Login_Mattermost_OR/span_Sign in")): Object: 'Object Repository/Login_Mattermost_OR/span_Sign in' is clicked on

2021-05-29 00:53:37 - [MESSAGE][PASSED] - Object: 'Object Repository/Login_Mattermost_OR/span_Sign in' is clicked on

2021-05-29 00:53:37 - [TEST_STEP][PASSED] - if (Username != "ngoctin040999@gmail.com"): Object 'Object Repository/Login_Mattermost_OR/label_Enter a valid email or username andor password' is present

2021-05-29 00:53:37 - [TEST_STEP][PASSED] - verifyElementPresent(findTestObject("Object Repository/Login_Mattermost_OR/label_Enter a valid email or username andor password"), 0): Object 'Object Repository/Login_Mattermost_OR/label_Enter a valid email or username andor password' is present

2021-05-29 00:53:37 - [MESSAGE][WARNING] - Timeout '0' is invalid. Using default page load timeout: '30'

2021-05-29 00:53:38 - [MESSAGE][PASSED] - Object 'Object Repository/Login_Mattermost_OR/label_Enter a valid email or username andor password' is present

2021-05-29 00:53:38 - [TEST_STEP][PASSED] - closeBrowser(): Browser is closed

2021-05-29 00:53:39 - [MESSAGE][PASSED] - Browser is closed]]></system-out>
         <system-err><![CDATA[]]></system-err>
      </testcase>
      <testcase name="Test Cases/Login" time="16.766" classname="Test Cases/Login" status="PASSED">
         <system-out><![CDATA[2021-05-29 00:53:39 - [TEST_CASE][PASSED] - Test Cases/Login: Test Cases/Login

2021-05-29 00:53:39 - [TEST_STEP][PASSED] - openBrowser(""): Browser is opened with url: ''

2021-05-29 00:53:39 - [MESSAGE][INFO] - Starting 'Chrome' driver

2021-05-29 00:53:39 - [MESSAGE][INFO] - Action delay is set to 0 milliseconds

2021-05-29 00:53:42 - [MESSAGE][PASSED] - Browser is opened with url: ''

2021-05-29 00:53:42 - [TEST_STEP][PASSED] - navigateToUrl("https://cdnc-group2.herokuapp.com/"): Navigate to 'https://cdnc-group2.herokuapp.com/' successfully

2021-05-29 00:53:46 - [MESSAGE][PASSED] - Navigate to 'https://cdnc-group2.herokuapp.com/' successfully

2021-05-29 00:53:46 - [TEST_STEP][PASSED] - setText(findTestObject("Login_Mattermost_OR/input_All team communication in one place, _dcc84b"), Username): Text 'admin' is set on object 'Object Repository/Login_Mattermost_OR/input_All team communication in one place, _dcc84b'

2021-05-29 00:53:51 - [MESSAGE][PASSED] - Text 'admin' is set on object 'Object Repository/Login_Mattermost_OR/input_All team communication in one place, _dcc84b'

2021-05-29 00:53:51 - [TEST_STEP][PASSED] - setText(findTestObject("Login_Mattermost_OR/input_All team communication in one place, _a3edc6"), Password): Text 'admin' is set on object 'Object Repository/Login_Mattermost_OR/input_All team communication in one place, _a3edc6'

2021-05-29 00:53:53 - [MESSAGE][PASSED] - Text 'admin' is set on object 'Object Repository/Login_Mattermost_OR/input_All team communication in one place, _a3edc6'

2021-05-29 00:53:53 - [TEST_STEP][PASSED] - click(findTestObject("Login_Mattermost_OR/span_Sign in")): Object: 'Object Repository/Login_Mattermost_OR/span_Sign in' is clicked on

2021-05-29 00:53:53 - [MESSAGE][PASSED] - Object: 'Object Repository/Login_Mattermost_OR/span_Sign in' is clicked on

2021-05-29 00:53:53 - [TEST_STEP][PASSED] - if (Username != "ngoctin040999@gmail.com"): Object 'Object Repository/Login_Mattermost_OR/label_Enter a valid email or username andor password' is present

2021-05-29 00:53:53 - [TEST_STEP][PASSED] - verifyElementPresent(findTestObject("Object Repository/Login_Mattermost_OR/label_Enter a valid email or username andor password"), 0): Object 'Object Repository/Login_Mattermost_OR/label_Enter a valid email or username andor password' is present

2021-05-29 00:53:54 - [MESSAGE][WARNING] - Timeout '0' is invalid. Using default page load timeout: '30'

2021-05-29 00:53:55 - [MESSAGE][PASSED] - Object 'Object Repository/Login_Mattermost_OR/label_Enter a valid email or username andor password' is present

2021-05-29 00:53:55 - [TEST_STEP][PASSED] - closeBrowser(): Browser is closed

2021-05-29 00:53:56 - [MESSAGE][PASSED] - Browser is closed]]></system-out>
         <system-err><![CDATA[]]></system-err>
      </testcase>
      <testcase name="Test Cases/Login" time="16.922" classname="Test Cases/Login" status="PASSED">
         <system-out><![CDATA[2021-05-29 00:53:56 - [TEST_CASE][PASSED] - Test Cases/Login: Test Cases/Login

2021-05-29 00:53:56 - [TEST_STEP][PASSED] - openBrowser(""): Browser is opened with url: ''

2021-05-29 00:53:56 - [MESSAGE][INFO] - Starting 'Chrome' driver

2021-05-29 00:53:56 - [MESSAGE][INFO] - Action delay is set to 0 milliseconds

2021-05-29 00:53:59 - [MESSAGE][PASSED] - Browser is opened with url: ''

2021-05-29 00:53:59 - [TEST_STEP][PASSED] - navigateToUrl("https://cdnc-group2.herokuapp.com/"): Navigate to 'https://cdnc-group2.herokuapp.com/' successfully

2021-05-29 00:54:03 - [MESSAGE][PASSED] - Navigate to 'https://cdnc-group2.herokuapp.com/' successfully

2021-05-29 00:54:03 - [TEST_STEP][PASSED] - setText(findTestObject("Login_Mattermost_OR/input_All team communication in one place, _dcc84b"), Username): Text 'admin@outlook.com' is set on object 'Object Repository/Login_Mattermost_OR/input_All team communication in one place, _dcc84b'

2021-05-29 00:54:09 - [MESSAGE][PASSED] - Text 'admin@outlook.com' is set on object 'Object Repository/Login_Mattermost_OR/input_All team communication in one place, _dcc84b'

2021-05-29 00:54:09 - [TEST_STEP][PASSED] - setText(findTestObject("Login_Mattermost_OR/input_All team communication in one place, _a3edc6"), Password): Text '123456789' is set on object 'Object Repository/Login_Mattermost_OR/input_All team communication in one place, _a3edc6'

2021-05-29 00:54:10 - [MESSAGE][PASSED] - Text '123456789' is set on object 'Object Repository/Login_Mattermost_OR/input_All team communication in one place, _a3edc6'

2021-05-29 00:54:10 - [TEST_STEP][PASSED] - click(findTestObject("Login_Mattermost_OR/span_Sign in")): Object: 'Object Repository/Login_Mattermost_OR/span_Sign in' is clicked on

2021-05-29 00:54:11 - [MESSAGE][PASSED] - Object: 'Object Repository/Login_Mattermost_OR/span_Sign in' is clicked on

2021-05-29 00:54:11 - [TEST_STEP][PASSED] - if (Username != "ngoctin040999@gmail.com"): Object 'Object Repository/Login_Mattermost_OR/label_Enter a valid email or username andor password' is present

2021-05-29 00:54:11 - [TEST_STEP][PASSED] - verifyElementPresent(findTestObject("Object Repository/Login_Mattermost_OR/label_Enter a valid email or username andor password"), 0): Object 'Object Repository/Login_Mattermost_OR/label_Enter a valid email or username andor password' is present

2021-05-29 00:54:11 - [MESSAGE][WARNING] - Timeout '0' is invalid. Using default page load timeout: '30'

2021-05-29 00:54:12 - [MESSAGE][PASSED] - Object 'Object Repository/Login_Mattermost_OR/label_Enter a valid email or username andor password' is present

2021-05-29 00:54:12 - [TEST_STEP][PASSED] - closeBrowser(): Browser is closed

2021-05-29 00:54:13 - [MESSAGE][PASSED] - Browser is closed]]></system-out>
         <system-err><![CDATA[]]></system-err>
      </testcase>
      <testcase name="Test Cases/InviteMember" time="31.372" classname="Test Cases/InviteMember" status="PASSED">
         <system-out><![CDATA[2021-05-29 00:54:13 - [TEST_CASE][PASSED] - Test Cases/InviteMember: Test Cases/InviteMember

2021-05-29 00:54:14 - [TEST_STEP][PASSED] - openBrowser("https://cdnc-group2.herokuapp.com/"): Browser is opened with url: 'https://cdnc-group2.herokuapp.com/'

2021-05-29 00:54:14 - [MESSAGE][INFO] - Starting 'Chrome' driver

2021-05-29 00:54:14 - [MESSAGE][INFO] - Action delay is set to 0 milliseconds

2021-05-29 00:54:22 - [MESSAGE][PASSED] - Browser is opened with url: 'https://cdnc-group2.herokuapp.com/'

2021-05-29 00:54:22 - [TEST_STEP][PASSED] - setText(findTestObject("Login/input_Email"), "ngoctin040999@gmail.com"): Text 'ngoctin040999@gmail.com' is set on object 'Object Repository/Login/input_Email'

2021-05-29 00:54:27 - [MESSAGE][PASSED] - Text 'ngoctin040999@gmail.com' is set on object 'Object Repository/Login/input_Email'

2021-05-29 00:54:27 - [TEST_STEP][PASSED] - setText(findTestObject("Login/input_Password"), "ngoctin1"): Text 'ngoctin1' is set on object 'Object Repository/Login/input_Password'

2021-05-29 00:54:28 - [MESSAGE][PASSED] - Text 'ngoctin1' is set on object 'Object Repository/Login/input_Password'

2021-05-29 00:54:28 - [TEST_STEP][PASSED] - click(findTestObject("Login/button_Sign in")): Object: 'Object Repository/Login/button_Sign in' is clicked on

2021-05-29 00:54:29 - [MESSAGE][PASSED] - Object: 'Object Repository/Login/button_Sign in' is clicked on

2021-05-29 00:54:29 - [TEST_STEP][PASSED] - delay(2): Delayed 2 second(s)

2021-05-29 00:54:31 - [MESSAGE][PASSED] - Delayed 2 second(s)

2021-05-29 00:54:31 - [TEST_STEP][PASSED] - click(findTestObject("UpdatePassword/button_Option")): Object: 'Object Repository/UpdatePassword/button_Option' is clicked on

2021-05-29 00:54:34 - [MESSAGE][PASSED] - Object: 'Object Repository/UpdatePassword/button_Option' is clicked on

2021-05-29 00:54:34 - [TEST_STEP][PASSED] - click(findTestObject("Invite member/button_Invite PeopleAdd or invite people to the team")): Object: 'Object Repository/Invite member/button_Invite PeopleAdd or invite people to the team' is clicked on

2021-05-29 00:54:34 - [MESSAGE][PASSED] - Object: 'Object Repository/Invite member/button_Invite PeopleAdd or invite people to the team' is clicked on

2021-05-29 00:54:34 - [TEST_STEP][PASSED] - delay(1): Delayed 1 second(s)

2021-05-29 00:54:35 - [MESSAGE][PASSED] - Delayed 1 second(s)

2021-05-29 00:54:35 - [TEST_STEP][PASSED] - setText(findTestObject("Invite member/input_Add or Invite People_react-select-2-input"), "test1"): Text 'test1' is set on object 'Object Repository/Invite member/input_Add or Invite People_react-select-2-input'

2021-05-29 00:54:37 - [MESSAGE][PASSED] - Text 'test1' is set on object 'Object Repository/Invite member/input_Add or Invite People_react-select-2-input'

2021-05-29 00:54:37 - [TEST_STEP][PASSED] - delay(1): Delayed 1 second(s)

2021-05-29 00:54:38 - [MESSAGE][PASSED] - Delayed 1 second(s)

2021-05-29 00:54:38 - [TEST_STEP][PASSED] - click(findTestObject("Invite member/div_test1")): Object: 'Object Repository/Invite member/div_test1' is clicked on

2021-05-29 00:54:38 - [MESSAGE][PASSED] - Object: 'Object Repository/Invite member/div_test1' is clicked on

2021-05-29 00:54:38 - [TEST_STEP][PASSED] - click(findTestObject("Invite member/button_Invite Members")): Object: 'Object Repository/Invite member/button_Invite Members' is clicked on

2021-05-29 00:54:39 - [MESSAGE][PASSED] - Object: 'Object Repository/Invite member/button_Invite Members' is clicked on

2021-05-29 00:54:39 - [TEST_STEP][PASSED] - verifyElementVisible(findTestObject("Invite member/div_This member has been added to the team")): Object 'Object Repository/Invite member/div_This member has been added to the team' is visible

2021-05-29 00:54:41 - [MESSAGE][PASSED] - Object 'Object Repository/Invite member/div_This member has been added to the team' is visible

2021-05-29 00:54:41 - [TEST_STEP][PASSED] - click(findTestObject("Invite member/button_Done")): Object: 'Object Repository/Invite member/button_Done' is clicked on

2021-05-29 00:54:41 - [MESSAGE][PASSED] - Object: 'Object Repository/Invite member/button_Done' is clicked on

2021-05-29 00:54:41 - [TEST_STEP][PASSED] - delay(2): Delayed 2 second(s)

2021-05-29 00:54:43 - [MESSAGE][PASSED] - Delayed 2 second(s)

2021-05-29 00:54:43 - [TEST_STEP][PASSED] - closeBrowser(): Browser is closed

2021-05-29 00:54:44 - [MESSAGE][PASSED] - Browser is closed]]></system-out>
         <system-err><![CDATA[]]></system-err>
      </testcase>
      <testcase name="Test Cases/UpdateFullNameAccount" time="27.099" classname="Test Cases/UpdateFullNameAccount" status="PASSED">
         <system-out><![CDATA[2021-05-29 00:54:44 - [TEST_CASE][PASSED] - Test Cases/UpdateFullNameAccount: Test Cases/UpdateFullNameAccount

2021-05-29 00:54:46 - [TEST_STEP][PASSED] - openBrowser(""): Browser is opened with url: ''

2021-05-29 00:54:46 - [MESSAGE][INFO] - Starting 'Chrome' driver

2021-05-29 00:54:46 - [MESSAGE][INFO] - Action delay is set to 0 milliseconds

2021-05-29 00:54:48 - [MESSAGE][PASSED] - Browser is opened with url: ''

2021-05-29 00:54:48 - [TEST_STEP][PASSED] - navigateToUrl("https://cdnc-group2.herokuapp.com/"): Navigate to 'https://cdnc-group2.herokuapp.com/' successfully

2021-05-29 00:54:52 - [MESSAGE][PASSED] - Navigate to 'https://cdnc-group2.herokuapp.com/' successfully

2021-05-29 00:54:52 - [TEST_STEP][PASSED] - setText(findTestObject("Object Repository/Page_Mattermost/input_All team communication in one place, _dcc84b"), "ngoctin040999@gmail.com"): Text 'ngoctin040999@gmail.com' is set on object 'Object Repository/Page_Mattermost/input_All team communication in one place, _dcc84b'

2021-05-29 00:54:58 - [MESSAGE][PASSED] - Text 'ngoctin040999@gmail.com' is set on object 'Object Repository/Page_Mattermost/input_All team communication in one place, _dcc84b'

2021-05-29 00:54:58 - [TEST_STEP][PASSED] - setEncryptedText(findTestObject("Object Repository/Page_Mattermost/input_All team communication in one place, _a3edc6"), "S8w1SJvl7D1hts9IdMV+NQ=="): Text ****** has been set on object 'Object Repository/Page_Mattermost/input_All team communication in one place, _a3edc6'

2021-05-29 00:54:59 - [MESSAGE][PASSED] - Text ****** has been set on object 'Object Repository/Page_Mattermost/input_All team communication in one place, _a3edc6'

2021-05-29 00:54:59 - [TEST_STEP][PASSED] - click(findTestObject("Object Repository/Page_Mattermost/span_Sign in")): Object: 'Object Repository/Page_Mattermost/span_Sign in' is clicked on

2021-05-29 00:55:00 - [MESSAGE][PASSED] - Object: 'Object Repository/Page_Mattermost/span_Sign in' is clicked on

2021-05-29 00:55:00 - [TEST_STEP][PASSED] - click(findTestObject("Object Repository/Page_Town Square - Team Mattermost/span")): Object: 'Object Repository/Page_Town Square - Team Mattermost/span' is clicked on

2021-05-29 00:55:05 - [MESSAGE][PASSED] - Object: 'Object Repository/Page_Town Square - Team Mattermost/span' is clicked on

2021-05-29 00:55:05 - [TEST_STEP][PASSED] - click(findTestObject("Object Repository/Page_Town Square - Team Mattermost/button_Account Settings")): Object: 'Object Repository/Page_Town Square - Team Mattermost/button_Account Settings' is clicked on

2021-05-29 00:55:06 - [MESSAGE][PASSED] - Object: 'Object Repository/Page_Town Square - Team Mattermost/button_Account Settings' is clicked on

2021-05-29 00:55:06 - [TEST_STEP][PASSED] - click(findTestObject("Object Repository/Page_Town Square - Team Mattermost/button_Edit")): Object: 'Object Repository/Page_Town Square - Team Mattermost/button_Edit' is clicked on

2021-05-29 00:55:07 - [MESSAGE][PASSED] - Object: 'Object Repository/Page_Town Square - Team Mattermost/button_Edit' is clicked on

2021-05-29 00:55:07 - [TEST_STEP][PASSED] - setText(findTestObject("Object Repository/Page_Town Square - Team Mattermost/input_First Name_firstName"), "Tin"): Text 'Tin' is set on object 'Object Repository/Page_Town Square - Team Mattermost/input_First Name_firstName'

2021-05-29 00:55:08 - [MESSAGE][PASSED] - Text 'Tin' is set on object 'Object Repository/Page_Town Square - Team Mattermost/input_First Name_firstName'

2021-05-29 00:55:08 - [TEST_STEP][PASSED] - setText(findTestObject("Object Repository/Page_Town Square - Team Mattermost/input_Last Name_lastName"), "Nguyen Ngoc"): Text 'Nguyen Ngoc' is set on object 'Object Repository/Page_Town Square - Team Mattermost/input_Last Name_lastName'

2021-05-29 00:55:09 - [MESSAGE][PASSED] - Text 'Nguyen Ngoc' is set on object 'Object Repository/Page_Town Square - Team Mattermost/input_Last Name_lastName'

2021-05-29 00:55:09 - [TEST_STEP][PASSED] - click(findTestObject("Object Repository/Page_Town Square - Team Mattermost/span_Save")): Object: 'Object Repository/Page_Town Square - Team Mattermost/span_Save' is clicked on

2021-05-29 00:55:09 - [MESSAGE][PASSED] - Object: 'Object Repository/Page_Town Square - Team Mattermost/span_Save' is clicked on

2021-05-29 00:55:09 - [TEST_STEP][PASSED] - click(findTestObject("Object Repository/Page_Town Square - Team Mattermost/button_Close")): Object: 'Object Repository/Page_Town Square - Team Mattermost/button_Close' is clicked on

2021-05-29 00:55:10 - [MESSAGE][PASSED] - Object: 'Object Repository/Page_Town Square - Team Mattermost/button_Close' is clicked on

2021-05-29 00:55:10 - [TEST_STEP][PASSED] - closeBrowser(): Browser is closed

2021-05-29 00:55:12 - [MESSAGE][PASSED] - Browser is closed]]></system-out>
         <system-err><![CDATA[]]></system-err>
      </testcase>
      <testcase name="Test Cases/UpdateMemberRole" time="26.748" classname="Test Cases/UpdateMemberRole" status="PASSED">
         <system-out><![CDATA[2021-05-29 00:55:12 - [TEST_CASE][PASSED] - Test Cases/UpdateMemberRole: Test Cases/UpdateMemberRole

2021-05-29 00:55:13 - [TEST_STEP][PASSED] - openBrowser("https://cdnc-group2.herokuapp.com/"): Browser is opened with url: 'https://cdnc-group2.herokuapp.com/'

2021-05-29 00:55:13 - [MESSAGE][INFO] - Starting 'Chrome' driver

2021-05-29 00:55:13 - [MESSAGE][INFO] - Action delay is set to 0 milliseconds

2021-05-29 00:55:19 - [MESSAGE][PASSED] - Browser is opened with url: 'https://cdnc-group2.herokuapp.com/'

2021-05-29 00:55:19 - [TEST_STEP][PASSED] - setText(findTestObject("Login/input_Email"), "ngoctin040999@gmail.com"): Text 'ngoctin040999@gmail.com' is set on object 'Object Repository/Login/input_Email'

2021-05-29 00:55:25 - [MESSAGE][PASSED] - Text 'ngoctin040999@gmail.com' is set on object 'Object Repository/Login/input_Email'

2021-05-29 00:55:25 - [TEST_STEP][PASSED] - setText(findTestObject("Login/input_Password"), "ngoctin1"): Text 'ngoctin1' is set on object 'Object Repository/Login/input_Password'

2021-05-29 00:55:26 - [MESSAGE][PASSED] - Text 'ngoctin1' is set on object 'Object Repository/Login/input_Password'

2021-05-29 00:55:26 - [TEST_STEP][PASSED] - click(findTestObject("Login/button_Sign in")): Object: 'Object Repository/Login/button_Sign in' is clicked on

2021-05-29 00:55:27 - [MESSAGE][PASSED] - Object: 'Object Repository/Login/button_Sign in' is clicked on

2021-05-29 00:55:27 - [TEST_STEP][PASSED] - delay(2): Delayed 2 second(s)

2021-05-29 00:55:29 - [MESSAGE][PASSED] - Delayed 2 second(s)

2021-05-29 00:55:29 - [TEST_STEP][PASSED] - click(findTestObject("UpdatePassword/button_Option")): Object: 'Object Repository/UpdatePassword/button_Option' is clicked on

2021-05-29 00:55:31 - [MESSAGE][PASSED] - Object: 'Object Repository/UpdatePassword/button_Option' is clicked on

2021-05-29 00:55:31 - [TEST_STEP][PASSED] - click(findTestObject("Update Member Role/button_Manage Members")): Object: 'Object Repository/Update Member Role/button_Manage Members' is clicked on

2021-05-29 00:55:32 - [MESSAGE][PASSED] - Object: 'Object Repository/Update Member Role/button_Manage Members' is clicked on

2021-05-29 00:55:32 - [TEST_STEP][PASSED] - if (findTestObject("Update Member Role/button_Member") == null): null

2021-05-29 00:55:32 - [TEST_STEP][PASSED] - click(findTestObject("Update Member Role/button_Member")): Object: 'Object Repository/Update Member Role/button_Member' is clicked on

2021-05-29 00:55:33 - [MESSAGE][PASSED] - Object: 'Object Repository/Update Member Role/button_Member' is clicked on

2021-05-29 00:55:33 - [TEST_STEP][PASSED] - if (findTestObject("Update Member Role/button_Make Team Admin") == null): null

2021-05-29 00:55:33 - [TEST_STEP][PASSED] - click(findTestObject("Update Member Role/button_Make Team Admin")): Object: 'Object Repository/Update Member Role/button_Make Team Admin' is clicked on

2021-05-29 00:55:34 - [MESSAGE][PASSED] - Object: 'Object Repository/Update Member Role/button_Make Team Admin' is clicked on

2021-05-29 00:55:34 - [TEST_STEP][PASSED] - if (findTestObject("Update Member Role/span_Team Admin") == null): null

2021-05-29 00:55:34 - [TEST_STEP][PASSED] - verifyElementVisible(findTestObject("Update Member Role/span_Team Admin")): Object 'Object Repository/Update Member Role/span_Team Admin' is visible

2021-05-29 00:55:35 - [MESSAGE][PASSED] - Object 'Object Repository/Update Member Role/span_Team Admin' is visible

2021-05-29 00:55:35 - [TEST_STEP][PASSED] - delay(2): Delayed 2 second(s)

2021-05-29 00:55:37 - [MESSAGE][PASSED] - Delayed 2 second(s)

2021-05-29 00:55:37 - [TEST_STEP][PASSED] - closeBrowser(): Browser is closed

2021-05-29 00:55:38 - [MESSAGE][PASSED] - Browser is closed]]></system-out>
         <system-err><![CDATA[]]></system-err>
      </testcase>
      <testcase name="Test Cases/UpdateUsernameAccount" time="24.982" classname="Test Cases/UpdateUsernameAccount" status="PASSED">
         <system-out><![CDATA[2021-05-29 00:55:38 - [TEST_CASE][PASSED] - Test Cases/UpdateUsernameAccount: Test Cases/UpdateUsernameAccount

2021-05-29 00:55:39 - [TEST_STEP][PASSED] - openBrowser(""): Browser is opened with url: ''

2021-05-29 00:55:39 - [MESSAGE][INFO] - Starting 'Chrome' driver

2021-05-29 00:55:39 - [MESSAGE][INFO] - Action delay is set to 0 milliseconds

2021-05-29 00:55:42 - [MESSAGE][PASSED] - Browser is opened with url: ''

2021-05-29 00:55:42 - [TEST_STEP][PASSED] - navigateToUrl("https://cdnc-group2.herokuapp.com/"): Navigate to 'https://cdnc-group2.herokuapp.com/' successfully

2021-05-29 00:55:46 - [MESSAGE][PASSED] - Navigate to 'https://cdnc-group2.herokuapp.com/' successfully

2021-05-29 00:55:46 - [TEST_STEP][PASSED] - setText(findTestObject("Object Repository/Page_Mattermost/input_All team communication in one place, _dcc84b"), "ngoctin040999@gmail.com"): Text 'ngoctin040999@gmail.com' is set on object 'Object Repository/Page_Mattermost/input_All team communication in one place, _dcc84b'

2021-05-29 00:55:52 - [MESSAGE][PASSED] - Text 'ngoctin040999@gmail.com' is set on object 'Object Repository/Page_Mattermost/input_All team communication in one place, _dcc84b'

2021-05-29 00:55:52 - [TEST_STEP][PASSED] - setEncryptedText(findTestObject("Object Repository/Page_Mattermost/input_All team communication in one place, _a3edc6"), "S8w1SJvl7D1hts9IdMV+NQ=="): Text ****** has been set on object 'Object Repository/Page_Mattermost/input_All team communication in one place, _a3edc6'

2021-05-29 00:55:53 - [MESSAGE][PASSED] - Text ****** has been set on object 'Object Repository/Page_Mattermost/input_All team communication in one place, _a3edc6'

2021-05-29 00:55:53 - [TEST_STEP][PASSED] - click(findTestObject("Object Repository/Page_Mattermost/button_Sign in")): Object: 'Object Repository/Page_Mattermost/button_Sign in' is clicked on

2021-05-29 00:55:54 - [MESSAGE][PASSED] - Object: 'Object Repository/Page_Mattermost/button_Sign in' is clicked on

2021-05-29 00:55:54 - [TEST_STEP][PASSED] - click(findTestObject("Object Repository/Page_Town Square - TOKEN_UPDATED Mattermost/button_ngoctin02806_style--none sidebar-hea_8af0e1")): Object: 'Object Repository/Page_Town Square - TOKEN_UPDATED Mattermost/button_ngoctin02806_style--none sidebar-hea_8af0e1' is clicked on

2021-05-29 00:55:58 - [MESSAGE][PASSED] - Object: 'Object Repository/Page_Town Square - TOKEN_UPDATED Mattermost/button_ngoctin02806_style--none sidebar-hea_8af0e1' is clicked on

2021-05-29 00:55:58 - [TEST_STEP][PASSED] - click(findTestObject("Object Repository/Page_Town Square - TOKEN_UPDATED Mattermost/button_Account Settings")): Object: 'Object Repository/Page_Town Square - TOKEN_UPDATED Mattermost/button_Account Settings' is clicked on

2021-05-29 00:55:59 - [MESSAGE][PASSED] - Object: 'Object Repository/Page_Town Square - TOKEN_UPDATED Mattermost/button_Account Settings' is clicked on

2021-05-29 00:55:59 - [TEST_STEP][PASSED] - click(findTestObject("Object Repository/Page_Town Square - TOKEN_UPDATED Mattermost/span_Edit")): Object: 'Object Repository/Page_Town Square - TOKEN_UPDATED Mattermost/span_Edit' is clicked on

2021-05-29 00:56:00 - [MESSAGE][PASSED] - Object: 'Object Repository/Page_Town Square - TOKEN_UPDATED Mattermost/span_Edit' is clicked on

2021-05-29 00:56:00 - [TEST_STEP][PASSED] - setText(findTestObject("Object Repository/Page_Town Square - TOKEN_UPDATED Mattermost/input_Username_username"), "ngoctin12345"): Text 'ngoctin12345' is set on object 'Object Repository/Page_Town Square - TOKEN_UPDATED Mattermost/input_Username_username'

2021-05-29 00:56:01 - [MESSAGE][PASSED] - Text 'ngoctin12345' is set on object 'Object Repository/Page_Town Square - TOKEN_UPDATED Mattermost/input_Username_username'

2021-05-29 00:56:01 - [TEST_STEP][PASSED] - click(findTestObject("Object Repository/Page_Town Square - TOKEN_UPDATED Mattermost/button_Save")): Object: 'Object Repository/Page_Town Square - TOKEN_UPDATED Mattermost/button_Save' is clicked on

2021-05-29 00:56:01 - [MESSAGE][PASSED] - Object: 'Object Repository/Page_Town Square - TOKEN_UPDATED Mattermost/button_Save' is clicked on

2021-05-29 00:56:01 - [TEST_STEP][PASSED] - click(findTestObject("Object Repository/Page_Town Square - TOKEN_UPDATED Mattermost/button_Close")): Object: 'Object Repository/Page_Town Square - TOKEN_UPDATED Mattermost/button_Close' is clicked on

2021-05-29 00:56:02 - [MESSAGE][PASSED] - Object: 'Object Repository/Page_Town Square - TOKEN_UPDATED Mattermost/button_Close' is clicked on

2021-05-29 00:56:02 - [TEST_STEP][PASSED] - closeBrowser(): Browser is closed

2021-05-29 00:56:03 - [MESSAGE][PASSED] - Browser is closed]]></system-out>
         <system-err><![CDATA[]]></system-err>
      </testcase>
      <testcase name="Test Cases/EditClockDiplsy" time="28.508" classname="Test Cases/EditClockDiplsy" status="PASSED">
         <system-out><![CDATA[2021-05-29 00:56:03 - [TEST_CASE][PASSED] - Test Cases/EditClockDiplsy: Test Cases/EditClockDiplsy

2021-05-29 00:56:05 - [TEST_STEP][PASSED] - openBrowser("https://cdnc-group2.herokuapp.com/"): Browser is opened with url: 'https://cdnc-group2.herokuapp.com/'

2021-05-29 00:56:05 - [MESSAGE][INFO] - Starting 'Chrome' driver

2021-05-29 00:56:05 - [MESSAGE][INFO] - Action delay is set to 0 milliseconds

2021-05-29 00:56:11 - [MESSAGE][PASSED] - Browser is opened with url: 'https://cdnc-group2.herokuapp.com/'

2021-05-29 00:56:11 - [TEST_STEP][PASSED] - setText(findTestObject("Login/input_Email"), "ngoctin040999@gmail.com"): Text 'ngoctin040999@gmail.com' is set on object 'Object Repository/Login/input_Email'

2021-05-29 00:56:16 - [MESSAGE][PASSED] - Text 'ngoctin040999@gmail.com' is set on object 'Object Repository/Login/input_Email'

2021-05-29 00:56:16 - [TEST_STEP][PASSED] - setText(findTestObject("Login/input_Password"), "ngoctin1"): Text 'ngoctin1' is set on object 'Object Repository/Login/input_Password'

2021-05-29 00:56:17 - [MESSAGE][PASSED] - Text 'ngoctin1' is set on object 'Object Repository/Login/input_Password'

2021-05-29 00:56:17 - [TEST_STEP][PASSED] - click(findTestObject("Login/button_Sign in")): Object: 'Object Repository/Login/button_Sign in' is clicked on

2021-05-29 00:56:18 - [MESSAGE][PASSED] - Object: 'Object Repository/Login/button_Sign in' is clicked on

2021-05-29 00:56:18 - [TEST_STEP][PASSED] - delay(2): Delayed 2 second(s)

2021-05-29 00:56:20 - [MESSAGE][PASSED] - Delayed 2 second(s)

2021-05-29 00:56:20 - [TEST_STEP][PASSED] - click(findTestObject("UpdatePassword/button_Option")): Object: 'Object Repository/UpdatePassword/button_Option' is clicked on

2021-05-29 00:56:23 - [MESSAGE][PASSED] - Object: 'Object Repository/UpdatePassword/button_Option' is clicked on

2021-05-29 00:56:23 - [TEST_STEP][PASSED] - click(findTestObject("UpdatePassword/button_Account Settings")): Object: 'Object Repository/UpdatePassword/button_Account Settings' is clicked on

2021-05-29 00:56:24 - [MESSAGE][PASSED] - Object: 'Object Repository/UpdatePassword/button_Account Settings' is clicked on

2021-05-29 00:56:24 - [TEST_STEP][PASSED] - click(findTestObject("Edit Theme/button_Display")): Object: 'Object Repository/Edit Theme/button_Display' is clicked on

2021-05-29 00:56:25 - [MESSAGE][PASSED] - Object: 'Object Repository/Edit Theme/button_Display' is clicked on

2021-05-29 00:56:25 - [TEST_STEP][PASSED] - click(findTestObject("Edit Clock Display/button_Edit")): Object: 'Object Repository/Edit Clock Display/button_Edit' is clicked on

2021-05-29 00:56:26 - [MESSAGE][PASSED] - Object: 'Object Repository/Edit Clock Display/button_Edit' is clicked on

2021-05-29 00:56:26 - [TEST_STEP][PASSED] - click(findTestObject("Edit Clock Display/input_Clock Display_24")): Object: 'Object Repository/Edit Clock Display/input_Clock Display_24' is clicked on

2021-05-29 00:56:26 - [MESSAGE][PASSED] - Object: 'Object Repository/Edit Clock Display/input_Clock Display_24' is clicked on

2021-05-29 00:56:26 - [TEST_STEP][PASSED] - click(findTestObject("Edit Clock Display/button_Save")): Object: 'Object Repository/Edit Clock Display/button_Save' is clicked on

2021-05-29 00:56:27 - [MESSAGE][PASSED] - Object: 'Object Repository/Edit Clock Display/button_Save' is clicked on

2021-05-29 00:56:27 - [TEST_STEP][PASSED] - delay(1): Delayed 1 second(s)

2021-05-29 00:56:28 - [MESSAGE][PASSED] - Delayed 1 second(s)

2021-05-29 00:56:28 - [TEST_STEP][PASSED] - click(findTestObject("Edit Clock Display/button_Edit")): Object: 'Object Repository/Edit Clock Display/button_Edit' is clicked on

2021-05-29 00:56:29 - [MESSAGE][PASSED] - Object: 'Object Repository/Edit Clock Display/button_Edit' is clicked on

2021-05-29 00:56:29 - [TEST_STEP][PASSED] - click(findTestObject("Edit Clock Display/input_Clock Display_12")): Object: 'Object Repository/Edit Clock Display/input_Clock Display_12' is clicked on

2021-05-29 00:56:29 - [MESSAGE][PASSED] - Object: 'Object Repository/Edit Clock Display/input_Clock Display_12' is clicked on

2021-05-29 00:56:29 - [TEST_STEP][PASSED] - click(findTestObject("Edit Clock Display/button_Save")): Object: 'Object Repository/Edit Clock Display/button_Save' is clicked on

2021-05-29 00:56:30 - [MESSAGE][PASSED] - Object: 'Object Repository/Edit Clock Display/button_Save' is clicked on

2021-05-29 00:56:30 - [TEST_STEP][PASSED] - delay(1): Delayed 1 second(s)

2021-05-29 00:56:31 - [MESSAGE][PASSED] - Delayed 1 second(s)

2021-05-29 00:56:31 - [TEST_STEP][PASSED] - closeBrowser(): Browser is closed

2021-05-29 00:56:32 - [MESSAGE][PASSED] - Browser is closed]]></system-out>
         <system-err><![CDATA[]]></system-err>
      </testcase>
      <testcase name="Test Cases/EditSideBar" time="29.438" classname="Test Cases/EditSideBar" status="PASSED">
         <system-out><![CDATA[2021-05-29 00:56:32 - [TEST_CASE][PASSED] - Test Cases/EditSideBar: Test Cases/EditSideBar

2021-05-29 00:56:33 - [TEST_STEP][PASSED] - openBrowser("https://cdnc-group2.herokuapp.com/"): Browser is opened with url: 'https://cdnc-group2.herokuapp.com/'

2021-05-29 00:56:33 - [MESSAGE][INFO] - Starting 'Chrome' driver

2021-05-29 00:56:33 - [MESSAGE][INFO] - Action delay is set to 0 milliseconds

2021-05-29 00:56:40 - [MESSAGE][PASSED] - Browser is opened with url: 'https://cdnc-group2.herokuapp.com/'

2021-05-29 00:56:40 - [TEST_STEP][PASSED] - setText(findTestObject("Login/input_Email"), "ngoctin040999@gmail.com"): Text 'ngoctin040999@gmail.com' is set on object 'Object Repository/Login/input_Email'

2021-05-29 00:56:46 - [MESSAGE][PASSED] - Text 'ngoctin040999@gmail.com' is set on object 'Object Repository/Login/input_Email'

2021-05-29 00:56:46 - [TEST_STEP][PASSED] - setText(findTestObject("Login/input_Password"), "ngoctin1"): Text 'ngoctin1' is set on object 'Object Repository/Login/input_Password'

2021-05-29 00:56:47 - [MESSAGE][PASSED] - Text 'ngoctin1' is set on object 'Object Repository/Login/input_Password'

2021-05-29 00:56:47 - [TEST_STEP][PASSED] - click(findTestObject("Login/button_Sign in")): Object: 'Object Repository/Login/button_Sign in' is clicked on

2021-05-29 00:56:48 - [MESSAGE][PASSED] - Object: 'Object Repository/Login/button_Sign in' is clicked on

2021-05-29 00:56:48 - [TEST_STEP][PASSED] - delay(2): Delayed 2 second(s)

2021-05-29 00:56:50 - [MESSAGE][PASSED] - Delayed 2 second(s)

2021-05-29 00:56:50 - [TEST_STEP][PASSED] - click(findTestObject("UpdatePassword/button_Option")): Object: 'Object Repository/UpdatePassword/button_Option' is clicked on

2021-05-29 00:56:52 - [MESSAGE][PASSED] - Object: 'Object Repository/UpdatePassword/button_Option' is clicked on

2021-05-29 00:56:52 - [TEST_STEP][PASSED] - click(findTestObject("UpdatePassword/button_Account Settings")): Object: 'Object Repository/UpdatePassword/button_Account Settings' is clicked on

2021-05-29 00:56:53 - [MESSAGE][PASSED] - Object: 'Object Repository/UpdatePassword/button_Account Settings' is clicked on

2021-05-29 00:56:53 - [TEST_STEP][PASSED] - click(findTestObject("Edit SideBar/button_Sidebar")): Object: 'Object Repository/Edit SideBar/button_Sidebar' is clicked on

2021-05-29 00:56:54 - [MESSAGE][PASSED] - Object: 'Object Repository/Edit SideBar/button_Sidebar' is clicked on

2021-05-29 00:56:54 - [TEST_STEP][PASSED] - click(findTestObject("Edit SideBar/button_Edit")): Object: 'Object Repository/Edit SideBar/button_Edit' is clicked on

2021-05-29 00:56:55 - [MESSAGE][PASSED] - Object: 'Object Repository/Edit SideBar/button_Edit' is clicked on

2021-05-29 00:56:55 - [TEST_STEP][PASSED] - click(findTestObject("Edit SideBar/input_Off")): Object: 'Object Repository/Edit SideBar/input_Off' is clicked on

2021-05-29 00:56:55 - [MESSAGE][PASSED] - Object: 'Object Repository/Edit SideBar/input_Off' is clicked on

2021-05-29 00:56:55 - [TEST_STEP][PASSED] - click(findTestObject("Edit SideBar/button_Save")): Object: 'Object Repository/Edit SideBar/button_Save' is clicked on

2021-05-29 00:56:56 - [MESSAGE][PASSED] - Object: 'Object Repository/Edit SideBar/button_Save' is clicked on

2021-05-29 00:56:56 - [TEST_STEP][PASSED] - delay(1): Delayed 1 second(s)

2021-05-29 00:56:57 - [MESSAGE][PASSED] - Delayed 1 second(s)

2021-05-29 00:56:57 - [TEST_STEP][PASSED] - click(findTestObject("Edit SideBar/button_Edit")): Object: 'Object Repository/Edit SideBar/button_Edit' is clicked on

2021-05-29 00:56:58 - [MESSAGE][PASSED] - Object: 'Object Repository/Edit SideBar/button_Edit' is clicked on

2021-05-29 00:56:58 - [TEST_STEP][PASSED] - click(findTestObject("Edit SideBar/input_On")): Object: 'Object Repository/Edit SideBar/input_On' is clicked on

2021-05-29 00:56:58 - [MESSAGE][PASSED] - Object: 'Object Repository/Edit SideBar/input_On' is clicked on

2021-05-29 00:56:58 - [TEST_STEP][PASSED] - click(findTestObject("Edit SideBar/button_Save")): Object: 'Object Repository/Edit SideBar/button_Save' is clicked on

2021-05-29 00:56:59 - [MESSAGE][PASSED] - Object: 'Object Repository/Edit SideBar/button_Save' is clicked on

2021-05-29 00:56:59 - [TEST_STEP][PASSED] - delay(1): Delayed 1 second(s)

2021-05-29 00:57:00 - [MESSAGE][PASSED] - Delayed 1 second(s)

2021-05-29 00:57:00 - [TEST_STEP][PASSED] - closeBrowser(): Browser is closed

2021-05-29 00:57:01 - [MESSAGE][PASSED] - Browser is closed]]></system-out>
         <system-err><![CDATA[]]></system-err>
      </testcase>
      <testcase name="Test Cases/EditTheme" time="35.383" classname="Test Cases/EditTheme" status="PASSED">
         <system-out><![CDATA[2021-05-29 00:57:01 - [TEST_CASE][PASSED] - Test Cases/EditTheme: Test Cases/EditTheme

2021-05-29 00:57:02 - [TEST_STEP][PASSED] - openBrowser("https://cdnc-group2.herokuapp.com/"): Browser is opened with url: 'https://cdnc-group2.herokuapp.com/'

2021-05-29 00:57:02 - [MESSAGE][INFO] - Starting 'Chrome' driver

2021-05-29 00:57:02 - [MESSAGE][INFO] - Action delay is set to 0 milliseconds

2021-05-29 00:57:09 - [MESSAGE][PASSED] - Browser is opened with url: 'https://cdnc-group2.herokuapp.com/'

2021-05-29 00:57:09 - [TEST_STEP][PASSED] - setText(findTestObject("Login/input_Email"), "ngoctin040999@gmail.com"): Text 'ngoctin040999@gmail.com' is set on object 'Object Repository/Login/input_Email'

2021-05-29 00:57:14 - [MESSAGE][PASSED] - Text 'ngoctin040999@gmail.com' is set on object 'Object Repository/Login/input_Email'

2021-05-29 00:57:14 - [TEST_STEP][PASSED] - setText(findTestObject("Login/input_Password"), "ngoctin1"): Text 'ngoctin1' is set on object 'Object Repository/Login/input_Password'

2021-05-29 00:57:15 - [MESSAGE][PASSED] - Text 'ngoctin1' is set on object 'Object Repository/Login/input_Password'

2021-05-29 00:57:15 - [TEST_STEP][PASSED] - click(findTestObject("Login/button_Sign in")): Object: 'Object Repository/Login/button_Sign in' is clicked on

2021-05-29 00:57:16 - [MESSAGE][PASSED] - Object: 'Object Repository/Login/button_Sign in' is clicked on

2021-05-29 00:57:16 - [TEST_STEP][PASSED] - delay(2): Delayed 2 second(s)

2021-05-29 00:57:18 - [MESSAGE][PASSED] - Delayed 2 second(s)

2021-05-29 00:57:18 - [TEST_STEP][PASSED] - click(findTestObject("UpdatePassword/button_Option")): Object: 'Object Repository/UpdatePassword/button_Option' is clicked on

2021-05-29 00:57:21 - [MESSAGE][PASSED] - Object: 'Object Repository/UpdatePassword/button_Option' is clicked on

2021-05-29 00:57:21 - [TEST_STEP][PASSED] - click(findTestObject("UpdatePassword/button_Account Settings")): Object: 'Object Repository/UpdatePassword/button_Account Settings' is clicked on

2021-05-29 00:57:22 - [MESSAGE][PASSED] - Object: 'Object Repository/UpdatePassword/button_Account Settings' is clicked on

2021-05-29 00:57:22 - [TEST_STEP][PASSED] - click(findTestObject("Edit Theme/button_Display")): Object: 'Object Repository/Edit Theme/button_Display' is clicked on

2021-05-29 00:57:23 - [MESSAGE][PASSED] - Object: 'Object Repository/Edit Theme/button_Display' is clicked on

2021-05-29 00:57:23 - [TEST_STEP][PASSED] - click(findTestObject("Edit Theme/button_Edit")): Object: 'Object Repository/Edit Theme/button_Edit' is clicked on

2021-05-29 00:57:23 - [MESSAGE][PASSED] - Object: 'Object Repository/Edit Theme/button_Edit' is clicked on

2021-05-29 00:57:23 - [TEST_STEP][PASSED] - click(findTestObject("Edit Theme/img_Mattermost Dark_img-responsive")): Object: 'Object Repository/Edit Theme/img_Mattermost Dark_img-responsive' is clicked on

2021-05-29 00:57:24 - [MESSAGE][PASSED] - Object: 'Object Repository/Edit Theme/img_Mattermost Dark_img-responsive' is clicked on

2021-05-29 00:57:24 - [TEST_STEP][PASSED] - click(findTestObject("Edit Theme/button_Save")): Object: 'Object Repository/Edit Theme/button_Save' is clicked on

2021-05-29 00:57:25 - [MESSAGE][PASSED] - Object: 'Object Repository/Edit Theme/button_Save' is clicked on

2021-05-29 00:57:25 - [TEST_STEP][PASSED] - delay(2): Delayed 2 second(s)

2021-05-29 00:57:27 - [MESSAGE][PASSED] - Delayed 2 second(s)

2021-05-29 00:57:27 - [TEST_STEP][PASSED] - click(findTestObject("Edit Theme/button_Edit")): Object: 'Object Repository/Edit Theme/button_Edit' is clicked on

2021-05-29 00:57:28 - [MESSAGE][PASSED] - Object: 'Object Repository/Edit Theme/button_Edit' is clicked on

2021-05-29 00:57:28 - [TEST_STEP][PASSED] - click(findTestObject("Edit Theme/img_Mattermost_img-responsive")): Object: 'Object Repository/Edit Theme/img_Mattermost_img-responsive' is clicked on

2021-05-29 00:57:29 - [MESSAGE][PASSED] - Object: 'Object Repository/Edit Theme/img_Mattermost_img-responsive' is clicked on

2021-05-29 00:57:29 - [TEST_STEP][PASSED] - click(findTestObject("Edit Theme/button_Save")): Object: 'Object Repository/Edit Theme/button_Save' is clicked on

2021-05-29 00:57:30 - [MESSAGE][PASSED] - Object: 'Object Repository/Edit Theme/button_Save' is clicked on

2021-05-29 00:57:30 - [TEST_STEP][PASSED] - delay(2): Delayed 2 second(s)

2021-05-29 00:57:32 - [MESSAGE][PASSED] - Delayed 2 second(s)

2021-05-29 00:57:32 - [TEST_STEP][PASSED] - click(findTestObject("Edit Theme/button_Edit")): Object: 'Object Repository/Edit Theme/button_Edit' is clicked on

2021-05-29 00:57:32 - [MESSAGE][PASSED] - Object: 'Object Repository/Edit Theme/button_Edit' is clicked on

2021-05-29 00:57:32 - [TEST_STEP][PASSED] - click(findTestObject("Edit Theme/img_Organization_img-responsive")): Object: 'Object Repository/Edit Theme/img_Organization_img-responsive' is clicked on

2021-05-29 00:57:33 - [MESSAGE][PASSED] - Object: 'Object Repository/Edit Theme/img_Organization_img-responsive' is clicked on

2021-05-29 00:57:33 - [TEST_STEP][PASSED] - click(findTestObject("Edit Theme/button_Save")): Object: 'Object Repository/Edit Theme/button_Save' is clicked on

2021-05-29 00:57:34 - [MESSAGE][PASSED] - Object: 'Object Repository/Edit Theme/button_Save' is clicked on

2021-05-29 00:57:34 - [TEST_STEP][PASSED] - delay(2): Delayed 2 second(s)

2021-05-29 00:57:36 - [MESSAGE][PASSED] - Delayed 2 second(s)

2021-05-29 00:57:36 - [TEST_STEP][PASSED] - closeBrowser(): Browser is closed

2021-05-29 00:57:37 - [MESSAGE][PASSED] - Browser is closed]]></system-out>
         <system-err><![CDATA[]]></system-err>
      </testcase>
      <testcase name="Test Cases/IgnoreMentions" time="23.291" classname="Test Cases/IgnoreMentions" status="PASSED">
         <system-out><![CDATA[2021-05-29 00:57:37 - [TEST_CASE][PASSED] - Test Cases/IgnoreMentions: Test Cases/IgnoreMentions

2021-05-29 00:57:38 - [TEST_STEP][PASSED] - openBrowser("https://cdnc-group2.herokuapp.com/"): Browser is opened with url: 'https://cdnc-group2.herokuapp.com/'

2021-05-29 00:57:38 - [MESSAGE][INFO] - Starting 'Chrome' driver

2021-05-29 00:57:38 - [MESSAGE][INFO] - Action delay is set to 0 milliseconds

2021-05-29 00:57:44 - [MESSAGE][PASSED] - Browser is opened with url: 'https://cdnc-group2.herokuapp.com/'

2021-05-29 00:57:44 - [TEST_STEP][PASSED] - setText(findTestObject("Login/input_Email"), "ngoctin040999@gmail.com"): Text 'ngoctin040999@gmail.com' is set on object 'Object Repository/Login/input_Email'

2021-05-29 00:57:49 - [MESSAGE][PASSED] - Text 'ngoctin040999@gmail.com' is set on object 'Object Repository/Login/input_Email'

2021-05-29 00:57:49 - [TEST_STEP][PASSED] - setText(findTestObject("Login/input_Password"), "ngoctin1"): Text 'ngoctin1' is set on object 'Object Repository/Login/input_Password'

2021-05-29 00:57:50 - [MESSAGE][PASSED] - Text 'ngoctin1' is set on object 'Object Repository/Login/input_Password'

2021-05-29 00:57:50 - [TEST_STEP][PASSED] - click(findTestObject("Login/button_Sign in")): Object: 'Object Repository/Login/button_Sign in' is clicked on

2021-05-29 00:57:51 - [MESSAGE][PASSED] - Object: 'Object Repository/Login/button_Sign in' is clicked on

2021-05-29 00:57:51 - [TEST_STEP][PASSED] - delay(2): Delayed 2 second(s)

2021-05-29 00:57:53 - [MESSAGE][PASSED] - Delayed 2 second(s)

2021-05-29 00:57:53 - [TEST_STEP][PASSED] - click(findTestObject("Ignore mentions/button_Town Square")): Object: 'Object Repository/Ignore mentions/button_Town Square' is clicked on

2021-05-29 00:57:55 - [MESSAGE][PASSED] - Object: 'Object Repository/Ignore mentions/button_Town Square' is clicked on

2021-05-29 00:57:55 - [TEST_STEP][PASSED] - click(findTestObject("Ignore mentions/button_Notification Preferences")): Object: 'Object Repository/Ignore mentions/button_Notification Preferences' is clicked on

2021-05-29 00:57:56 - [MESSAGE][PASSED] - Object: 'Object Repository/Ignore mentions/button_Notification Preferences' is clicked on

2021-05-29 00:57:56 - [TEST_STEP][PASSED] - click(findTestObject("Ignore mentions/button_Edit")): Object: 'Object Repository/Ignore mentions/button_Edit' is clicked on

2021-05-29 00:57:56 - [MESSAGE][PASSED] - Object: 'Object Repository/Ignore mentions/button_Edit' is clicked on

2021-05-29 00:57:56 - [TEST_STEP][PASSED] - click(findTestObject("Ignore mentions/input_Ignore mentions for channel, here and all_ignoreChannelMentions")): Object: 'Object Repository/Ignore mentions/input_Ignore mentions for channel, here and all_ignoreChannelMentions' is clicked on

2021-05-29 00:57:57 - [MESSAGE][PASSED] - Object: 'Object Repository/Ignore mentions/input_Ignore mentions for channel, here and all_ignoreChannelMentions' is clicked on

2021-05-29 00:57:57 - [TEST_STEP][PASSED] - click(findTestObject("Ignore mentions/button_Save")): Object: 'Object Repository/Ignore mentions/button_Save' is clicked on

2021-05-29 00:57:57 - [MESSAGE][PASSED] - Object: 'Object Repository/Ignore mentions/button_Save' is clicked on

2021-05-29 00:57:57 - [TEST_STEP][PASSED] - verifyElementVisible(findTestObject("Ignore mentions/span_On")): Object 'Object Repository/Ignore mentions/span_On' is visible

2021-05-29 00:57:58 - [MESSAGE][PASSED] - Object 'Object Repository/Ignore mentions/span_On' is visible

2021-05-29 00:57:58 - [TEST_STEP][PASSED] - delay(1): Delayed 1 second(s)

2021-05-29 00:57:59 - [MESSAGE][PASSED] - Delayed 1 second(s)

2021-05-29 00:57:59 - [TEST_STEP][PASSED] - closeBrowser(): Browser is closed

2021-05-29 00:58:00 - [MESSAGE][PASSED] - Browser is closed]]></system-out>
         <system-err><![CDATA[]]></system-err>
      </testcase>
      <testcase name="Test Cases/UpdateChannelName" time="24.829" classname="Test Cases/UpdateChannelName" status="PASSED">
         <system-out><![CDATA[2021-05-29 00:58:00 - [TEST_CASE][PASSED] - Test Cases/UpdateChannelName: Test Cases/UpdateChannelName

2021-05-29 00:58:01 - [TEST_STEP][PASSED] - openBrowser(""): Browser is opened with url: ''

2021-05-29 00:58:01 - [MESSAGE][INFO] - Starting 'Chrome' driver

2021-05-29 00:58:01 - [MESSAGE][INFO] - Action delay is set to 0 milliseconds

2021-05-29 00:58:03 - [MESSAGE][PASSED] - Browser is opened with url: ''

2021-05-29 00:58:03 - [TEST_STEP][PASSED] - navigateToUrl("https://cdnc-group2.herokuapp.com/"): Navigate to 'https://cdnc-group2.herokuapp.com/' successfully

2021-05-29 00:58:07 - [MESSAGE][PASSED] - Navigate to 'https://cdnc-group2.herokuapp.com/' successfully

2021-05-29 00:58:07 - [TEST_STEP][PASSED] - setText(findTestObject("Object Repository/Page_Mattermost/input_All team communication in one place, _dcc84b"), "ngoctin040999@gmail.com"): Text 'ngoctin040999@gmail.com' is set on object 'Object Repository/Page_Mattermost/input_All team communication in one place, _dcc84b'

2021-05-29 00:58:13 - [MESSAGE][PASSED] - Text 'ngoctin040999@gmail.com' is set on object 'Object Repository/Page_Mattermost/input_All team communication in one place, _dcc84b'

2021-05-29 00:58:13 - [TEST_STEP][PASSED] - setEncryptedText(findTestObject("Object Repository/Page_Mattermost/input_All team communication in one place, _a3edc6"), "S8w1SJvl7D1hts9IdMV+NQ=="): Text ****** has been set on object 'Object Repository/Page_Mattermost/input_All team communication in one place, _a3edc6'

2021-05-29 00:58:14 - [MESSAGE][PASSED] - Text ****** has been set on object 'Object Repository/Page_Mattermost/input_All team communication in one place, _a3edc6'

2021-05-29 00:58:14 - [TEST_STEP][PASSED] - sendKeys(findTestObject("Object Repository/Page_Mattermost/input_All team communication in one place, _a3edc6"), Keys.chord(ENTER)): Keys 'ENTER + ' sent to object: 'Object Repository/Page_Mattermost/input_All team communication in one place, _a3edc6'

2021-05-29 00:58:15 - [MESSAGE][PASSED] - Keys 'ENTER + ' sent to object: 'Object Repository/Page_Mattermost/input_All team communication in one place, _a3edc6'

2021-05-29 00:58:15 - [TEST_STEP][PASSED] - click(findTestObject("Object Repository/Page_Town Square - Team Mattermost/span_Test 123")): Object: 'Object Repository/Page_Town Square - Team Mattermost/span_Test 123' is clicked on

2021-05-29 00:58:19 - [MESSAGE][PASSED] - Object: 'Object Repository/Page_Town Square - Team Mattermost/span_Test 123' is clicked on

2021-05-29 00:58:19 - [TEST_STEP][PASSED] - click(findTestObject("Object Repository/Page_Test 123 - Team Mattermost/span_Test 123_channelHeaderDropdownIcon")): Object: 'Object Repository/Page_Test 123 - Team Mattermost/span_Test 123_channelHeaderDropdownIcon' is clicked on

2021-05-29 00:58:21 - [MESSAGE][PASSED] - Object: 'Object Repository/Page_Test 123 - Team Mattermost/span_Test 123_channelHeaderDropdownIcon' is clicked on

2021-05-29 00:58:21 - [TEST_STEP][PASSED] - click(findTestObject("Object Repository/Page_Test 123 - Team Mattermost/span_Rename Channel")): Object: 'Object Repository/Page_Test 123 - Team Mattermost/span_Rename Channel' is clicked on

2021-05-29 00:58:22 - [MESSAGE][PASSED] - Object: 'Object Repository/Page_Test 123 - Team Mattermost/span_Rename Channel' is clicked on

2021-05-29 00:58:22 - [TEST_STEP][PASSED] - setText(findTestObject("Object Repository/Page_Test 123 - Team Mattermost/input_Display Name_display_name"), "Test 123"): Text 'Test 123' is set on object 'Object Repository/Page_Test 123 - Team Mattermost/input_Display Name_display_name'

2021-05-29 00:58:23 - [MESSAGE][PASSED] - Text 'Test 123' is set on object 'Object Repository/Page_Test 123 - Team Mattermost/input_Display Name_display_name'

2021-05-29 00:58:23 - [TEST_STEP][PASSED] - click(findTestObject("Object Repository/Page_Test 123 - Team Mattermost/span_Save")): Object: 'Object Repository/Page_Test 123 - Team Mattermost/span_Save' is clicked on

2021-05-29 00:58:23 - [MESSAGE][PASSED] - Object: 'Object Repository/Page_Test 123 - Team Mattermost/span_Save' is clicked on

2021-05-29 00:58:23 - [TEST_STEP][PASSED] - closeBrowser(): Browser is closed

2021-05-29 00:58:25 - [MESSAGE][PASSED] - Browser is closed]]></system-out>
         <system-err><![CDATA[]]></system-err>
      </testcase>
      <testcase name="Test Cases/UpdateDescriptionChannel" time="44.452" classname="Test Cases/UpdateDescriptionChannel" status="PASSED">
         <system-out><![CDATA[2021-05-29 00:58:25 - [TEST_CASE][PASSED] - Test Cases/UpdateDescriptionChannel: Test Cases/UpdateDescriptionChannel

2021-05-29 00:58:26 - [TEST_STEP][PASSED] - openBrowser(""): Browser is opened with url: ''

2021-05-29 00:58:26 - [MESSAGE][INFO] - Starting 'Chrome' driver

2021-05-29 00:58:26 - [MESSAGE][INFO] - Action delay is set to 0 milliseconds

2021-05-29 00:58:28 - [MESSAGE][PASSED] - Browser is opened with url: ''

2021-05-29 00:58:28 - [TEST_STEP][PASSED] - navigateToUrl("https://cdnc-group2.herokuapp.com/"): Navigate to 'https://cdnc-group2.herokuapp.com/' successfully

2021-05-29 00:58:32 - [MESSAGE][PASSED] - Navigate to 'https://cdnc-group2.herokuapp.com/' successfully

2021-05-29 00:58:32 - [TEST_STEP][PASSED] - setText(findTestObject("Object Repository/Page_Mattermost/input_All team communication in one place, _dcc84b"), "ngoctin040999@gmail.com"): Text 'ngoctin040999@gmail.com' is set on object 'Object Repository/Page_Mattermost/input_All team communication in one place, _dcc84b'

2021-05-29 00:58:38 - [MESSAGE][PASSED] - Text 'ngoctin040999@gmail.com' is set on object 'Object Repository/Page_Mattermost/input_All team communication in one place, _dcc84b'

2021-05-29 00:58:38 - [TEST_STEP][PASSED] - setEncryptedText(findTestObject("Object Repository/Page_Mattermost/input_All team communication in one place, _a3edc6"), "S8w1SJvl7D1hts9IdMV+NQ=="): Text ****** has been set on object 'Object Repository/Page_Mattermost/input_All team communication in one place, _a3edc6'

2021-05-29 00:58:39 - [MESSAGE][PASSED] - Text ****** has been set on object 'Object Repository/Page_Mattermost/input_All team communication in one place, _a3edc6'

2021-05-29 00:58:39 - [TEST_STEP][PASSED] - sendKeys(findTestObject("Object Repository/Page_Mattermost/input_All team communication in one place, _a3edc6"), Keys.chord(ENTER)): Keys 'ENTER + ' sent to object: 'Object Repository/Page_Mattermost/input_All team communication in one place, _a3edc6'

2021-05-29 00:58:40 - [MESSAGE][PASSED] - Keys 'ENTER + ' sent to object: 'Object Repository/Page_Mattermost/input_All team communication in one place, _a3edc6'

2021-05-29 00:58:40 - [TEST_STEP][PASSED] - click(findTestObject("Object Repository/Page_Town Square - Team Mattermost/span_Test 123")): Object: 'Object Repository/Page_Town Square - Team Mattermost/span_Test 123' is clicked on

2021-05-29 00:58:44 - [MESSAGE][PASSED] - Object: 'Object Repository/Page_Town Square - Team Mattermost/span_Test 123' is clicked on

2021-05-29 00:58:44 - [TEST_STEP][PASSED] - click(findTestObject("Object Repository/Page_Test 123 - Team Mattermost/span_Test 123_channelHeaderDropdownIcon")): Object: 'Object Repository/Page_Test 123 - Team Mattermost/span_Test 123_channelHeaderDropdownIcon' is clicked on

2021-05-29 00:58:45 - [MESSAGE][PASSED] - Object: 'Object Repository/Page_Test 123 - Team Mattermost/span_Test 123_channelHeaderDropdownIcon' is clicked on

2021-05-29 00:58:45 - [TEST_STEP][PASSED] - click(findTestObject("Object Repository/Page_Test 123 - Team Mattermost/span_Edit Channel Header")): Object: 'Object Repository/Page_Test 123 - Team Mattermost/span_Edit Channel Header' is clicked on

2021-05-29 00:58:47 - [MESSAGE][PASSED] - Object: 'Object Repository/Page_Test 123 - Team Mattermost/span_Edit Channel Header' is clicked on

2021-05-29 00:58:47 - [TEST_STEP][PASSED] - click(findTestObject("Object Repository/Page_Test 123 - Team Mattermost/div_CloseEdit Header for Test 123Edit the t_4a8350")): Object: 'Object Repository/Page_Test 123 - Team Mattermost/div_CloseEdit Header for Test 123Edit the t_4a8350' is clicked on

2021-05-29 00:58:47 - [MESSAGE][PASSED] - Object: 'Object Repository/Page_Test 123 - Team Mattermost/div_CloseEdit Header for Test 123Edit the t_4a8350' is clicked on

2021-05-29 00:58:47 - [TEST_STEP][PASSED] - setText(findTestObject("Object Repository/Page_Test 123 - Team Mattermost/textarea_Test Description"), "T"): Text 'T' is set on object 'Object Repository/Page_Test 123 - Team Mattermost/textarea_Test Description'

2021-05-29 00:58:48 - [MESSAGE][PASSED] - Text 'T' is set on object 'Object Repository/Page_Test 123 - Team Mattermost/textarea_Test Description'

2021-05-29 00:58:48 - [TEST_STEP][PASSED] - setText(findTestObject("Object Repository/Page_Test 123 - Team Mattermost/textarea_T"), "Te"): Text 'Te' is set on object 'Object Repository/Page_Test 123 - Team Mattermost/textarea_T'

2021-05-29 00:58:49 - [MESSAGE][PASSED] - Text 'Te' is set on object 'Object Repository/Page_Test 123 - Team Mattermost/textarea_T'

2021-05-29 00:58:49 - [TEST_STEP][PASSED] - setText(findTestObject("Object Repository/Page_Test 123 - Team Mattermost/textarea_Te"), "Tes"): Text 'Tes' is set on object 'Object Repository/Page_Test 123 - Team Mattermost/textarea_Te'

2021-05-29 00:58:50 - [MESSAGE][PASSED] - Text 'Tes' is set on object 'Object Repository/Page_Test 123 - Team Mattermost/textarea_Te'

2021-05-29 00:58:50 - [TEST_STEP][PASSED] - setText(findTestObject("Object Repository/Page_Test 123 - Team Mattermost/textarea_Tes"), "Test"): Text 'Test' is set on object 'Object Repository/Page_Test 123 - Team Mattermost/textarea_Tes'

2021-05-29 00:58:51 - [MESSAGE][PASSED] - Text 'Test' is set on object 'Object Repository/Page_Test 123 - Team Mattermost/textarea_Tes'

2021-05-29 00:58:51 - [TEST_STEP][PASSED] - setText(findTestObject("Object Repository/Page_Test 123 - Team Mattermost/textarea_Test"), "Test "): Text 'Test ' is set on object 'Object Repository/Page_Test 123 - Team Mattermost/textarea_Test'

2021-05-29 00:58:52 - [MESSAGE][PASSED] - Text 'Test ' is set on object 'Object Repository/Page_Test 123 - Team Mattermost/textarea_Test'

2021-05-29 00:58:52 - [TEST_STEP][PASSED] - setText(findTestObject("Object Repository/Page_Test 123 - Team Mattermost/textarea_Test_1"), "Test D"): Text 'Test D' is set on object 'Object Repository/Page_Test 123 - Team Mattermost/textarea_Test_1'

2021-05-29 00:58:53 - [MESSAGE][PASSED] - Text 'Test D' is set on object 'Object Repository/Page_Test 123 - Team Mattermost/textarea_Test_1'

2021-05-29 00:58:53 - [TEST_STEP][PASSED] - setText(findTestObject("Object Repository/Page_Test 123 - Team Mattermost/textarea_Test D"), "Test De"): Text 'Test De' is set on object 'Object Repository/Page_Test 123 - Team Mattermost/textarea_Test D'

2021-05-29 00:58:54 - [MESSAGE][PASSED] - Text 'Test De' is set on object 'Object Repository/Page_Test 123 - Team Mattermost/textarea_Test D'

2021-05-29 00:58:54 - [TEST_STEP][PASSED] - setText(findTestObject("Object Repository/Page_Test 123 - Team Mattermost/textarea_Test De"), "Test Des"): Text 'Test Des' is set on object 'Object Repository/Page_Test 123 - Team Mattermost/textarea_Test De'

2021-05-29 00:58:55 - [MESSAGE][PASSED] - Text 'Test Des' is set on object 'Object Repository/Page_Test 123 - Team Mattermost/textarea_Test De'

2021-05-29 00:58:55 - [TEST_STEP][PASSED] - setText(findTestObject("Object Repository/Page_Test 123 - Team Mattermost/textarea_Test Des"), "Test Desc"): Text 'Test Desc' is set on object 'Object Repository/Page_Test 123 - Team Mattermost/textarea_Test Des'

2021-05-29 00:58:56 - [MESSAGE][PASSED] - Text 'Test Desc' is set on object 'Object Repository/Page_Test 123 - Team Mattermost/textarea_Test Des'

2021-05-29 00:58:56 - [TEST_STEP][PASSED] - setText(findTestObject("Object Repository/Page_Test 123 - Team Mattermost/textarea_Test Desc"), "Test Descu"): Text 'Test Descu' is set on object 'Object Repository/Page_Test 123 - Team Mattermost/textarea_Test Desc'

2021-05-29 00:58:57 - [MESSAGE][PASSED] - Text 'Test Descu' is set on object 'Object Repository/Page_Test 123 - Team Mattermost/textarea_Test Desc'

2021-05-29 00:58:57 - [TEST_STEP][PASSED] - setText(findTestObject("Object Repository/Page_Test 123 - Team Mattermost/textarea_Test Descu"), "Test Descur"): Text 'Test Descur' is set on object 'Object Repository/Page_Test 123 - Team Mattermost/textarea_Test Descu'

2021-05-29 00:58:58 - [MESSAGE][PASSED] - Text 'Test Descur' is set on object 'Object Repository/Page_Test 123 - Team Mattermost/textarea_Test Descu'

2021-05-29 00:58:58 - [TEST_STEP][PASSED] - setText(findTestObject("Object Repository/Page_Test 123 - Team Mattermost/textarea_Test Descur"), "Test Descu"): Text 'Test Descu' is set on object 'Object Repository/Page_Test 123 - Team Mattermost/textarea_Test Descur'

2021-05-29 00:58:59 - [MESSAGE][PASSED] - Text 'Test Descu' is set on object 'Object Repository/Page_Test 123 - Team Mattermost/textarea_Test Descur'

2021-05-29 00:58:59 - [TEST_STEP][PASSED] - setText(findTestObject("Object Repository/Page_Test 123 - Team Mattermost/textarea_Test Descu"), "Test Desc"): Text 'Test Desc' is set on object 'Object Repository/Page_Test 123 - Team Mattermost/textarea_Test Descu'

2021-05-29 00:59:00 - [MESSAGE][PASSED] - Text 'Test Desc' is set on object 'Object Repository/Page_Test 123 - Team Mattermost/textarea_Test Descu'

2021-05-29 00:59:00 - [TEST_STEP][PASSED] - setText(findTestObject("Object Repository/Page_Test 123 - Team Mattermost/textarea_Test Desc"), "Test Descr"): Text 'Test Descr' is set on object 'Object Repository/Page_Test 123 - Team Mattermost/textarea_Test Desc'

2021-05-29 00:59:01 - [MESSAGE][PASSED] - Text 'Test Descr' is set on object 'Object Repository/Page_Test 123 - Team Mattermost/textarea_Test Desc'

2021-05-29 00:59:01 - [TEST_STEP][PASSED] - setText(findTestObject("Object Repository/Page_Test 123 - Team Mattermost/textarea_Test Descr"), "Test Descri"): Text 'Test Descri' is set on object 'Object Repository/Page_Test 123 - Team Mattermost/textarea_Test Descr'

2021-05-29 00:59:02 - [MESSAGE][PASSED] - Text 'Test Descri' is set on object 'Object Repository/Page_Test 123 - Team Mattermost/textarea_Test Descr'

2021-05-29 00:59:02 - [TEST_STEP][PASSED] - setText(findTestObject("Object Repository/Page_Test 123 - Team Mattermost/textarea_Test Descri"), "Test Descrip"): Text 'Test Descrip' is set on object 'Object Repository/Page_Test 123 - Team Mattermost/textarea_Test Descri'

2021-05-29 00:59:03 - [MESSAGE][PASSED] - Text 'Test Descrip' is set on object 'Object Repository/Page_Test 123 - Team Mattermost/textarea_Test Descri'

2021-05-29 00:59:03 - [TEST_STEP][PASSED] - setText(findTestObject("Object Repository/Page_Test 123 - Team Mattermost/textarea_Test Descrip"), "Test Descript"): Text 'Test Descript' is set on object 'Object Repository/Page_Test 123 - Team Mattermost/textarea_Test Descrip'

2021-05-29 00:59:04 - [MESSAGE][PASSED] - Text 'Test Descript' is set on object 'Object Repository/Page_Test 123 - Team Mattermost/textarea_Test Descrip'

2021-05-29 00:59:04 - [TEST_STEP][PASSED] - setText(findTestObject("Object Repository/Page_Test 123 - Team Mattermost/textarea_Test Descript"), "Test Descripti"): Text 'Test Descripti' is set on object 'Object Repository/Page_Test 123 - Team Mattermost/textarea_Test Descript'

2021-05-29 00:59:05 - [MESSAGE][PASSED] - Text 'Test Descripti' is set on object 'Object Repository/Page_Test 123 - Team Mattermost/textarea_Test Descript'

2021-05-29 00:59:05 - [TEST_STEP][PASSED] - setText(findTestObject("Object Repository/Page_Test 123 - Team Mattermost/textarea_Test Descripti"), "Test Descriptio"): Text 'Test Descriptio' is set on object 'Object Repository/Page_Test 123 - Team Mattermost/textarea_Test Descripti'

2021-05-29 00:59:06 - [MESSAGE][PASSED] - Text 'Test Descriptio' is set on object 'Object Repository/Page_Test 123 - Team Mattermost/textarea_Test Descripti'

[...]
	at Script1622007899682.run(Script1622007899682.groovy:24)
	... 13 more
)
[[ATTACHMENT|C:\\Users\\tanth\\git\\katalon\\Reports\\20210529_005103\\Run all test cases\\20210529_005103\\1622227050088.png]]]]></system-out>
         <system-err><![CDATA[2021-05-29 01:36:11 - [TEST_CASE][FAILED] - Test Cases/Main/TestCaseLeaveTeam: Test Cases/Main/TestCaseLeaveTeam FAILED.
Reason:
com.kms.katalon.core.exception.StepFailedException: Unable to click on object 'Object Repository/LeaveTeam/Page_Town Square - 123 Mattermost/svg'
	at com.kms.katalon.core.webui.keyword.internal.WebUIKeywordMain.stepFailed(WebUIKeywordMain.groovy:64)
	at com.kms.katalon.core.webui.keyword.internal.WebUIKeywordMain.runKeyword(WebUIKeywordMain.groovy:26)
	at com.kms.katalon.core.webui.keyword.builtin.ClickKeyword.click(ClickKeyword.groovy:75)
	at com.kms.katalon.core.webui.keyword.builtin.ClickKeyword.execute(ClickKeyword.groovy:42)
	at com.kms.katalon.core.keyword.internal.KeywordExecutor.executeKeywordForPlatform(KeywordExecutor.groovy:73)
	at com.kms.katalon.core.webui.keyword.WebUiBuiltInKeywords.click(WebUiBuiltInKeywords.groovy:619)
	at com.kms.katalon.core.webui.keyword.WebUiBuiltInKeywords$click$4.call(Unknown Source)
	at TestCaseLeaveTeam.run(TestCaseLeaveTeam:24)
	at com.kms.katalon.core.main.ScriptEngine.run(ScriptEngine.java:194)
	at com.kms.katalon.core.main.ScriptEngine.runScriptAsRawText(ScriptEngine.java:119)
	at com.kms.katalon.core.main.TestCaseExecutor.runScript(TestCaseExecutor.java:398)
	at com.kms.katalon.core.main.TestCaseExecutor.doExecute(TestCaseExecutor.java:389)
	at com.kms.katalon.core.main.TestCaseExecutor.processExecutionPhase(TestCaseExecutor.java:368)
	at com.kms.katalon.core.main.TestCaseExecutor.accessMainPhase(TestCaseExecutor.java:360)
	at com.kms.katalon.core.main.TestCaseExecutor.execute(TestCaseExecutor.java:255)
	at com.kms.katalon.core.main.TestSuiteExecutor.accessTestCaseMainPhase(TestSuiteExecutor.java:203)
	at com.kms.katalon.core.main.TestSuiteExecutor.accessTestSuiteMainPhase(TestSuiteExecutor.java:152)
	at com.kms.katalon.core.main.TestSuiteExecutor.execute(TestSuiteExecutor.java:95)
	at com.kms.katalon.core.main.TestCaseMain.startTestSuite(TestCaseMain.java:157)
	at com.kms.katalon.core.main.TestCaseMain$startTestSuite$0.call(Unknown Source)
	at TempTestSuite1622224263190.run(TempTestSuite1622224263190.groovy:39)
Caused by: org.openqa.selenium.ElementClickInterceptedException: element click intercepted: Element <svg width="13px" height="13px" viewBox="0 0 16 16" role="presentation" aria-label="Public Channel Icon">...</svg> is not clickable at point (23, 271). Other element would receive the click: <button class="style--none " actions="[object Object]" intl="[object Object]" data-toggle="modal toggle" aria-label="Manage Members dialog">...</button>
  (Session info: chrome=90.0.4430.212)
Build info: version: '3.141.59', revision: 'e82be7d358', time: '2018-11-14T08:25:53'
System info: host: 'DESKTOP-0HE72I0', ip: '192.168.243.2', os.name: 'Windows 10', os.arch: 'amd64', os.version: '10.0', java.version: '1.8.0_282'
Driver info: com.kms.katalon.selenium.driver.CChromeDriver
Capabilities {acceptInsecureCerts: false, browserName: chrome, browserVersion: 90.0.4430.212, chrome: {chromedriverVersion: 90.0.4430.24 (4c6d850f087da..., userDataDir: C:\Users\tanth\AppData\Loca...}, goog:chromeOptions: {debuggerAddress: localhost:52109}, javascriptEnabled: true, networkConnectionEnabled: false, pageLoadStrategy: normal, platform: WINDOWS, platformName: WINDOWS, proxy: Proxy(), setWindowRect: true, strictFileInteractability: false, timeouts: {implicit: 0, pageLoad: 300000, script: 30000}, unhandledPromptBehavior: dismiss and notify, webauthn:extension:largeBlob: true, webauthn:virtualAuthenticators: true}
Session ID: 43e1f6f14bbdd5f8a564a442d3bed484
	at org.openqa.selenium.remote.http.W3CHttpResponseCodec.createException(W3CHttpResponseCodec.java:187)
	at org.openqa.selenium.remote.http.W3CHttpResponseCodec.decode(W3CHttpResponseCodec.java:122)
	at org.openqa.selenium.remote.http.W3CHttpResponseCodec.decode(W3CHttpResponseCodec.java:49)
	at org.openqa.selenium.remote.HttpCommandExecutor.execute(HttpCommandExecutor.java:158)
	at org.openqa.selenium.remote.service.DriverCommandExecutor.execute(DriverCommandExecutor.java:83)
	at org.openqa.selenium.remote.RemoteWebDriver.execute(RemoteWebDriver.java:552)
	at com.kms.katalon.selenium.driver.CChromeDriver.execute(CChromeDriver.java:19)
	at org.openqa.selenium.remote.RemoteWebElement.execute(RemoteWebElement.java:285)
	at org.openqa.selenium.remote.RemoteWebElement.click(RemoteWebElement.java:84)
	at org.openqa.selenium.support.events.EventFiringWebDriver$EventFiringWebElement.lambda$new$0(EventFiringWebDriver.java:404)
	at com.sun.proxy.$Proxy11.click(Unknown Source)
	at org.openqa.selenium.support.events.EventFiringWebDriver$EventFiringWebElement.click(EventFiringWebDriver.java:417)
	at com.kms.katalon.core.webui.keyword.builtin.ClickKeyword$_click_closure1.doCall(ClickKeyword.groovy:68)
	at com.kms.katalon.core.webui.keyword.builtin.ClickKeyword$_click_closure1.call(ClickKeyword.groovy)
	at com.kms.katalon.core.webui.keyword.internal.WebUIKeywordMain.runKeyword(WebUIKeywordMain.groovy:20)
	... 19 more]]></system-err>
      </testcase>
      <testcase name="Test Cases/RemoveMember" time="25.305" classname="Test Cases/RemoveMember" status="PASSED">
         <system-out><![CDATA[2021-05-29 01:37:30 - [TEST_CASE][PASSED] - Test Cases/RemoveMember: Test Cases/RemoveMember

2021-05-29 01:37:31 - [TEST_STEP][PASSED] - openBrowser("https://cdnc-group2.herokuapp.com/"): Browser is opened with url: 'https://cdnc-group2.herokuapp.com/'

2021-05-29 01:37:31 - [MESSAGE][WARNING] - A browser is already opened. Closing browser and opening a new one

2021-05-29 01:37:32 - [MESSAGE][INFO] - Starting 'Chrome' driver

2021-05-29 01:37:32 - [MESSAGE][INFO] - Action delay is set to 0 milliseconds

2021-05-29 01:37:39 - [MESSAGE][PASSED] - Browser is opened with url: 'https://cdnc-group2.herokuapp.com/'

2021-05-29 01:37:39 - [TEST_STEP][PASSED] - setText(findTestObject("Login/input_Email"), "ngoctin040999@gmail.com"): Text 'ngoctin040999@gmail.com' is set on object 'Object Repository/Login/input_Email'

2021-05-29 01:37:43 - [MESSAGE][PASSED] - Text 'ngoctin040999@gmail.com' is set on object 'Object Repository/Login/input_Email'

2021-05-29 01:37:43 - [TEST_STEP][PASSED] - setText(findTestObject("Login/input_Password"), "ngoctin1"): Text 'ngoctin1' is set on object 'Object Repository/Login/input_Password'

2021-05-29 01:37:45 - [MESSAGE][PASSED] - Text 'ngoctin1' is set on object 'Object Repository/Login/input_Password'

2021-05-29 01:37:45 - [TEST_STEP][PASSED] - click(findTestObject("Login/button_Sign in")): Object: 'Object Repository/Login/button_Sign in' is clicked on

2021-05-29 01:37:45 - [MESSAGE][PASSED] - Object: 'Object Repository/Login/button_Sign in' is clicked on

2021-05-29 01:37:45 - [TEST_STEP][PASSED] - delay(2): Delayed 2 second(s)

2021-05-29 01:37:47 - [MESSAGE][PASSED] - Delayed 2 second(s)

2021-05-29 01:37:47 - [TEST_STEP][PASSED] - click(findTestObject("UpdatePassword/button_Option")): Object: 'Object Repository/UpdatePassword/button_Option' is clicked on

2021-05-29 01:37:49 - [MESSAGE][PASSED] - Object: 'Object Repository/UpdatePassword/button_Option' is clicked on

2021-05-29 01:37:49 - [TEST_STEP][PASSED] - click(findTestObject("Update Member Role/button_Manage Members")): Object: 'Object Repository/Update Member Role/button_Manage Members' is clicked on

2021-05-29 01:37:50 - [MESSAGE][PASSED] - Object: 'Object Repository/Update Member Role/button_Manage Members' is clicked on

2021-05-29 01:37:50 - [TEST_STEP][PASSED] - click(findTestObject("Update Member Role/button_Member")): Object: 'Object Repository/Update Member Role/button_Member' is clicked on

2021-05-29 01:37:51 - [MESSAGE][PASSED] - Object: 'Object Repository/Update Member Role/button_Member' is clicked on

2021-05-29 01:37:51 - [TEST_STEP][PASSED] - click(findTestObject("Remove Member/button_Remove from Team")): Object: 'Object Repository/Remove Member/button_Remove from Team' is clicked on

2021-05-29 01:37:52 - [MESSAGE][PASSED] - Object: 'Object Repository/Remove Member/button_Remove from Team' is clicked on

2021-05-29 01:37:52 - [TEST_STEP][PASSED] - delay(2): Delayed 2 second(s)

2021-05-29 01:37:54 - [MESSAGE][PASSED] - Delayed 2 second(s)

2021-05-29 01:37:54 - [TEST_STEP][PASSED] - closeBrowser(): Browser is closed

2021-05-29 01:37:55 - [MESSAGE][PASSED] - Browser is closed]]></system-out>
         <system-err><![CDATA[]]></system-err>
      </testcase>
      <testcase name="Test Cases/ChangePassword" time="26.023" classname="Test Cases/ChangePassword" status="PASSED">
         <system-out><![CDATA[2021-05-29 01:37:55 - [TEST_CASE][PASSED] - Test Cases/ChangePassword: Test Cases/ChangePassword

2021-05-29 01:37:56 - [TEST_STEP][PASSED] - openBrowser("https://cdnc-group2.herokuapp.com/"): Browser is opened with url: 'https://cdnc-group2.herokuapp.com/'

2021-05-29 01:37:56 - [MESSAGE][INFO] - Starting 'Chrome' driver

2021-05-29 01:37:56 - [MESSAGE][INFO] - Action delay is set to 0 milliseconds

2021-05-29 01:38:03 - [MESSAGE][PASSED] - Browser is opened with url: 'https://cdnc-group2.herokuapp.com/'

2021-05-29 01:38:03 - [TEST_STEP][PASSED] - setText(findTestObject("Login/input_Email"), "ngoctin040999@gmail.com"): Text 'ngoctin040999@gmail.com' is set on object 'Object Repository/Login/input_Email'

2021-05-29 01:38:07 - [MESSAGE][PASSED] - Text 'ngoctin040999@gmail.com' is set on object 'Object Repository/Login/input_Email'

2021-05-29 01:38:07 - [TEST_STEP][PASSED] - setText(findTestObject("Login/input_Password"), "ngoctin1"): Text 'ngoctin1' is set on object 'Object Repository/Login/input_Password'

2021-05-29 01:38:08 - [MESSAGE][PASSED] - Text 'ngoctin1' is set on object 'Object Repository/Login/input_Password'

2021-05-29 01:38:08 - [TEST_STEP][PASSED] - click(findTestObject("Login/button_Sign in")): Object: 'Object Repository/Login/button_Sign in' is clicked on

2021-05-29 01:38:09 - [MESSAGE][PASSED] - Object: 'Object Repository/Login/button_Sign in' is clicked on

2021-05-29 01:38:09 - [TEST_STEP][PASSED] - delay(2): Delayed 2 second(s)

2021-05-29 01:38:11 - [MESSAGE][PASSED] - Delayed 2 second(s)

2021-05-29 01:38:11 - [TEST_STEP][PASSED] - click(findTestObject("UpdatePassword/button_Option")): Object: 'Object Repository/UpdatePassword/button_Option' is clicked on

2021-05-29 01:38:12 - [MESSAGE][PASSED] - Object: 'Object Repository/UpdatePassword/button_Option' is clicked on

2021-05-29 01:38:12 - [TEST_STEP][PASSED] - click(findTestObject("UpdatePassword/button_Account Settings")): Object: 'Object Repository/UpdatePassword/button_Account Settings' is clicked on

2021-05-29 01:38:13 - [MESSAGE][PASSED] - Object: 'Object Repository/UpdatePassword/button_Account Settings' is clicked on

2021-05-29 01:38:13 - [TEST_STEP][PASSED] - click(findTestObject("UpdatePassword/button_Security")): Object: 'Object Repository/UpdatePassword/button_Security' is clicked on

2021-05-29 01:38:14 - [MESSAGE][PASSED] - Object: 'Object Repository/UpdatePassword/button_Security' is clicked on

2021-05-29 01:38:14 - [TEST_STEP][PASSED] - click(findTestObject("UpdatePassword/button_Edit")): Object: 'Object Repository/UpdatePassword/button_Edit' is clicked on

2021-05-29 01:38:14 - [MESSAGE][PASSED] - Object: 'Object Repository/UpdatePassword/button_Edit' is clicked on

2021-05-29 01:38:14 - [TEST_STEP][PASSED] - setText(findTestObject("UpdatePassword/input_Current Password_currentPassword"), "ngoctin1"): Text 'ngoctin1' is set on object 'Object Repository/UpdatePassword/input_Current Password_currentPassword'

2021-05-29 01:38:15 - [MESSAGE][PASSED] - Text 'ngoctin1' is set on object 'Object Repository/UpdatePassword/input_Current Password_currentPassword'

2021-05-29 01:38:15 - [TEST_STEP][PASSED] - setText(findTestObject("UpdatePassword/input_New Password_newPassword"), "ngoctin2"): Text 'ngoctin2' is set on object 'Object Repository/UpdatePassword/input_New Password_newPassword'

2021-05-29 01:38:16 - [MESSAGE][PASSED] - Text 'ngoctin2' is set on object 'Object Repository/UpdatePassword/input_New Password_newPassword'

2021-05-29 01:38:16 - [TEST_STEP][PASSED] - setText(findTestObject("UpdatePassword/input_Retype New Password_confirmPassword"), "ngoctin2"): Text 'ngoctin2' is set on object 'Object Repository/UpdatePassword/input_Retype New Password_confirmPassword'

2021-05-29 01:38:17 - [MESSAGE][PASSED] - Text 'ngoctin2' is set on object 'Object Repository/UpdatePassword/input_Retype New Password_confirmPassword'

2021-05-29 01:38:17 - [TEST_STEP][PASSED] - click(findTestObject("UpdatePassword/button_Save")): Object: 'Object Repository/UpdatePassword/button_Save' is clicked on

2021-05-29 01:38:17 - [MESSAGE][PASSED] - Object: 'Object Repository/UpdatePassword/button_Save' is clicked on

2021-05-29 01:38:17 - [TEST_STEP][PASSED] - delay(2): Delayed 2 second(s)

2021-05-29 01:38:19 - [MESSAGE][PASSED] - Delayed 2 second(s)

2021-05-29 01:38:19 - [TEST_STEP][PASSED] - verifyElementText(findTestObject("UpdatePassword/h4_Password"), "Password"): Actual text and expected text of test object 'Object Repository/UpdatePassword/h4_Password' are matched.

2021-05-29 01:38:20 - [MESSAGE][PASSED] - Actual text and expected text of test object 'Object Repository/UpdatePassword/h4_Password' are matched.

2021-05-29 01:38:20 - [TEST_STEP][PASSED] - closeBrowser(): Browser is closed

2021-05-29 01:38:21 - [MESSAGE][PASSED] - Browser is closed]]></system-out>
         <system-err><![CDATA[]]></system-err>
      </testcase>
      <system-out><![CDATA[2021-05-29 00:51:25 - [TEST_SUITE][FAILED] - Run all test cases: Test Cases/DeleteMessage FAILED.
Reason:
com.kms.katalon.core.exception.StepFailedException: Unable to verify object 'Object Repository/DeleteMessage_OR/Page_Test 77777 - TOKEN_UPDATED Mattermost/span_Confirm Post Delete' is present
	at com.kms.katalon.core.webui.keyword.internal.WebUIKeywordMain.stepFailed(WebUIKeywordMain.groovy:64)
	at com.kms.katalon.core.webui.keyword.internal.WebUIKeywordMain.runKeyword(WebUIKeywordMain.groovy:26)
	at com.kms.katalon.core.webui.keyword.builtin.VerifyElementPresentKeyword.verifyElementPresent(VerifyElementPresentKeyword.groovy:92)
	at com.kms.katalon.core.webui.keyword.builtin.VerifyElementPresentKeyword.execute(VerifyElementPresentKeyword.groovy:68)
	at com.kms.katalon.core.keyword.internal.KeywordExecutor.executeKeywordForPlatform(KeywordExecutor.groovy:73)
	at com.kms.katalon.core.webui.keyword.WebUiBuiltInKeywords.verifyElementPresent(WebUiBuiltInKeywords.groovy:1463)
	at com.kms.katalon.core.webui.keyword.WebUiBuiltInKeywords$verifyElementPresent$6.call(Unknown Source)
	at DeleteMessage.run(DeleteMessage:48)
	at com.kms.katalon.core.main.ScriptEngine.run(ScriptEngine.java:194)
	at com.kms.katalon.core.main.ScriptEngine.runScriptAsRawText(ScriptEngine.java:119)
	at com.kms.katalon.core.main.TestCaseExecutor.runScript(TestCaseExecutor.java:398)
	at com.kms.katalon.core.main.TestCaseExecutor.doExecute(TestCaseExecutor.java:389)
	at com.kms.katalon.core.main.TestCaseExecutor.processExecutionPhase(TestCaseExecutor.java:368)
	at com.kms.katalon.core.main.TestCaseExecutor.accessMainPhase(TestCaseExecutor.java:360)
	at com.kms.katalon.core.main.TestCaseExecutor.execute(TestCaseExecutor.java:255)
	at com.kms.katalon.core.main.TestSuiteExecutor.accessTestCaseMainPhase(TestSuiteExecutor.java:203)
	at com.kms.katalon.core.main.TestSuiteExecutor.accessTestSuiteMainPhase(TestSuiteExecutor.java:152)
	at com.kms.katalon.core.main.TestSuiteExecutor.execute(TestSuiteExecutor.java:95)
	at com.kms.katalon.core.main.TestCaseMain.startTestSuite(TestCaseMain.java:157)
	at com.kms.katalon.core.main.TestCaseMain$startTestSuite$0.call(Unknown Source)
	at TempTestSuite1622224263190.run(TempTestSuite1622224263190.groovy:39)
Caused by: com.kms.katalon.core.exception.StepFailedException: com.kms.katalon.core.webui.exception.WebElementNotFoundException: Web element with id: 'Object Repository/DeleteMessage_OR/Page_Test 77777 - TOKEN_UPDATED Mattermost/span_Confirm Post Delete' located by '//h1[@id='deletePostModalLabel']/span' not found
	at com.kms.katalon.core.webui.keyword.internal.WebUIKeywordMain.stepFailed(WebUIKeywordMain.groovy:64)
	at com.kms.katalon.core.webui.keyword.builtin.VerifyElementPresentKeyword$_verifyElementPresent_closure1.doCall(VerifyElementPresentKeyword.groovy:85)
	at com.kms.katalon.core.webui.keyword.builtin.VerifyElementPresentKeyword$_verifyElementPresent_closure1.call(VerifyElementPresentKeyword.groovy)
	at com.kms.katalon.core.webui.keyword.internal.WebUIKeywordMain.runKeyword(WebUIKeywordMain.groovy:20)
	... 19 more]]></system-out>
      <system-err><![CDATA[2021-05-29 00:51:25 - [TEST_SUITE][FAILED] - Run all test cases: Test Cases/DeleteMessage FAILED.
Reason:
com.kms.katalon.core.exception.StepFailedException: Unable to verify object 'Object Repository/DeleteMessage_OR/Page_Test 77777 - TOKEN_UPDATED Mattermost/span_Confirm Post Delete' is present
	at com.kms.katalon.core.webui.keyword.internal.WebUIKeywordMain.stepFailed(WebUIKeywordMain.groovy:64)
	at com.kms.katalon.core.webui.keyword.internal.WebUIKeywordMain.runKeyword(WebUIKeywordMain.groovy:26)
	at com.kms.katalon.core.webui.keyword.builtin.VerifyElementPresentKeyword.verifyElementPresent(VerifyElementPresentKeyword.groovy:92)
	at com.kms.katalon.core.webui.keyword.builtin.VerifyElementPresentKeyword.execute(VerifyElementPresentKeyword.groovy:68)
	at com.kms.katalon.core.keyword.internal.KeywordExecutor.executeKeywordForPlatform(KeywordExecutor.groovy:73)
	at com.kms.katalon.core.webui.keyword.WebUiBuiltInKeywords.verifyElementPresent(WebUiBuiltInKeywords.groovy:1463)
	at com.kms.katalon.core.webui.keyword.WebUiBuiltInKeywords$verifyElementPresent$6.call(Unknown Source)
	at DeleteMessage.run(DeleteMessage:48)
	at com.kms.katalon.core.main.ScriptEngine.run(ScriptEngine.java:194)
	at com.kms.katalon.core.main.ScriptEngine.runScriptAsRawText(ScriptEngine.java:119)
	at com.kms.katalon.core.main.TestCaseExecutor.runScript(TestCaseExecutor.java:398)
	at com.kms.katalon.core.main.TestCaseExecutor.doExecute(TestCaseExecutor.java:389)
	at com.kms.katalon.core.main.TestCaseExecutor.processExecutionPhase(TestCaseExecutor.java:368)
	at com.kms.katalon.core.main.TestCaseExecutor.accessMainPhase(TestCaseExecutor.java:360)
	at com.kms.katalon.core.main.TestCaseExecutor.execute(TestCaseExecutor.java:255)
	at com.kms.katalon.core.main.TestSuiteExecutor.accessTestCaseMainPhase(TestSuiteExecutor.java:203)
	at com.kms.katalon.core.main.TestSuiteExecutor.accessTestSuiteMainPhase(TestSuiteExecutor.java:152)
	at com.kms.katalon.core.main.TestSuiteExecutor.execute(TestSuiteExecutor.java:95)
	at com.kms.katalon.core.main.TestCaseMain.startTestSuite(TestCaseMain.java:157)
	at com.kms.katalon.core.main.TestCaseMain$startTestSuite$0.call(Unknown Source)
	at TempTestSuite1622224263190.run(TempTestSuite1622224263190.groovy:39)
Caused by: com.kms.katalon.core.exception.StepFailedException: com.kms.katalon.core.webui.exception.WebElementNotFoundException: Web element with id: 'Object Repository/DeleteMessage_OR/Page_Test 77777 - TOKEN_UPDATED Mattermost/span_Confirm Post Delete' located by '//h1[@id='deletePostModalLabel']/span' not found
	at com.kms.katalon.core.webui.keyword.internal.WebUIKeywordMain.stepFailed(WebUIKeywordMain.groovy:64)
	at com.kms.katalon.core.webui.keyword.builtin.VerifyElementPresentKeyword$_verifyElementPresent_closure1.doCall(VerifyElementPresentKeyword.groovy:85)
	at com.kms.katalon.core.webui.keyword.builtin.VerifyElementPresentKeyword$_verifyElementPresent_closure1.call(VerifyElementPresentKeyword.groovy)
	at com.kms.katalon.core.webui.keyword.internal.WebUIKeywordMain.runKeyword(WebUIKeywordMain.groovy:20)
	... 19 more]]></system-err>
   </testsuite>
</testsuites>
